#
# A fatal error has been detected by the Java Runtime Environment:
#
#  Internal Error (compile.hpp:420), pid=14517, tid=140723455448832
#  Error: ShouldNotReachHere()
#
# JRE version: Java(TM) SE Runtime Environment (7.0_40-b29) (build 1.7.0_40-ea-b29)
# Java VM: Java HotSpot(TM) 64-Bit Server VM (24.0-b48 mixed mode linux-amd64 compressed oops)
# Failed to write core dump. Core dumps have been disabled. To enable core dumping, try "ulimit -c unlimited" before starting Java again
#
# If you would like to submit a bug report, please visit:
#   http://bugreport.sun.com/bugreport/crash.jsp
#

---------------  T H R E A D  ---------------

Current thread (0x00007ffccc092000):  JavaThread "C2 CompilerThread0" daemon [_thread_in_native, id=14527, stack(0x00007ffcbb82d000,0x00007ffcbb92e000)]

Stack: [0x00007ffcbb82d000,0x00007ffcbb92e000],  sp=0x00007ffcbb92ac00,  free space=1015k
Native frames: (J=compiled Java code, j=interpreted, Vv=VM code, C=native code)
V  [libjvm.so+0x98a93a]  VMError::report_and_die()+0x2ea
V  [libjvm.so+0x494c92]  report_should_not_reach_here(char const*, int)+0x52
V  [libjvm.so+0x3b5975]  Compile::print_inlining_insert(CallGenerator*)+0x145
V  [libjvm.so+0x3b449c]  LateInlineCallGenerator::do_late_inline()+0x42c
V  [libjvm.so+0x444157]  Compile::inline_string_calls(bool)+0x267
V  [libjvm.so+0x44641a]  Compile::Compile(ciEnv*, C2Compiler*, ciMethod*, int, bool, bool)+0x15aa
V  [libjvm.so+0x3b16d6]  C2Compiler::compile_method(ciEnv*, ciMethod*, int)+0x176
V  [libjvm.so+0x44d84e]  CompileBroker::invoke_compiler_on_method(CompileTask*)+0x33e
V  [libjvm.so+0x44e61d]  CompileBroker::compiler_thread_loop()+0x43d
V  [libjvm.so+0x944a1f]  JavaThread::thread_main_inner()+0xdf
V  [libjvm.so+0x944b25]  JavaThread::run()+0xf5
V  [libjvm.so+0x80d6a8]  java_start(Thread*)+0x108


Current CompileTask:
C2:    948  111             sun.reflect.generics.parser.SignatureParser::parseIdentifier (115 bytes)


---------------  P R O C E S S  ---------------

Java Threads: ( => current thread )
  0x00007ffccc0e8000 JavaThread "Monitor Ctrl-Break" daemon [_thread_in_native, id=14531, stack(0x00007ffcbb227000,0x00007ffcbb328000)]
  0x00007ffccc097800 JavaThread "Service Thread" daemon [_thread_blocked, id=14529, stack(0x00007ffcbb62b000,0x00007ffcbb72c000)]
  0x00007ffccc095000 JavaThread "C2 CompilerThread1" daemon [_thread_blocked, id=14528, stack(0x00007ffcbb72c000,0x00007ffcbb82d000)]
=>0x00007ffccc092000 JavaThread "C2 CompilerThread0" daemon [_thread_in_native, id=14527, stack(0x00007ffcbb82d000,0x00007ffcbb92e000)]
  0x00007ffccc088000 JavaThread "Signal Dispatcher" daemon [_thread_blocked, id=14526, stack(0x00007ffcbb92e000,0x00007ffcbba2f000)]
  0x00007ffccc071000 JavaThread "Finalizer" daemon [_thread_blocked, id=14525, stack(0x00007ffcbbcfd000,0x00007ffcbbdfe000)]
  0x00007ffccc06f000 JavaThread "Reference Handler" daemon [_thread_blocked, id=14524, stack(0x00007ffcbbdfe000,0x00007ffcbbeff000)]
  0x00007ffccc00d000 JavaThread "main" [_thread_in_Java, id=14518, stack(0x00007ffcd3ee6000,0x00007ffcd3fe7000)]

Other Threads:
  0x00007ffccc06c800 VMThread [stack: 0x00007ffcbbeff000,0x00007ffcbc000000] [id=14523]
  0x00007ffccc0a2800 WatcherThread [stack: 0x00007ffcbb52a000,0x00007ffcbb62b000] [id=14530]

VM state:not at safepoint (normal execution)

VM Mutex/Monitor currently owned by a thread: None

Heap
 PSYoungGen      total 37376K, used 22233K [0x00000007d6a00000, 0x00000007db300000, 0x0000000800000000)
  eden space 32256K, 58% used [0x00000007d6a00000,0x00000007d7c79880,0x00000007d8980000)
  from space 5120K, 64% used [0x00000007d8980000,0x00000007d8cbcb98,0x00000007d8e80000)
  to   space 5120K, 0% used [0x00000007dae00000,0x00000007dae00000,0x00000007db300000)
 ParOldGen       total 84480K, used 0K [0x0000000783e00000, 0x0000000789080000, 0x00000007d6a00000)
  object space 84480K, 0% used [0x0000000783e00000,0x0000000783e00000,0x0000000789080000)
 PSPermGen       total 21504K, used 10213K [0x000000077ec00000, 0x0000000780100000, 0x0000000783e00000)
  object space 21504K, 47% used [0x000000077ec00000,0x000000077f5f9788,0x0000000780100000)

Card table byte_map: [0x00007ffcd0de5000,0x00007ffcd11f0000] byte_map_base: 0x00007ffccd1ef000

Polling page: 0x00007ffcd4008000

Code Cache  [0x00007ffcc9000000, 0x00007ffcc9270000, 0x00007ffccc000000)
 total_blobs=585 nmethods=110 adapters=428 free_code_cache=47536Kb largest_free_block=48650048

Compilation events (10 events):
Event: 0,937 Thread 0x00007ffccc092000  107             java.util.ArrayList::add (29 bytes)
Event: 0,941 Thread 0x00007ffccc092000 nmethod 107 0x00007ffcc9198050 code [0x00007ffcc91981c0, 0x00007ffcc9198508]
Event: 0,941 Thread 0x00007ffccc092000  108             java.lang.Character::isWhitespace (5 bytes)
Event: 0,942 Thread 0x00007ffccc092000 nmethod 108 0x00007ffcc9197d50 code [0x00007ffcc9197ea0, 0x00007ffcc9197f38]
Event: 0,942 Thread 0x00007ffccc092000  109             java.lang.Character::isWhitespace (9 bytes)
Event: 0,943 Thread 0x00007ffccc092000 nmethod 109 0x00007ffcc9197910 code [0x00007ffcc9197a60, 0x00007ffcc9197b98]
Event: 0,943 Thread 0x00007ffccc092000  110             java.lang.CharacterDataLatin1::isWhitespace (23 bytes)
Event: 0,943 Thread 0x00007ffccc092000 nmethod 110 0x00007ffcc9197690 code [0x00007ffcc91977c0, 0x00007ffcc9197858]
Event: 0,943 Thread 0x00007ffccc092000  111             sun.reflect.generics.parser.SignatureParser::parseIdentifier (115 bytes)
Event: 0,944 Thread 0x00007ffccc095000 nmethod 105 0x00007ffcc9197090 code [0x00007ffcc91971e0, 0x00007ffcc9197448]

GC Heap History (2 events):
Event: 0,688 GC heap before
{Heap before GC invocations=1 (full 0):
 PSYoungGen      total 37376K, used 32256K [0x00000007d6a00000, 0x00000007d9380000, 0x0000000800000000)
  eden space 32256K, 100% used [0x00000007d6a00000,0x00000007d8980000,0x00000007d8980000)
  from space 5120K, 0% used [0x00000007d8e80000,0x00000007d8e80000,0x00000007d9380000)
  to   space 5120K, 0% used [0x00000007d8980000,0x00000007d8980000,0x00000007d8e80000)
 ParOldGen       total 84480K, used 0K [0x0000000783e00000, 0x0000000789080000, 0x00000007d6a00000)
  object space 84480K, 0% used [0x0000000783e00000,0x0000000783e00000,0x0000000789080000)
 PSPermGen       total 21504K, used 8439K [0x000000077ec00000, 0x0000000780100000, 0x0000000783e00000)
  object space 21504K, 39% used [0x000000077ec00000,0x000000077f43ded0,0x0000000780100000)
Event: 0,695 GC heap after
Heap after GC invocations=1 (full 0):
 PSYoungGen      total 37376K, used 3314K [0x00000007d6a00000, 0x00000007db300000, 0x0000000800000000)
  eden space 32256K, 0% used [0x00000007d6a00000,0x00000007d6a00000,0x00000007d8980000)
  from space 5120K, 64% used [0x00000007d8980000,0x00000007d8cbcb98,0x00000007d8e80000)
  to   space 5120K, 0% used [0x00000007dae00000,0x00000007dae00000,0x00000007db300000)
 ParOldGen       total 84480K, used 0K [0x0000000783e00000, 0x0000000789080000, 0x00000007d6a00000)
  object space 84480K, 0% used [0x0000000783e00000,0x0000000783e00000,0x0000000789080000)
 PSPermGen       total 21504K, used 8439K [0x000000077ec00000, 0x0000000780100000, 0x0000000783e00000)
  object space 21504K, 39% used [0x000000077ec00000,0x000000077f43ded0,0x0000000780100000)
}

Deoptimization events (5 events):
Event: 0,581 Thread 0x00007ffccc00d000 Uncommon trap: reason=class_check action=maybe_recompile pc=0x00007ffcc9074960 method=org.codehaus.groovy.util.ManagedReference.get()Ljava/lang/Object; @ 4
Event: 0,581 Thread 0x00007ffccc00d000 Uncommon trap: reason=class_check action=maybe_recompile pc=0x00007ffcc9074960 method=org.codehaus.groovy.util.ManagedReference.get()Ljava/lang/Object; @ 4
Event: 0,582 Thread 0x00007ffccc00d000 Uncommon trap: reason=class_check action=maybe_recompile pc=0x00007ffcc9074960 method=org.codehaus.groovy.util.ManagedReference.get()Ljava/lang/Object; @ 4
Event: 0,582 Thread 0x00007ffccc00d000 Uncommon trap: reason=class_check action=maybe_recompile pc=0x00007ffcc9074960 method=org.codehaus.groovy.util.ManagedReference.get()Ljava/lang/Object; @ 4
Event: 0,825 Thread 0x00007ffccc00d000 Uncommon trap: reason=null_check action=make_not_entrant pc=0x00007ffcc9066928 method=java.lang.String.equals(Ljava/lang/Object;)Z @ 8

Internal exceptions (10 events):
Event: 0,923 Thread 0x00007ffccc00d000 Threw 0x00000007d7ad33b0 at /HUDSON/workspace/jdk7u40-2-build-linux-amd64-product/jdk7u40/hotspot/src/share/vm/prims/jvm.cpp:1172
Event: 0,923 Thread 0x00007ffccc00d000 Threw 0x00000007d7ae6490 at /HUDSON/workspace/jdk7u40-2-build-linux-amd64-product/jdk7u40/hotspot/src/share/vm/prims/jvm.cpp:1172
Event: 0,923 Thread 0x00007ffccc00d000 Threw 0x00000007d7ae6f40 at /HUDSON/workspace/jdk7u40-2-build-linux-amd64-product/jdk7u40/hotspot/src/share/vm/prims/jvm.cpp:1172
Event: 0,923 Thread 0x00007ffccc00d000 Threw 0x00000007d7afa020 at /HUDSON/workspace/jdk7u40-2-build-linux-amd64-product/jdk7u40/hotspot/src/share/vm/prims/jvm.cpp:1172
Event: 0,923 Thread 0x00007ffccc00d000 Threw 0x00000007d7afa3f8 at /HUDSON/workspace/jdk7u40-2-build-linux-amd64-product/jdk7u40/hotspot/src/share/vm/classfile/systemDictionary.cpp:185
Event: 0,924 Thread 0x00007ffccc00d000 Threw 0x00000007d7afc6b0 at /HUDSON/workspace/jdk7u40-2-build-linux-amd64-product/jdk7u40/hotspot/src/share/vm/prims/jvm.cpp:1172
Event: 0,924 Thread 0x00007ffccc00d000 Threw 0x00000007d7b0dd18 at /HUDSON/workspace/jdk7u40-2-build-linux-amd64-product/jdk7u40/hotspot/src/share/vm/prims/jvm.cpp:1172
Event: 0,924 Thread 0x00007ffccc00d000 Threw 0x00000007d7b0e768 at /HUDSON/workspace/jdk7u40-2-build-linux-amd64-product/jdk7u40/hotspot/src/share/vm/prims/jvm.cpp:1172
Event: 0,925 Thread 0x00007ffccc00d000 Threw 0x00000007d7b1fdd0 at /HUDSON/workspace/jdk7u40-2-build-linux-amd64-product/jdk7u40/hotspot/src/share/vm/prims/jvm.cpp:1172
Event: 0,925 Thread 0x00007ffccc00d000 Threw 0x00000007d7b20198 at /HUDSON/workspace/jdk7u40-2-build-linux-amd64-product/jdk7u40/hotspot/src/share/vm/classfile/systemDictionary.cpp:185

Events (10 events):
Event: 0,936 loading class 0x00007ffc9c065100
Event: 0,936 loading class 0x00007ffc9c065100 done
Event: 0,936 loading class 0x00007ffc9c064e80
Event: 0,936 loading class 0x00007ffc9c064e80 done
Event: 0,936 loading class 0x00007ffc9c064e40
Event: 0,936 loading class 0x00007ffc9c064e40 done
Event: 0,937 loading class 0x00007ffc9c064f40
Event: 0,937 loading class 0x00007ffc9c064f40 done
Event: 0,937 loading class 0x00007ffc9c064fc0
Event: 0,937 loading class 0x00007ffc9c064fc0 done


Dynamic libraries:
00400000-00401000 r-xp 00000000 08:06 804997                             /opt/jdk1.7.0_40/bin/java
00600000-00601000 rw-p 00000000 08:06 804997                             /opt/jdk1.7.0_40/bin/java
01bbe000-01bdf000 rw-p 00000000 00:00 0                                  [heap]
77ec00000-780100000 rw-p 00000000 00:00 0 
780100000-783e00000 rw-p 00000000 00:00 0 
783e00000-789080000 rw-p 00000000 00:00 0 
789080000-7d6a00000 rw-p 00000000 00:00 0 
7d6a00000-7db300000 rw-p 00000000 00:00 0 
7db300000-800000000 rw-p 00000000 00:00 0 
7ffc88000000-7ffc88021000 rw-p 00000000 00:00 0 
7ffc88021000-7ffc8c000000 ---p 00000000 00:00 0 
7ffc8c000000-7ffc8c021000 rw-p 00000000 00:00 0 
7ffc8c021000-7ffc90000000 ---p 00000000 00:00 0 
7ffc90000000-7ffc9044b000 rw-p 00000000 00:00 0 
7ffc9044b000-7ffc94000000 ---p 00000000 00:00 0 
7ffc94000000-7ffc94021000 rw-p 00000000 00:00 0 
7ffc94021000-7ffc98000000 ---p 00000000 00:00 0 
7ffc98000000-7ffc98021000 rw-p 00000000 00:00 0 
7ffc98021000-7ffc9c000000 ---p 00000000 00:00 0 
7ffc9c000000-7ffc9c3d7000 rw-p 00000000 00:00 0 
7ffc9c3d7000-7ffca0000000 ---p 00000000 00:00 0 
7ffca0000000-7ffca0021000 rw-p 00000000 00:00 0 
7ffca0021000-7ffca4000000 ---p 00000000 00:00 0 
7ffca4000000-7ffca4021000 rw-p 00000000 00:00 0 
7ffca4021000-7ffca8000000 ---p 00000000 00:00 0 
7ffca8000000-7ffca8021000 rw-p 00000000 00:00 0 
7ffca8021000-7ffcac000000 ---p 00000000 00:00 0 
7ffcaff60000-7ffcb4000000 rw-p 00000000 00:00 0 
7ffcb4000000-7ffcb4021000 rw-p 00000000 00:00 0 
7ffcb4021000-7ffcb8000000 ---p 00000000 00:00 0 
7ffcbacde000-7ffcbae48000 rw-p 00000000 00:00 0 
7ffcbae48000-7ffcbae4b000 r--s 00030000 08:07 6161266                    /home/cchampeau/.gradle/caches/artifacts-23/filestore/jline/jline/2.10/jar/c37aa94c22a420c7aba5ec39058c3bcc404dac8e/jline-2.10.jar
7ffcbae4b000-7ffcbae89000 r--s 00308000 08:07 1454780                    /home/cchampeau/DEV/PROJECTS/GITHUB/groovy-core/target/libs/groovy-2.2.0-SNAPSHOT.jar
7ffcbae89000-7ffcbae8b000 r--s 00004000 08:07 5898389                    /home/cchampeau/.gradle/caches/artifacts-15/filestore/org.apache.ant/ant-testutil/1.8.4/jar/7616d6120e54459c4b049af188fe1d867a21419f/ant-testutil-1.8.4.jar
7ffcbae8b000-7ffcbae8c000 r--s 00000000 08:07 6161962                    /home/cchampeau/.gradle/caches/artifacts-23/filestore/jmock/jmock-cglib/1.2.0/jar/e6c89652fe2ff12f4dc53b42dce019643307782c/jmock-cglib-1.2.0.jar
7ffcbae8c000-7ffcbaea1000 r--s 00116000 08:07 6422996                    /home/cchampeau/.gradle/caches/artifacts-23/filestore/org.apache.ivy/ivy/2.3.0/jar/c5ebf1c253ad4959a29f4acfe696ee48cdd9f473/ivy-2.3.0.jar
7ffcbaea1000-7ffcbaea3000 r--s 00008000 08:07 6423005                    /home/cchampeau/.gradle/caches/artifacts-23/filestore/org.ow2.asm/asm-commons/4.0/jar/a839ec6737d2b5ba7d1878e1a596b8f58aa545d9/asm-commons-4.0.jar
7ffcbaea3000-7ffcbaea5000 r--s 00009000 08:07 6164964                    /home/cchampeau/.gradle/caches/artifacts-23/filestore/commons-cli/commons-cli/1.2/jar/2bf96b7aa8b611c177d329452af1dc933e14501c/commons-cli-1.2.jar
7ffcbaea5000-7ffcbaea7000 r--s 00009000 08:07 3282968                    /home/cchampeau/.gradle/caches/artifacts-23/filestore/org.hamcrest/hamcrest-core/1.3/jar/42a25dc3219429f0e5d060061f71acb49bf010a0/hamcrest-core-1.3.jar
7ffcbaea7000-7ffcbaeb0000 r--s 0006d000 08:07 6426602                    /home/cchampeau/.gradle/caches/artifacts-23/filestore/log4j/log4j/1.2.16/bundle/7999a63bfccbc7c247a9aea10d83d4272bd492c6/log4j-1.2.16.jar
7ffcbaeb0000-7ffcbaeb7000 r--s 00041000 08:07 6423104                    /home/cchampeau/.gradle/caches/artifacts-23/filestore/ch.qos.logback/logback-core/0.9.21/jar/7a137df24cce1ee099d1a947d8da8d5ef0b153c5/logback-core-0.9.21.jar
7ffcbaeb7000-7ffcbaebb000 r--s 00028000 08:07 6161965                    /home/cchampeau/.gradle/caches/artifacts-23/filestore/com.thoughtworks.qdox/qdox/1.12.1/jar/f7122f6ab1f64bdf9f5970b0e89bfb355e036897/qdox-1.12.1.jar
7ffcbaebb000-7ffcbaebd000 r--s 00008000 08:07 6423008                    /home/cchampeau/.gradle/caches/artifacts-23/filestore/org.ow2.asm/asm-util/4.0/jar/d7a65f54cda284f9706a750c23d64830bb740c39/asm-util-4.0.jar
7ffcbaebd000-7ffcbaebf000 r--s 00005000 08:07 6423107                    /home/cchampeau/.gradle/caches/artifacts-23/filestore/org.slf4j/slf4j-api/1.6.0/jar/b353147a7d51fcfcd818d8aa6784839783db0915/slf4j-api-1.6.0.jar
7ffcbaebf000-7ffcbaec4000 r--s 00068000 08:07 5768789                    /home/cchampeau/.gradle/caches/artifacts-23/filestore/antlr/antlr/2.7.7/jar/83cd2cd674a217ade95a4bb83a8a14f351f48bd0/antlr-2.7.7.jar
7ffcbaec4000-7ffcbaec6000 r--s 00003000 08:07 6423101                    /home/cchampeau/.gradle/caches/artifacts-23/filestore/org.slf4j/jcl-over-slf4j/1.6.0/jar/53f8752e867ac9c90ab27ea9afd4e84df9abeade/jcl-over-slf4j-1.6.0.jar
7ffcbaec6000-7ffcbaec7000 r--s 00001000 08:07 6161915                    /home/cchampeau/.gradle/caches/artifacts-23/filestore/xmlpull/xmlpull/1.1.3.1/jar/2b8e230d2ab644e4ecaa94db7cdedbc40c805dfa/xmlpull-1.1.3.1.jar
7ffcbaec7000-7ffcbaec8000 r--s 0000e000 08:07 5768786                    /home/cchampeau/.gradle/caches/artifacts-23/filestore/org.codehaus.jsr166-mirror/jsr166y/1.7.0/jar/8547fcb1c29b4f8c745c3f49a536aca58fc30f54/jsr166y-1.7.0.jar
7ffcbaec8000-7ffcbaeca000 r--s 0000a000 08:07 6422631                    /home/cchampeau/.gradle/caches/artifacts-23/filestore/org.ow2.asm/asm/4.0/jar/659add6efc75a4715d738e73f07505246edf4d66/asm-4.0.jar
7ffcbaeca000-7ffcbaece000 r--s 0002a000 08:07 6423098                    /home/cchampeau/.gradle/caches/artifacts-23/filestore/ch.qos.logback/logback-classic/0.9.21/jar/da384365779048caadae965d74721ad207ed5723/logback-classic-0.9.21.jar
7ffcbaece000-7ffcbaecf000 r--s 00004000 08:07 6423002                    /home/cchampeau/.gradle/caches/artifacts-23/filestore/org.ow2.asm/asm-analysis/4.0/jar/1c45d52b6f6c638db13cf3ac12adeb56b254cdd7/asm-analysis-4.0.jar
7ffcbaecf000-7ffcbaed2000 r--s 00015000 08:07 6294012                    /home/cchampeau/.gradle/caches/artifacts-23/filestore/xmlunit/xmlunit/1.3/jar/4ecf4c68036ae37d889cc1744208abbc42704fb2/xmlunit-1.3.jar
7ffcbaed2000-7ffcbaed6000 r--s 00017000 08:07 6161959                    /home/cchampeau/.gradle/caches/artifacts-23/filestore/jmock/jmock/1.2.0/jar/75abbeef5da158e2a9275c0d5203f3c9b28d6bd3/jmock-1.2.0.jar
7ffcbaed6000-7ffcbaedd000 r--s 00049000 08:07 6553698                    /home/cchampeau/.gradle/caches/artifacts-23/filestore/cglib/cglib-nodep/2.1_3/jar/58d3be5953547c0019e5704d6ed4ffda3b0c7c66/cglib-nodep-2.1_3.jar
7ffcbaedd000-7ffcbaee4000 r--s 00000000 08:06 156933                     /usr/lib/x86_64-linux-gnu/gconv/gconv-modules.cache
7ffcbaee4000-7ffcbaf0a000 r--p 00000000 08:06 269792                     /usr/share/locale-langpack/fr/LC_MESSAGES/libc.mo
7ffcbaf0a000-7ffcbaf10000 r--s 00036000 08:07 3282965                    /home/cchampeau/.gradle/caches/artifacts-23/filestore/junit/junit/4.11/jar/4e031bb61df09069aeb2bffb4019e7a5034a4ee0/junit-4.11.jar
7ffcbaf10000-7ffcbaf2d000 r--s 0013b000 08:07 5768780                    /home/cchampeau/.gradle/caches/artifacts-23/filestore/org.codehaus.gpars/gpars/1.0.0/jar/3c163b890382e0ca8ffe22e96fae2dc896af9b1f/gpars-1.0.0.jar
7ffcbaf2d000-7ffcbaf2f000 r--s 00004000 08:07 6422999                    /home/cchampeau/.gradle/caches/artifacts-23/filestore/org.ow2.asm/asm-tree/4.0/jar/67bd266cd17adcee486b76952ece4cc85fe248b8/asm-tree-4.0.jar
7ffcbaf2f000-7ffcbaf32000 r--s 00018000 08:07 5898369                    /home/cchampeau/.gradle/caches/artifacts-15/filestore/org.apache.ant/ant-junit/1.8.4/jar/ad4ccc70fd89c7441d6b87b2140455917dab951d/ant-junit-1.8.4.jar
7ffcbaf32000-7ffcbaf34000 r--s 00015000 08:07 5508584                    /home/cchampeau/.gradle/caches/artifacts-15/filestore/jline/jline/1.0/jar/e8f2d4690059d42a8f0f29195884a72a82ce4bb7/jline-1.0.jar
7ffcbaf34000-7ffcbaf52000 r--s 001bd000 08:07 5508575                    /home/cchampeau/.gradle/caches/artifacts-15/filestore/org.apache.ant/ant/1.8.4/jar/8acff3fb57e74bc062d4675d9dcfaffa0d524972/ant-1.8.4.jar
7ffcbaf52000-7ffcbaf83000 rw-p 00000000 00:00 0 
7ffcbaf83000-7ffcbaf98000 r-xp 00000000 08:06 807930                     /opt/jdk1.7.0_40/jre/lib/amd64/libnet.so
7ffcbaf98000-7ffcbb198000 ---p 00015000 08:06 807930                     /opt/jdk1.7.0_40/jre/lib/amd64/libnet.so
7ffcbb198000-7ffcbb199000 rw-p 00015000 08:06 807930                     /opt/jdk1.7.0_40/jre/lib/amd64/libnet.so
7ffcbb199000-7ffcbb227000 r--s 00dd8000 08:06 808111                     /opt/jdk1.7.0_40/jre/lib/jfxrt.jar
7ffcbb227000-7ffcbb22a000 ---p 00000000 00:00 0 
7ffcbb22a000-7ffcbb328000 rw-p 00000000 00:00 0                          [stack:14531]
7ffcbb328000-7ffcbb329000 r-xp 00000000 08:06 1603096                    /opt/DEV/idea-IU-129.239/bin/libbreakgen64.so
7ffcbb329000-7ffcbb528000 ---p 00001000 08:06 1603096                    /opt/DEV/idea-IU-129.239/bin/libbreakgen64.so
7ffcbb528000-7ffcbb529000 r--p 00000000 08:06 1603096                    /opt/DEV/idea-IU-129.239/bin/libbreakgen64.so
7ffcbb529000-7ffcbb52a000 rw-p 00001000 08:06 1603096                    /opt/DEV/idea-IU-129.239/bin/libbreakgen64.so
7ffcbb52a000-7ffcbb52b000 ---p 00000000 00:00 0 
7ffcbb52b000-7ffcbb62b000 rw-p 00000000 00:00 0                          [stack:14530]
7ffcbb62b000-7ffcbb62e000 ---p 00000000 00:00 0 
7ffcbb62e000-7ffcbb72c000 rw-p 00000000 00:00 0                          [stack:14529]
7ffcbb72c000-7ffcbb72f000 ---p 00000000 00:00 0 
7ffcbb72f000-7ffcbb82d000 rw-p 00000000 00:00 0                          [stack:14528]
7ffcbb82d000-7ffcbb830000 ---p 00000000 00:00 0 
7ffcbb830000-7ffcbb92e000 rw-p 00000000 00:00 0                          [stack:14527]
7ffcbb92e000-7ffcbb931000 ---p 00000000 00:00 0 
7ffcbb931000-7ffcbba2f000 rw-p 00000000 00:00 0                          [stack:14526]
7ffcbba2f000-7ffcbbcfd000 r--p 00000000 08:06 1571905                    /usr/lib/locale/locale-archive
7ffcbbcfd000-7ffcbbd00000 ---p 00000000 00:00 0 
7ffcbbd00000-7ffcbbdfe000 rw-p 00000000 00:00 0                          [stack:14525]
7ffcbbdfe000-7ffcbbe01000 ---p 00000000 00:00 0 
7ffcbbe01000-7ffcbbeff000 rw-p 00000000 00:00 0                          [stack:14524]
7ffcbbeff000-7ffcbbf00000 ---p 00000000 00:00 0 
7ffcbbf00000-7ffcbc000000 rw-p 00000000 00:00 0                          [stack:14523]
7ffcbc000000-7ffcbc021000 rw-p 00000000 00:00 0 
7ffcbc021000-7ffcc0000000 ---p 00000000 00:00 0 
7ffcc0000000-7ffcc0021000 rw-p 00000000 00:00 0 
7ffcc0021000-7ffcc4000000 ---p 00000000 00:00 0 
7ffcc4000000-7ffcc4021000 rw-p 00000000 00:00 0 
7ffcc4021000-7ffcc8000000 ---p 00000000 00:00 0 
7ffcc8000000-7ffcc8001000 r--s 00002000 08:07 5898372                    /home/cchampeau/.gradle/caches/artifacts-15/filestore/org.apache.ant/ant-antlr/1.8.4/jar/df3ac8ffc16e800a3efdc42e90620b76d763b5af/ant-antlr-1.8.4.jar
7ffcc8001000-7ffcc8002000 r--s 00004000 08:07 5508602                    /home/cchampeau/.gradle/caches/artifacts-15/filestore/org.apache.ant/ant-launcher/1.8.4/jar/22f1e0c32a2bfc8edd45520db176bac98cebbbfe/ant-launcher-1.8.4.jar
7ffcc8002000-7ffcc800e000 r--s 0006a000 08:07 5508581                    /home/cchampeau/.gradle/caches/artifacts-15/filestore/com.thoughtworks.xstream/xstream/1.4.2/jar/97e5013f391487cce4de6b0eebcde21549e91872/xstream-1.4.2.jar
7ffcc800e000-7ffcc8018000 r--s 00371000 08:06 806147                     /opt/jdk1.7.0_40/jre/lib/charsets.jar
7ffcc8018000-7ffcc8022000 r--s 00066000 08:06 807992                     /opt/jdk1.7.0_40/jre/lib/javaws.jar
7ffcc8022000-7ffcc9000000 rw-p 00000000 00:00 0 
7ffcc9000000-7ffcc9270000 rwxp 00000000 00:00 0 
7ffcc9270000-7ffcccf70000 rw-p 00000000 00:00 0 
7ffcccf70000-7ffcd0000000 ---p 00000000 00:00 0 
7ffcd0000000-7ffcd0002000 r--s 00019000 08:07 5508587                    /home/cchampeau/.gradle/caches/artifacts-15/filestore/org.fusesource.jansi/jansi/1.6/jar/100c1cd7b6b97f10af26c1443a7a0cd5ae5e92ad/jansi-1.6.jar
7ffcd0002000-7ffcd0006000 r--s 0008a000 08:06 808112                     /opt/jdk1.7.0_40/jre/lib/jsse.jar
7ffcd0006000-7ffcd0019000 r--s 000d3000 08:06 806171                     /opt/jdk1.7.0_40/jre/lib/plugin.jar
7ffcd0019000-7ffcd003a000 rw-p 00000000 00:00 0 
7ffcd003a000-7ffcd01f6000 r--s 039b0000 08:06 808099                     /opt/jdk1.7.0_40/jre/lib/rt.jar
7ffcd01f6000-7ffcd0722000 rw-p 00000000 00:00 0 
7ffcd0722000-7ffcd0723000 ---p 00000000 00:00 0 
7ffcd0723000-7ffcd0823000 rw-p 00000000 00:00 0                          [stack:14522]
7ffcd0823000-7ffcd0824000 ---p 00000000 00:00 0 
7ffcd0824000-7ffcd0924000 rw-p 00000000 00:00 0                          [stack:14521]
7ffcd0924000-7ffcd0925000 ---p 00000000 00:00 0 
7ffcd0925000-7ffcd0a25000 rw-p 00000000 00:00 0                          [stack:14520]
7ffcd0a25000-7ffcd0a26000 ---p 00000000 00:00 0 
7ffcd0a26000-7ffcd0b31000 rw-p 00000000 00:00 0                          [stack:14519]
7ffcd0b31000-7ffcd0b4f000 rw-p 00000000 00:00 0 
7ffcd0b4f000-7ffcd0b79000 rw-p 00000000 00:00 0 
7ffcd0b79000-7ffcd0de5000 rw-p 00000000 00:00 0 
7ffcd0de5000-7ffcd0df0000 rw-p 00000000 00:00 0 
7ffcd0df0000-7ffcd0e0e000 rw-p 00000000 00:00 0 
7ffcd0e0e000-7ffcd0e38000 rw-p 00000000 00:00 0 
7ffcd0e38000-7ffcd10a4000 rw-p 00000000 00:00 0 
7ffcd10a4000-7ffcd10c9000 rw-p 00000000 00:00 0 
7ffcd10c9000-7ffcd11ef000 rw-p 00000000 00:00 0 
7ffcd11ef000-7ffcd11f0000 rw-p 00000000 00:00 0 
7ffcd11f0000-7ffcd120a000 r-xp 00000000 08:06 807984                     /opt/jdk1.7.0_40/jre/lib/amd64/libzip.so
7ffcd120a000-7ffcd140a000 ---p 0001a000 08:06 807984                     /opt/jdk1.7.0_40/jre/lib/amd64/libzip.so
7ffcd140a000-7ffcd140b000 rw-p 0001a000 08:06 807984                     /opt/jdk1.7.0_40/jre/lib/amd64/libzip.so
7ffcd140b000-7ffcd1417000 r-xp 00000000 08:06 1444640                    /lib/x86_64-linux-gnu/libnss_files-2.17.so
7ffcd1417000-7ffcd1616000 ---p 0000c000 08:06 1444640                    /lib/x86_64-linux-gnu/libnss_files-2.17.so
7ffcd1616000-7ffcd1617000 r--p 0000b000 08:06 1444640                    /lib/x86_64-linux-gnu/libnss_files-2.17.so
7ffcd1617000-7ffcd1618000 rw-p 0000c000 08:06 1444640                    /lib/x86_64-linux-gnu/libnss_files-2.17.so
7ffcd1618000-7ffcd1623000 r-xp 00000000 08:06 1444624                    /lib/x86_64-linux-gnu/libnss_nis-2.17.so
7ffcd1623000-7ffcd1822000 ---p 0000b000 08:06 1444624                    /lib/x86_64-linux-gnu/libnss_nis-2.17.so
7ffcd1822000-7ffcd1823000 r--p 0000a000 08:06 1444624                    /lib/x86_64-linux-gnu/libnss_nis-2.17.so
7ffcd1823000-7ffcd1824000 rw-p 0000b000 08:06 1444624                    /lib/x86_64-linux-gnu/libnss_nis-2.17.so
7ffcd1824000-7ffcd183b000 r-xp 00000000 08:06 1442846                    /lib/x86_64-linux-gnu/libnsl-2.17.so
7ffcd183b000-7ffcd1a3a000 ---p 00017000 08:06 1442846                    /lib/x86_64-linux-gnu/libnsl-2.17.so
7ffcd1a3a000-7ffcd1a3b000 r--p 00016000 08:06 1442846                    /lib/x86_64-linux-gnu/libnsl-2.17.so
7ffcd1a3b000-7ffcd1a3c000 rw-p 00017000 08:06 1442846                    /lib/x86_64-linux-gnu/libnsl-2.17.so
7ffcd1a3c000-7ffcd1a3e000 rw-p 00000000 00:00 0 
7ffcd1a3e000-7ffcd1a46000 r-xp 00000000 08:06 1442975                    /lib/x86_64-linux-gnu/libnss_compat-2.17.so
7ffcd1a46000-7ffcd1c45000 ---p 00008000 08:06 1442975                    /lib/x86_64-linux-gnu/libnss_compat-2.17.so
7ffcd1c45000-7ffcd1c46000 r--p 00007000 08:06 1442975                    /lib/x86_64-linux-gnu/libnss_compat-2.17.so
7ffcd1c46000-7ffcd1c47000 rw-p 00008000 08:06 1442975                    /lib/x86_64-linux-gnu/libnss_compat-2.17.so
7ffcd1c47000-7ffcd1c70000 r-xp 00000000 08:06 807967                     /opt/jdk1.7.0_40/jre/lib/amd64/libjava.so
7ffcd1c70000-7ffcd1e70000 ---p 00029000 08:06 807967                     /opt/jdk1.7.0_40/jre/lib/amd64/libjava.so
7ffcd1e70000-7ffcd1e72000 rw-p 00029000 08:06 807967                     /opt/jdk1.7.0_40/jre/lib/amd64/libjava.so
7ffcd1e72000-7ffcd1e7f000 r-xp 00000000 08:06 807929                     /opt/jdk1.7.0_40/jre/lib/amd64/libverify.so
7ffcd1e7f000-7ffcd207e000 ---p 0000d000 08:06 807929                     /opt/jdk1.7.0_40/jre/lib/amd64/libverify.so
7ffcd207e000-7ffcd2080000 rw-p 0000c000 08:06 807929                     /opt/jdk1.7.0_40/jre/lib/amd64/libverify.so
7ffcd2080000-7ffcd2087000 r-xp 00000000 08:06 1442839                    /lib/x86_64-linux-gnu/librt-2.17.so
7ffcd2087000-7ffcd2286000 ---p 00007000 08:06 1442839                    /lib/x86_64-linux-gnu/librt-2.17.so
7ffcd2286000-7ffcd2287000 r--p 00006000 08:06 1442839                    /lib/x86_64-linux-gnu/librt-2.17.so
7ffcd2287000-7ffcd2288000 rw-p 00007000 08:06 1442839                    /lib/x86_64-linux-gnu/librt-2.17.so
7ffcd2288000-7ffcd238b000 r-xp 00000000 08:06 1444615                    /lib/x86_64-linux-gnu/libm-2.17.so
7ffcd238b000-7ffcd258b000 ---p 00103000 08:06 1444615                    /lib/x86_64-linux-gnu/libm-2.17.so
7ffcd258b000-7ffcd258c000 r--p 00103000 08:06 1444615                    /lib/x86_64-linux-gnu/libm-2.17.so
7ffcd258c000-7ffcd258d000 rw-p 00104000 08:06 1444615                    /lib/x86_64-linux-gnu/libm-2.17.so
7ffcd258d000-7ffcd30e6000 r-xp 00000000 08:06 807943                     /opt/jdk1.7.0_40/jre/lib/amd64/server/libjvm.so
7ffcd30e6000-7ffcd32e5000 ---p 00b59000 08:06 807943                     /opt/jdk1.7.0_40/jre/lib/amd64/server/libjvm.so
7ffcd32e5000-7ffcd33a9000 rw-p 00b58000 08:06 807943                     /opt/jdk1.7.0_40/jre/lib/amd64/server/libjvm.so
7ffcd33a9000-7ffcd33e9000 rw-p 00000000 00:00 0 
7ffcd33e9000-7ffcd35a7000 r-xp 00000000 08:06 1442930                    /lib/x86_64-linux-gnu/libc-2.17.so
7ffcd35a7000-7ffcd37a6000 ---p 001be000 08:06 1442930                    /lib/x86_64-linux-gnu/libc-2.17.so
7ffcd37a6000-7ffcd37aa000 r--p 001bd000 08:06 1442930                    /lib/x86_64-linux-gnu/libc-2.17.so
7ffcd37aa000-7ffcd37ac000 rw-p 001c1000 08:06 1442930                    /lib/x86_64-linux-gnu/libc-2.17.so
7ffcd37ac000-7ffcd37b1000 rw-p 00000000 00:00 0 
7ffcd37b1000-7ffcd37b4000 r-xp 00000000 08:06 1442957                    /lib/x86_64-linux-gnu/libdl-2.17.so
7ffcd37b4000-7ffcd39b3000 ---p 00003000 08:06 1442957                    /lib/x86_64-linux-gnu/libdl-2.17.so
7ffcd39b3000-7ffcd39b4000 r--p 00002000 08:06 1442957                    /lib/x86_64-linux-gnu/libdl-2.17.so
7ffcd39b4000-7ffcd39b5000 rw-p 00003000 08:06 1442957                    /lib/x86_64-linux-gnu/libdl-2.17.so
7ffcd39b5000-7ffcd39cb000 r-xp 00000000 08:06 807958                     /opt/jdk1.7.0_40/jre/lib/amd64/jli/libjli.so
7ffcd39cb000-7ffcd3bcb000 ---p 00016000 08:06 807958                     /opt/jdk1.7.0_40/jre/lib/amd64/jli/libjli.so
7ffcd3bcb000-7ffcd3bcc000 rw-p 00016000 08:06 807958                     /opt/jdk1.7.0_40/jre/lib/amd64/jli/libjli.so
7ffcd3bcc000-7ffcd3be4000 r-xp 00000000 08:06 1444611                    /lib/x86_64-linux-gnu/libpthread-2.17.so
7ffcd3be4000-7ffcd3de3000 ---p 00018000 08:06 1444611                    /lib/x86_64-linux-gnu/libpthread-2.17.so
7ffcd3de3000-7ffcd3de4000 r--p 00017000 08:06 1444611                    /lib/x86_64-linux-gnu/libpthread-2.17.so
7ffcd3de4000-7ffcd3de5000 rw-p 00018000 08:06 1444611                    /lib/x86_64-linux-gnu/libpthread-2.17.so
7ffcd3de5000-7ffcd3de9000 rw-p 00000000 00:00 0 
7ffcd3de9000-7ffcd3e0c000 r-xp 00000000 08:06 1442876                    /lib/x86_64-linux-gnu/ld-2.17.so
7ffcd3e0c000-7ffcd3e0e000 r--s 00019000 08:06 806149                     /opt/jdk1.7.0_40/jre/lib/jce.jar
7ffcd3e0e000-7ffcd3e26000 r--s 001c5000 08:06 806132                     /opt/jdk1.7.0_40/jre/lib/deploy.jar
7ffcd3e26000-7ffcd3e30000 rw-p 00000000 00:00 0 
7ffcd3e30000-7ffcd3ee6000 rw-p 00000000 00:00 0 
7ffcd3ee6000-7ffcd3ee9000 ---p 00000000 00:00 0 
7ffcd3ee9000-7ffcd3feb000 rw-p 00000000 00:00 0                          [stack:14518]
7ffcd3feb000-7ffcd3ff0000 r--s 0007d000 08:06 808101                     /opt/jdk1.7.0_40/jre/lib/jfr.jar
7ffcd3ff0000-7ffcd3ff1000 r--s 00000000 08:06 806167                     /opt/jdk1.7.0_40/jre/lib/management-agent.jar
7ffcd3ff1000-7ffcd3ffa000 r--s 00250000 08:06 808042                     /opt/jdk1.7.0_40/jre/lib/resources.jar
7ffcd3ffa000-7ffcd3ffd000 r--s 0001b000 08:06 1705416                    /opt/DEV/idea-IU-129.239/plugins/junit/lib/junit-rt.jar
7ffcd3ffd000-7ffcd3fff000 r--s 00013000 08:06 1576783                    /opt/DEV/idea-IU-129.239/lib/idea_rt.jar
7ffcd3fff000-7ffcd4007000 rw-s 00000000 08:06 808185                     /tmp/hsperfdata_cchampeau/14517
7ffcd4007000-7ffcd4008000 rw-p 00000000 00:00 0 
7ffcd4008000-7ffcd4009000 r--p 00000000 00:00 0 
7ffcd4009000-7ffcd400b000 rw-p 00000000 00:00 0 
7ffcd400b000-7ffcd400c000 r--p 00022000 08:06 1442876                    /lib/x86_64-linux-gnu/ld-2.17.so
7ffcd400c000-7ffcd400e000 rw-p 00023000 08:06 1442876                    /lib/x86_64-linux-gnu/ld-2.17.so
7fff97274000-7fff97297000 rw-p 00000000 00:00 0                          [stack]
7fff97334000-7fff97336000 r-xp 00000000 00:00 0                          [vdso]
ffffffffff600000-ffffffffff601000 r-xp 00000000 00:00 0                  [vsyscall]

VM Arguments:
jvm_args: -ea -XX:+UnlockDiagnosticVMOptions -XX:+PrintCompilation -XX:+PrintInlining -Didea.launcher.port=7539 -Didea.launcher.bin.path=/opt/DEV/idea-IU-129.239/bin -Dfile.encoding=UTF-8 
java_command: com.intellij.rt.execution.application.AppMain com.intellij.rt.execution.junit.JUnitStarter -ideVersion5 -junit3 groovy.transform.stc.ClosuresSTCTest,testClosureReturnTypeInferrence
Launcher Type: SUN_STANDARD

Environment Variables:
CLASSPATH=/opt/DEV/idea12/bin/../lib/bootstrap.jar:/opt/DEV/idea12/bin/../lib/extensions.jar:/opt/DEV/idea12/bin/../lib/util.jar:/opt/DEV/idea12/bin/../lib/jdom.jar:/opt/DEV/idea12/bin/../lib/log4j.jar:/opt/DEV/idea12/bin/../lib/trove4j.jar:/opt/DEV/idea12/bin/../lib/jna.jar:/usr/lib/jvm/java-7-openjdk-amd64/lib/tools.jar
PATH=/home/cchampeau/bin:/usr/local/sbin:/usr/local/bin:/usr/sbin:/usr/bin:/sbin:/bin:/usr/games:/usr/local/games
USERNAME=cchampeau
LD_LIBRARY_PATH=/opt/DEV/idea12/bin:
SHELL=/bin/bash
DISPLAY=:0.0

Signal Handlers:
SIGSEGV: [libjvm.so+0x98b260], sa_mask[0]=0x7ffbfeff, sa_flags=0x10000004
SIGBUS: [libjvm.so+0x98b260], sa_mask[0]=0x7ffbfeff, sa_flags=0x10000004
SIGFPE: [libjvm.so+0x808990], sa_mask[0]=0x7ffbfeff, sa_flags=0x10000004
SIGPIPE: [libjvm.so+0x808990], sa_mask[0]=0x7ffbfeff, sa_flags=0x10000004
SIGXFSZ: [libjvm.so+0x808990], sa_mask[0]=0x7ffbfeff, sa_flags=0x10000004
SIGILL: [libjvm.so+0x808990], sa_mask[0]=0x7ffbfeff, sa_flags=0x10000004
SIGUSR1: SIG_DFL, sa_mask[0]=0x00000000, sa_flags=0x00000000
SIGUSR2: [libjvm.so+0x809eb0], sa_mask[0]=0x00000004, sa_flags=0x10000004
SIGHUP: [libjvm.so+0x80ae10], sa_mask[0]=0x7ffbfeff, sa_flags=0x10000004
SIGINT: [libjvm.so+0x80ae10], sa_mask[0]=0x7ffbfeff, sa_flags=0x10000004
SIGTERM: [libjvm.so+0x80ae10], sa_mask[0]=0x7ffbfeff, sa_flags=0x10000004
SIGQUIT: [libjvm.so+0x80ae10], sa_mask[0]=0x7ffbfeff, sa_flags=0x10000004


---------------  S Y S T E M  ---------------

OS:wheezy/sid

uname:Linux 3.8.0-22-generic #33-Ubuntu SMP Thu May 16 15:17:14 UTC 2013 x86_64
libc:glibc 2.17 NPTL 2.17 
rlimit: STACK 8192k, CORE 0k, NPROC 63399, NOFILE 4096, AS infinity
load average:0,77 0,63 0,61

/proc/meminfo:
MemTotal:        8134204 kB
MemFree:          467756 kB
Buffers:           99168 kB
Cached:          3540592 kB
SwapCached:        12104 kB
Active:          4376912 kB
Inactive:        2903612 kB
Active(anon):    2735072 kB
Inactive(anon):   944860 kB
Active(file):    1641840 kB
Inactive(file):  1958752 kB
Unevictable:         196 kB
Mlocked:             196 kB
SwapTotal:       3998716 kB
SwapFree:        3929692 kB
Dirty:             68312 kB
Writeback:             0 kB
AnonPages:       3631396 kB
Mapped:           243124 kB
Shmem:             39168 kB
Slab:             202472 kB
SReclaimable:     160152 kB
SUnreclaim:        42320 kB
KernelStack:        5656 kB
PageTables:        56848 kB
NFS_Unstable:          0 kB
Bounce:                0 kB
WritebackTmp:          0 kB
CommitLimit:     8065816 kB
Committed_AS:    7969544 kB
VmallocTotal:   34359738367 kB
VmallocUsed:      118688 kB
VmallocChunk:   34359617020 kB
HardwareCorrupted:     0 kB
AnonHugePages:         0 kB
HugePages_Total:       0
HugePages_Free:        0
HugePages_Rsvd:        0
HugePages_Surp:        0
Hugepagesize:       2048 kB
DirectMap4k:      262144 kB
DirectMap2M:     8085504 kB


CPU:total 4 (2 cores per cpu, 2 threads per core) family 6 model 42 stepping 7, cmov, cx8, fxsr, mmx, sse, sse2, sse3, ssse3, sse4.1, sse4.2, popcnt, avx, aes, ht, tsc, tscinvbit

/proc/cpuinfo:
processor	: 0
vendor_id	: GenuineIntel
cpu family	: 6
model		: 42
model name	: Intel(R) Core(TM) i7-2620M CPU @ 2.70GHz
stepping	: 7
microcode	: 0x23
cpu MHz		: 2701.000
cache size	: 4096 KB
physical id	: 0
siblings	: 4
core id		: 0
cpu cores	: 2
apicid		: 0
initial apicid	: 0
fpu		: yes
fpu_exception	: yes
cpuid level	: 13
wp		: yes
flags		: fpu vme de pse tsc msr pae mce cx8 apic sep mtrr pge mca cmov pat pse36 clflush dts acpi mmx fxsr sse sse2 ss ht tm pbe syscall nx rdtscp lm constant_tsc arch_perfmon pebs bts rep_good nopl xtopology nonstop_tsc aperfmperf eagerfpu pni pclmulqdq dtes64 monitor ds_cpl vmx smx est tm2 ssse3 cx16 xtpr pdcm pcid sse4_1 sse4_2 x2apic popcnt tsc_deadline_timer aes xsave avx lahf_lm ida arat epb xsaveopt pln pts dtherm tpr_shadow vnmi flexpriority ept vpid
bogomips	: 5387.93
clflush size	: 64
cache_alignment	: 64
address sizes	: 36 bits physical, 48 bits virtual
power management:

processor	: 1
vendor_id	: GenuineIntel
cpu family	: 6
model		: 42
model name	: Intel(R) Core(TM) i7-2620M CPU @ 2.70GHz
stepping	: 7
microcode	: 0x23
cpu MHz		: 2701.000
cache size	: 4096 KB
physical id	: 0
siblings	: 4
core id		: 1
cpu cores	: 2
apicid		: 2
initial apicid	: 2
fpu		: yes
fpu_exception	: yes
cpuid level	: 13
wp		: yes
flags		: fpu vme de pse tsc msr pae mce cx8 apic sep mtrr pge mca cmov pat pse36 clflush dts acpi mmx fxsr sse sse2 ss ht tm pbe syscall nx rdtscp lm constant_tsc arch_perfmon pebs bts rep_good nopl xtopology nonstop_tsc aperfmperf eagerfpu pni pclmulqdq dtes64 monitor ds_cpl vmx smx est tm2 ssse3 cx16 xtpr pdcm pcid sse4_1 sse4_2 x2apic popcnt tsc_deadline_timer aes xsave avx lahf_lm ida arat epb xsaveopt pln pts dtherm tpr_shadow vnmi flexpriority ept vpid
bogomips	: 5387.93
clflush size	: 64
cache_alignment	: 64
address sizes	: 36 bits physical, 48 bits virtual
power management:

processor	: 2
vendor_id	: GenuineIntel
cpu family	: 6
model		: 42
model name	: Intel(R) Core(TM) i7-2620M CPU @ 2.70GHz
stepping	: 7
microcode	: 0x23
cpu MHz		: 2701.000
cache size	: 4096 KB
physical id	: 0
siblings	: 4
core id		: 0
cpu cores	: 2
apicid		: 1
initial apicid	: 1
fpu		: yes
fpu_exception	: yes
cpuid level	: 13
wp		: yes
flags		: fpu vme de pse tsc msr pae mce cx8 apic sep mtrr pge mca cmov pat pse36 clflush dts acpi mmx fxsr sse sse2 ss ht tm pbe syscall nx rdtscp lm constant_tsc arch_perfmon pebs bts rep_good nopl xtopology nonstop_tsc aperfmperf eagerfpu pni pclmulqdq dtes64 monitor ds_cpl vmx smx est tm2 ssse3 cx16 xtpr pdcm pcid sse4_1 sse4_2 x2apic popcnt tsc_deadline_timer aes xsave avx lahf_lm ida arat epb xsaveopt pln pts dtherm tpr_shadow vnmi flexpriority ept vpid
bogomips	: 5387.93
clflush size	: 64
cache_alignment	: 64
address sizes	: 36 bits physical, 48 bits virtual
power management:

processor	: 3
vendor_id	: GenuineIntel
cpu family	: 6
model		: 42
model name	: Intel(R) Core(TM) i7-2620M CPU @ 2.70GHz
stepping	: 7
microcode	: 0x23
cpu MHz		: 2701.000
cache size	: 4096 KB
physical id	: 0
siblings	: 4
core id		: 1
cpu cores	: 2
apicid		: 3
initial apicid	: 3
fpu		: yes
fpu_exception	: yes
cpuid level	: 13
wp		: yes
flags		: fpu vme de pse tsc msr pae mce cx8 apic sep mtrr pge mca cmov pat pse36 clflush dts acpi mmx fxsr sse sse2 ss ht tm pbe syscall nx rdtscp lm constant_tsc arch_perfmon pebs bts rep_good nopl xtopology nonstop_tsc aperfmperf eagerfpu pni pclmulqdq dtes64 monitor ds_cpl vmx smx est tm2 ssse3 cx16 xtpr pdcm pcid sse4_1 sse4_2 x2apic popcnt tsc_deadline_timer aes xsave avx lahf_lm ida arat epb xsaveopt pln pts dtherm tpr_shadow vnmi flexpriority ept vpid
bogomips	: 5387.93
clflush size	: 64
cache_alignment	: 64
address sizes	: 36 bits physical, 48 bits virtual
power management:



Memory: 4k page, physical 8134204k(467756k free), swap 3998716k(3929692k free)

vm_info: Java HotSpot(TM) 64-Bit Server VM (24.0-b48) for linux-amd64 JRE (1.7.0_40-ea-b29), built on Jun 13 2013 00:13:13 by "java_re" with gcc 4.3.0 20080428 (Red Hat 4.3.0-8)

time: Tue Jun 18 15:06:24 2013
elapsed time: 0 seconds

