#
# A fatal error has been detected by the Java Runtime Environment:
#
#  Internal Error (compile.hpp:420), pid=18632, tid=140261257897728
#  Error: ShouldNotReachHere()
#
# JRE version: Java(TM) SE Runtime Environment (7.0_40-b29) (build 1.7.0_40-ea-b29)
# Java VM: Java HotSpot(TM) 64-Bit Server VM (24.0-b48 mixed mode linux-amd64 compressed oops)
# Failed to write core dump. Core dumps have been disabled. To enable core dumping, try "ulimit -c unlimited" before starting Java again
#
# If you would like to submit a bug report, please visit:
#   http://bugreport.sun.com/bugreport/crash.jsp
#

---------------  T H R E A D  ---------------

Current thread (0x00007f9130092000):  JavaThread "C2 CompilerThread0" daemon [_thread_in_native, id=18643, stack(0x00007f911e63e000,0x00007f911e73f000)]

Stack: [0x00007f911e63e000,0x00007f911e73f000],  sp=0x00007f911e73be80,  free space=1015k
Native frames: (J=compiled Java code, j=interpreted, Vv=VM code, C=native code)
V  [libjvm.so+0x98a93a]  VMError::report_and_die()+0x2ea
V  [libjvm.so+0x494c92]  report_should_not_reach_here(char const*, int)+0x52
V  [libjvm.so+0x3b5975]  Compile::print_inlining_insert(CallGenerator*)+0x145
V  [libjvm.so+0x3b449c]  LateInlineCallGenerator::do_late_inline()+0x42c
V  [libjvm.so+0x444157]  Compile::inline_string_calls(bool)+0x267
V  [libjvm.so+0x44641a]  Compile::Compile(ciEnv*, C2Compiler*, ciMethod*, int, bool, bool)+0x15aa
V  [libjvm.so+0x3b16d6]  C2Compiler::compile_method(ciEnv*, ciMethod*, int)+0x176
V  [libjvm.so+0x44d84e]  CompileBroker::invoke_compiler_on_method(CompileTask*)+0x33e
V  [libjvm.so+0x44e61d]  CompileBroker::compiler_thread_loop()+0x43d
V  [libjvm.so+0x944a1f]  JavaThread::thread_main_inner()+0xdf
V  [libjvm.so+0x944b25]  JavaThread::run()+0xf5
V  [libjvm.so+0x80d6a8]  java_start(Thread*)+0x108


Current CompileTask:
C2:    958  111             sun.reflect.generics.parser.SignatureParser::parseIdentifier (115 bytes)


---------------  P R O C E S S  ---------------

Java Threads: ( => current thread )
  0x00007f91300e8000 JavaThread "Monitor Ctrl-Break" daemon [_thread_in_native, id=18647, stack(0x00007f911e038000,0x00007f911e139000)]
  0x00007f9130097800 JavaThread "Service Thread" daemon [_thread_blocked, id=18645, stack(0x00007f911e43c000,0x00007f911e53d000)]
  0x00007f9130095000 JavaThread "C2 CompilerThread1" daemon [_thread_blocked, id=18644, stack(0x00007f911e53d000,0x00007f911e63e000)]
=>0x00007f9130092000 JavaThread "C2 CompilerThread0" daemon [_thread_in_native, id=18643, stack(0x00007f911e63e000,0x00007f911e73f000)]
  0x00007f9130088000 JavaThread "Signal Dispatcher" daemon [_thread_blocked, id=18642, stack(0x00007f911e73f000,0x00007f911e840000)]
  0x00007f9130071000 JavaThread "Finalizer" daemon [_thread_blocked, id=18641, stack(0x00007f911eb0e000,0x00007f911ec0f000)]
  0x00007f913006f000 JavaThread "Reference Handler" daemon [_thread_blocked, id=18640, stack(0x00007f911ec0f000,0x00007f911ed10000)]
  0x00007f913000d000 JavaThread "main" [_thread_in_Java, id=18634, stack(0x00007f9136ce2000,0x00007f9136de3000)]

Other Threads:
  0x00007f913006c800 VMThread [stack: 0x00007f911ed10000,0x00007f911ee11000] [id=18639]
  0x00007f91300a2800 WatcherThread [stack: 0x00007f911e33b000,0x00007f911e43c000] [id=18646]

VM state:not at safepoint (normal execution)

VM Mutex/Monitor currently owned by a thread: None

Heap
 PSYoungGen      total 37376K, used 22344K [0x00000007d6a00000, 0x00000007d9380000, 0x0000000800000000)
  eden space 32256K, 59% used [0x00000007d6a00000,0x00000007d7c9e000,0x00000007d8980000)
  from space 5120K, 64% used [0x00000007d8980000,0x00000007d8cb4030,0x00000007d8e80000)
  to   space 5120K, 0% used [0x00000007d8e80000,0x00000007d8e80000,0x00000007d9380000)
 ParOldGen       total 84480K, used 0K [0x0000000783e00000, 0x0000000789080000, 0x00000007d6a00000)
  object space 84480K, 0% used [0x0000000783e00000,0x0000000783e00000,0x0000000789080000)
 PSPermGen       total 21504K, used 10214K [0x000000077ec00000, 0x0000000780100000, 0x0000000783e00000)
  object space 21504K, 47% used [0x000000077ec00000,0x000000077f5f9850,0x0000000780100000)

Card table byte_map: [0x00007f912c9da000,0x00007f912cde5000] byte_map_base: 0x00007f9128de4000

Polling page: 0x00007f9136e04000

Code Cache  [0x00007f912cde5000, 0x00007f912d055000, 0x00007f912fde5000)
 total_blobs=585 nmethods=110 adapters=428 free_code_cache=47529Kb largest_free_block=48639680

Compilation events (10 events):
Event: 0,949 Thread 0x00007f9130095000  107             java.util.ArrayList::add (29 bytes)
Event: 0,951 Thread 0x00007f9130092000 nmethod 105 0x00007f912cf77e10 code [0x00007f912cf77f60, 0x00007f912cf781c8]
Event: 0,951 Thread 0x00007f9130092000  108             java.lang.Character::isWhitespace (5 bytes)
Event: 0,952 Thread 0x00007f9130092000 nmethod 108 0x00007f912cf7cb50 code [0x00007f912cf7cca0, 0x00007f912cf7cd38]
Event: 0,952 Thread 0x00007f9130092000  109             java.lang.Character::isWhitespace (9 bytes)
Event: 0,953 Thread 0x00007f9130092000 nmethod 109 0x00007f912cf7aed0 code [0x00007f912cf7b020, 0x00007f912cf7b158]
Event: 0,953 Thread 0x00007f9130092000  110             java.lang.CharacterDataLatin1::isWhitespace (23 bytes)
Event: 0,954 Thread 0x00007f9130092000 nmethod 110 0x00007f912cf77b90 code [0x00007f912cf77cc0, 0x00007f912cf77d58]
Event: 0,954 Thread 0x00007f9130092000  111             sun.reflect.generics.parser.SignatureParser::parseIdentifier (115 bytes)
Event: 0,954 Thread 0x00007f9130095000 nmethod 107 0x00007f912cf7a750 code [0x00007f912cf7a8c0, 0x00007f912cf7ac08]

GC Heap History (2 events):
Event: 0,712 GC heap before
{Heap before GC invocations=1 (full 0):
 PSYoungGen      total 37376K, used 32256K [0x00000007d6a00000, 0x00000007d9380000, 0x0000000800000000)
  eden space 32256K, 100% used [0x00000007d6a00000,0x00000007d8980000,0x00000007d8980000)
  from space 5120K, 0% used [0x00000007d8e80000,0x00000007d8e80000,0x00000007d9380000)
  to   space 5120K, 0% used [0x00000007d8980000,0x00000007d8980000,0x00000007d8e80000)
 ParOldGen       total 84480K, used 0K [0x0000000783e00000, 0x0000000789080000, 0x00000007d6a00000)
  object space 84480K, 0% used [0x0000000783e00000,0x0000000783e00000,0x0000000789080000)
 PSPermGen       total 21504K, used 8439K [0x000000077ec00000, 0x0000000780100000, 0x0000000783e00000)
  object space 21504K, 39% used [0x000000077ec00000,0x000000077f43ded0,0x0000000780100000)
Event: 0,717 GC heap after
Heap after GC invocations=1 (full 0):
 PSYoungGen      total 37376K, used 3280K [0x00000007d6a00000, 0x00000007d9380000, 0x0000000800000000)
  eden space 32256K, 0% used [0x00000007d6a00000,0x00000007d6a00000,0x00000007d8980000)
  from space 5120K, 64% used [0x00000007d8980000,0x00000007d8cb4030,0x00000007d8e80000)
  to   space 5120K, 0% used [0x00000007d8e80000,0x00000007d8e80000,0x00000007d9380000)
 ParOldGen       total 84480K, used 0K [0x0000000783e00000, 0x0000000789080000, 0x00000007d6a00000)
  object space 84480K, 0% used [0x0000000783e00000,0x0000000783e00000,0x0000000789080000)
 PSPermGen       total 21504K, used 8439K [0x000000077ec00000, 0x0000000780100000, 0x0000000783e00000)
  object space 21504K, 39% used [0x000000077ec00000,0x000000077f43ded0,0x0000000780100000)
}

Deoptimization events (5 events):
Event: 0,588 Thread 0x00007f913000d000 Uncommon trap: reason=class_check action=maybe_recompile pc=0x00007f912ce617e0 method=org.codehaus.groovy.util.ManagedReference.get()Ljava/lang/Object; @ 4
Event: 0,588 Thread 0x00007f913000d000 Uncommon trap: reason=class_check action=maybe_recompile pc=0x00007f912ce617e0 method=org.codehaus.groovy.util.ManagedReference.get()Ljava/lang/Object; @ 4
Event: 0,588 Thread 0x00007f913000d000 Uncommon trap: reason=class_check action=maybe_recompile pc=0x00007f912ce617e0 method=org.codehaus.groovy.util.ManagedReference.get()Ljava/lang/Object; @ 4
Event: 0,588 Thread 0x00007f913000d000 Uncommon trap: reason=class_check action=maybe_recompile pc=0x00007f912ce617e0 method=org.codehaus.groovy.util.ManagedReference.get()Ljava/lang/Object; @ 4
Event: 0,845 Thread 0x00007f913000d000 Uncommon trap: reason=null_check action=make_not_entrant pc=0x00007f912ce506a8 method=java.lang.String.equals(Ljava/lang/Object;)Z @ 8

Internal exceptions (10 events):
Event: 0,936 Thread 0x00007f913000d000 Threw 0x00000007d7ad5218 at /HUDSON/workspace/jdk7u40-2-build-linux-amd64-product/jdk7u40/hotspot/src/share/vm/prims/jvm.cpp:1172
Event: 0,936 Thread 0x00007f913000d000 Threw 0x00000007d7ae82f8 at /HUDSON/workspace/jdk7u40-2-build-linux-amd64-product/jdk7u40/hotspot/src/share/vm/prims/jvm.cpp:1172
Event: 0,936 Thread 0x00007f913000d000 Threw 0x00000007d7ae8da8 at /HUDSON/workspace/jdk7u40-2-build-linux-amd64-product/jdk7u40/hotspot/src/share/vm/prims/jvm.cpp:1172
Event: 0,937 Thread 0x00007f913000d000 Threw 0x00000007d7afbe88 at /HUDSON/workspace/jdk7u40-2-build-linux-amd64-product/jdk7u40/hotspot/src/share/vm/prims/jvm.cpp:1172
Event: 0,937 Thread 0x00007f913000d000 Threw 0x00000007d7afc260 at /HUDSON/workspace/jdk7u40-2-build-linux-amd64-product/jdk7u40/hotspot/src/share/vm/classfile/systemDictionary.cpp:185
Event: 0,937 Thread 0x00007f913000d000 Threw 0x00000007d7afe518 at /HUDSON/workspace/jdk7u40-2-build-linux-amd64-product/jdk7u40/hotspot/src/share/vm/prims/jvm.cpp:1172
Event: 0,937 Thread 0x00007f913000d000 Threw 0x00000007d7b0fb80 at /HUDSON/workspace/jdk7u40-2-build-linux-amd64-product/jdk7u40/hotspot/src/share/vm/prims/jvm.cpp:1172
Event: 0,937 Thread 0x00007f913000d000 Threw 0x00000007d7b105d0 at /HUDSON/workspace/jdk7u40-2-build-linux-amd64-product/jdk7u40/hotspot/src/share/vm/prims/jvm.cpp:1172
Event: 0,938 Thread 0x00007f913000d000 Threw 0x00000007d7b21c38 at /HUDSON/workspace/jdk7u40-2-build-linux-amd64-product/jdk7u40/hotspot/src/share/vm/prims/jvm.cpp:1172
Event: 0,938 Thread 0x00007f913000d000 Threw 0x00000007d7b22000 at /HUDSON/workspace/jdk7u40-2-build-linux-amd64-product/jdk7u40/hotspot/src/share/vm/classfile/systemDictionary.cpp:185

Events (10 events):
Event: 0,951 loading class 0x00007f90f40454b0
Event: 0,951 loading class 0x00007f90f40454b0 done
Event: 0,951 loading class 0x00007f90f40455f0
Event: 0,951 loading class 0x00007f90f40455f0 done
Event: 0,952 loading class 0x00007f90f4045430
Event: 0,952 loading class 0x00007f90f4045430 done
Event: 0,952 loading class 0x00007f90f4045370
Event: 0,952 loading class 0x00007f90f4045370 done
Event: 0,952 loading class 0x00007f90f4045330
Event: 0,952 loading class 0x00007f90f4045330 done


Dynamic libraries:
00400000-00401000 r-xp 00000000 08:06 804997                             /opt/jdk1.7.0_40/bin/java
00600000-00601000 rw-p 00000000 08:06 804997                             /opt/jdk1.7.0_40/bin/java
01526000-01547000 rw-p 00000000 00:00 0                                  [heap]
77ec00000-780100000 rw-p 00000000 00:00 0 
780100000-783e00000 rw-p 00000000 00:00 0 
783e00000-789080000 rw-p 00000000 00:00 0 
789080000-7d6a00000 rw-p 00000000 00:00 0 
7d6a00000-7d9380000 rw-p 00000000 00:00 0 
7d9380000-800000000 rw-p 00000000 00:00 0 
7f90ec000000-7f90ec021000 rw-p 00000000 00:00 0 
7f90ec021000-7f90f0000000 ---p 00000000 00:00 0 
7f90f0000000-7f90f0021000 rw-p 00000000 00:00 0 
7f90f0021000-7f90f4000000 ---p 00000000 00:00 0 
7f90f4000000-7f90f4413000 rw-p 00000000 00:00 0 
7f90f4413000-7f90f8000000 ---p 00000000 00:00 0 
7f90f8000000-7f90f8021000 rw-p 00000000 00:00 0 
7f90f8021000-7f90fc000000 ---p 00000000 00:00 0 
7f90fc000000-7f90fc021000 rw-p 00000000 00:00 0 
7f90fc021000-7f9100000000 ---p 00000000 00:00 0 
7f9100000000-7f9100468000 rw-p 00000000 00:00 0 
7f9100468000-7f9104000000 ---p 00000000 00:00 0 
7f9104000000-7f9104021000 rw-p 00000000 00:00 0 
7f9104021000-7f9108000000 ---p 00000000 00:00 0 
7f9108000000-7f9108021000 rw-p 00000000 00:00 0 
7f9108021000-7f910c000000 ---p 00000000 00:00 0 
7f910c000000-7f910c021000 rw-p 00000000 00:00 0 
7f910c021000-7f9110000000 ---p 00000000 00:00 0 
7f9113f60000-7f9118000000 rw-p 00000000 00:00 0 
7f9118000000-7f9118021000 rw-p 00000000 00:00 0 
7f9118021000-7f911c000000 ---p 00000000 00:00 0 
7f911dada000-7f911dc44000 rw-p 00000000 00:00 0 
7f911dc44000-7f911dc47000 r--s 00030000 08:07 6161266                    /home/cchampeau/.gradle/caches/artifacts-23/filestore/jline/jline/2.10/jar/c37aa94c22a420c7aba5ec39058c3bcc404dac8e/jline-2.10.jar
7f911dc47000-7f911dc85000 r--s 00308000 08:07 1454780                    /home/cchampeau/DEV/PROJECTS/GITHUB/groovy-core/target/libs/groovy-2.2.0-SNAPSHOT.jar
7f911dc85000-7f911dc87000 r--s 00004000 08:07 5898389                    /home/cchampeau/.gradle/caches/artifacts-15/filestore/org.apache.ant/ant-testutil/1.8.4/jar/7616d6120e54459c4b049af188fe1d867a21419f/ant-testutil-1.8.4.jar
7f911dc87000-7f911dc88000 r--s 00000000 08:07 6161962                    /home/cchampeau/.gradle/caches/artifacts-23/filestore/jmock/jmock-cglib/1.2.0/jar/e6c89652fe2ff12f4dc53b42dce019643307782c/jmock-cglib-1.2.0.jar
7f911dc88000-7f911dc9d000 r--s 00116000 08:07 6422996                    /home/cchampeau/.gradle/caches/artifacts-23/filestore/org.apache.ivy/ivy/2.3.0/jar/c5ebf1c253ad4959a29f4acfe696ee48cdd9f473/ivy-2.3.0.jar
7f911dc9d000-7f911dc9f000 r--s 00008000 08:07 6423005                    /home/cchampeau/.gradle/caches/artifacts-23/filestore/org.ow2.asm/asm-commons/4.0/jar/a839ec6737d2b5ba7d1878e1a596b8f58aa545d9/asm-commons-4.0.jar
7f911dc9f000-7f911dca1000 r--s 00009000 08:07 6164964                    /home/cchampeau/.gradle/caches/artifacts-23/filestore/commons-cli/commons-cli/1.2/jar/2bf96b7aa8b611c177d329452af1dc933e14501c/commons-cli-1.2.jar
7f911dca1000-7f911dca3000 r--s 00009000 08:07 3282968                    /home/cchampeau/.gradle/caches/artifacts-23/filestore/org.hamcrest/hamcrest-core/1.3/jar/42a25dc3219429f0e5d060061f71acb49bf010a0/hamcrest-core-1.3.jar
7f911dca3000-7f911dcac000 r--s 0006d000 08:07 6426602                    /home/cchampeau/.gradle/caches/artifacts-23/filestore/log4j/log4j/1.2.16/bundle/7999a63bfccbc7c247a9aea10d83d4272bd492c6/log4j-1.2.16.jar
7f911dcac000-7f911dcb3000 r--s 00041000 08:07 6423104                    /home/cchampeau/.gradle/caches/artifacts-23/filestore/ch.qos.logback/logback-core/0.9.21/jar/7a137df24cce1ee099d1a947d8da8d5ef0b153c5/logback-core-0.9.21.jar
7f911dcb3000-7f911dcb7000 r--s 00028000 08:07 6161965                    /home/cchampeau/.gradle/caches/artifacts-23/filestore/com.thoughtworks.qdox/qdox/1.12.1/jar/f7122f6ab1f64bdf9f5970b0e89bfb355e036897/qdox-1.12.1.jar
7f911dcb7000-7f911dcb9000 r--s 00008000 08:07 6423008                    /home/cchampeau/.gradle/caches/artifacts-23/filestore/org.ow2.asm/asm-util/4.0/jar/d7a65f54cda284f9706a750c23d64830bb740c39/asm-util-4.0.jar
7f911dcb9000-7f911dcbb000 r--s 00005000 08:07 6423107                    /home/cchampeau/.gradle/caches/artifacts-23/filestore/org.slf4j/slf4j-api/1.6.0/jar/b353147a7d51fcfcd818d8aa6784839783db0915/slf4j-api-1.6.0.jar
7f911dcbb000-7f911dcc0000 r--s 00068000 08:07 5768789                    /home/cchampeau/.gradle/caches/artifacts-23/filestore/antlr/antlr/2.7.7/jar/83cd2cd674a217ade95a4bb83a8a14f351f48bd0/antlr-2.7.7.jar
7f911dcc0000-7f911dcc2000 r--s 00003000 08:07 6423101                    /home/cchampeau/.gradle/caches/artifacts-23/filestore/org.slf4j/jcl-over-slf4j/1.6.0/jar/53f8752e867ac9c90ab27ea9afd4e84df9abeade/jcl-over-slf4j-1.6.0.jar
7f911dcc2000-7f911dcc3000 r--s 00001000 08:07 6161915                    /home/cchampeau/.gradle/caches/artifacts-23/filestore/xmlpull/xmlpull/1.1.3.1/jar/2b8e230d2ab644e4ecaa94db7cdedbc40c805dfa/xmlpull-1.1.3.1.jar
7f911dcc3000-7f911dcc4000 r--s 0000e000 08:07 5768786                    /home/cchampeau/.gradle/caches/artifacts-23/filestore/org.codehaus.jsr166-mirror/jsr166y/1.7.0/jar/8547fcb1c29b4f8c745c3f49a536aca58fc30f54/jsr166y-1.7.0.jar
7f911dcc4000-7f911dcc6000 r--s 0000a000 08:07 6422631                    /home/cchampeau/.gradle/caches/artifacts-23/filestore/org.ow2.asm/asm/4.0/jar/659add6efc75a4715d738e73f07505246edf4d66/asm-4.0.jar
7f911dcc6000-7f911dcca000 r--s 0002a000 08:07 6423098                    /home/cchampeau/.gradle/caches/artifacts-23/filestore/ch.qos.logback/logback-classic/0.9.21/jar/da384365779048caadae965d74721ad207ed5723/logback-classic-0.9.21.jar
7f911dcca000-7f911dccb000 r--s 00004000 08:07 6423002                    /home/cchampeau/.gradle/caches/artifacts-23/filestore/org.ow2.asm/asm-analysis/4.0/jar/1c45d52b6f6c638db13cf3ac12adeb56b254cdd7/asm-analysis-4.0.jar
7f911dccb000-7f911dcce000 r--s 00015000 08:07 6294012                    /home/cchampeau/.gradle/caches/artifacts-23/filestore/xmlunit/xmlunit/1.3/jar/4ecf4c68036ae37d889cc1744208abbc42704fb2/xmlunit-1.3.jar
7f911dcce000-7f911dcd2000 r--s 00017000 08:07 6161959                    /home/cchampeau/.gradle/caches/artifacts-23/filestore/jmock/jmock/1.2.0/jar/75abbeef5da158e2a9275c0d5203f3c9b28d6bd3/jmock-1.2.0.jar
7f911dcd2000-7f911dcd9000 r--s 00049000 08:07 6553698                    /home/cchampeau/.gradle/caches/artifacts-23/filestore/cglib/cglib-nodep/2.1_3/jar/58d3be5953547c0019e5704d6ed4ffda3b0c7c66/cglib-nodep-2.1_3.jar
7f911dcd9000-7f911dce0000 r--s 00000000 08:06 156933                     /usr/lib/x86_64-linux-gnu/gconv/gconv-modules.cache
7f911dce0000-7f911dd06000 r--p 00000000 08:06 269792                     /usr/share/locale-langpack/fr/LC_MESSAGES/libc.mo
7f911dd06000-7f911dd0c000 r--s 00036000 08:07 3282965                    /home/cchampeau/.gradle/caches/artifacts-23/filestore/junit/junit/4.11/jar/4e031bb61df09069aeb2bffb4019e7a5034a4ee0/junit-4.11.jar
7f911dd0c000-7f911dd29000 r--s 0013b000 08:07 5768780                    /home/cchampeau/.gradle/caches/artifacts-23/filestore/org.codehaus.gpars/gpars/1.0.0/jar/3c163b890382e0ca8ffe22e96fae2dc896af9b1f/gpars-1.0.0.jar
7f911dd29000-7f911dd2b000 r--s 00004000 08:07 6422999                    /home/cchampeau/.gradle/caches/artifacts-23/filestore/org.ow2.asm/asm-tree/4.0/jar/67bd266cd17adcee486b76952ece4cc85fe248b8/asm-tree-4.0.jar
7f911dd2b000-7f911dd2c000 r--s 00002000 08:07 5898372                    /home/cchampeau/.gradle/caches/artifacts-15/filestore/org.apache.ant/ant-antlr/1.8.4/jar/df3ac8ffc16e800a3efdc42e90620b76d763b5af/ant-antlr-1.8.4.jar
7f911dd2c000-7f911dd2f000 r--s 00018000 08:07 5898369                    /home/cchampeau/.gradle/caches/artifacts-15/filestore/org.apache.ant/ant-junit/1.8.4/jar/ad4ccc70fd89c7441d6b87b2140455917dab951d/ant-junit-1.8.4.jar
7f911dd2f000-7f911dd4d000 r--s 001bd000 08:07 5508575                    /home/cchampeau/.gradle/caches/artifacts-15/filestore/org.apache.ant/ant/1.8.4/jar/8acff3fb57e74bc062d4675d9dcfaffa0d524972/ant-1.8.4.jar
7f911dd4d000-7f911dd59000 r--s 0006a000 08:07 5508581                    /home/cchampeau/.gradle/caches/artifacts-15/filestore/com.thoughtworks.xstream/xstream/1.4.2/jar/97e5013f391487cce4de6b0eebcde21549e91872/xstream-1.4.2.jar
7f911dd59000-7f911dd63000 r--s 00371000 08:06 806147                     /opt/jdk1.7.0_40/jre/lib/charsets.jar
7f911dd63000-7f911ddf1000 r--s 00dd8000 08:06 808111                     /opt/jdk1.7.0_40/jre/lib/jfxrt.jar
7f911ddf1000-7f911de22000 rw-p 00000000 00:00 0 
7f911de22000-7f911de37000 r-xp 00000000 08:06 807930                     /opt/jdk1.7.0_40/jre/lib/amd64/libnet.so
7f911de37000-7f911e037000 ---p 00015000 08:06 807930                     /opt/jdk1.7.0_40/jre/lib/amd64/libnet.so
7f911e037000-7f911e038000 rw-p 00015000 08:06 807930                     /opt/jdk1.7.0_40/jre/lib/amd64/libnet.so
7f911e038000-7f911e03b000 ---p 00000000 00:00 0 
7f911e03b000-7f911e139000 rw-p 00000000 00:00 0                          [stack:18647]
7f911e139000-7f911e13a000 r-xp 00000000 08:06 1603096                    /opt/DEV/idea-IU-129.239/bin/libbreakgen64.so
7f911e13a000-7f911e339000 ---p 00001000 08:06 1603096                    /opt/DEV/idea-IU-129.239/bin/libbreakgen64.so
7f911e339000-7f911e33a000 r--p 00000000 08:06 1603096                    /opt/DEV/idea-IU-129.239/bin/libbreakgen64.so
7f911e33a000-7f911e33b000 rw-p 00001000 08:06 1603096                    /opt/DEV/idea-IU-129.239/bin/libbreakgen64.so
7f911e33b000-7f911e33c000 ---p 00000000 00:00 0 
7f911e33c000-7f911e43c000 rw-p 00000000 00:00 0                          [stack:18646]
7f911e43c000-7f911e43f000 ---p 00000000 00:00 0 
7f911e43f000-7f911e53d000 rw-p 00000000 00:00 0                          [stack:18645]
7f911e53d000-7f911e540000 ---p 00000000 00:00 0 
7f911e540000-7f911e63e000 rw-p 00000000 00:00 0                          [stack:18644]
7f911e63e000-7f911e641000 ---p 00000000 00:00 0 
7f911e641000-7f911e73f000 rw-p 00000000 00:00 0                          [stack:18643]
7f911e73f000-7f911e742000 ---p 00000000 00:00 0 
7f911e742000-7f911e840000 rw-p 00000000 00:00 0                          [stack:18642]
7f911e840000-7f911eb0e000 r--p 00000000 08:06 1571905                    /usr/lib/locale/locale-archive
7f911eb0e000-7f911eb11000 ---p 00000000 00:00 0 
7f911eb11000-7f911ec0f000 rw-p 00000000 00:00 0                          [stack:18641]
7f911ec0f000-7f911ec12000 ---p 00000000 00:00 0 
7f911ec12000-7f911ed10000 rw-p 00000000 00:00 0                          [stack:18640]
7f911ed10000-7f911ed11000 ---p 00000000 00:00 0 
7f911ed11000-7f911fdce000 rw-p 00000000 00:00 0                          [stack:18639]
7f911fdce000-7f911ff8a000 r--s 039b0000 08:06 808099                     /opt/jdk1.7.0_40/jre/lib/rt.jar
7f911ff8a000-7f9120000000 rw-p 00000000 00:00 0 
7f9120000000-7f9120021000 rw-p 00000000 00:00 0 
7f9120021000-7f9124000000 ---p 00000000 00:00 0 
7f9124000000-7f9124021000 rw-p 00000000 00:00 0 
7f9124021000-7f9128000000 ---p 00000000 00:00 0 
7f9128000000-7f9128021000 rw-p 00000000 00:00 0 
7f9128021000-7f912c000000 ---p 00000000 00:00 0 
7f912c000000-7f912c002000 r--s 00015000 08:07 5508584                    /home/cchampeau/.gradle/caches/artifacts-15/filestore/jline/jline/1.0/jar/e8f2d4690059d42a8f0f29195884a72a82ce4bb7/jline-1.0.jar
7f912c002000-7f912c003000 r--s 00004000 08:07 5508602                    /home/cchampeau/.gradle/caches/artifacts-15/filestore/org.apache.ant/ant-launcher/1.8.4/jar/22f1e0c32a2bfc8edd45520db176bac98cebbbfe/ant-launcher-1.8.4.jar
7f912c003000-7f912c016000 r--s 000d3000 08:06 806171                     /opt/jdk1.7.0_40/jre/lib/plugin.jar
7f912c016000-7f912c441000 rw-p 00000000 00:00 0 
7f912c441000-7f912c442000 ---p 00000000 00:00 0 
7f912c442000-7f912c542000 rw-p 00000000 00:00 0                          [stack:18638]
7f912c542000-7f912c543000 ---p 00000000 00:00 0 
7f912c543000-7f912c643000 rw-p 00000000 00:00 0                          [stack:18637]
7f912c643000-7f912c644000 ---p 00000000 00:00 0 
7f912c644000-7f912c76e000 rw-p 00000000 00:00 0                          [stack:18636]
7f912c76e000-7f912c9da000 rw-p 00000000 00:00 0 
7f912c9da000-7f912c9e5000 rw-p 00000000 00:00 0 
7f912c9e5000-7f912ca03000 rw-p 00000000 00:00 0 
7f912ca03000-7f912ca2d000 rw-p 00000000 00:00 0 
7f912ca2d000-7f912cc99000 rw-p 00000000 00:00 0 
7f912cc99000-7f912ccae000 rw-p 00000000 00:00 0 
7f912ccae000-7f912cde4000 rw-p 00000000 00:00 0 
7f912cde4000-7f912cde5000 rw-p 00000000 00:00 0 
7f912cde5000-7f912d055000 rwxp 00000000 00:00 0 
7f912d055000-7f912fde5000 rw-p 00000000 00:00 0 
7f912fde5000-7f912fdff000 r-xp 00000000 08:06 807984                     /opt/jdk1.7.0_40/jre/lib/amd64/libzip.so
7f912fdff000-7f912ffff000 ---p 0001a000 08:06 807984                     /opt/jdk1.7.0_40/jre/lib/amd64/libzip.so
7f912ffff000-7f9130000000 rw-p 0001a000 08:06 807984                     /opt/jdk1.7.0_40/jre/lib/amd64/libzip.so
7f9130000000-7f9130f4a000 rw-p 00000000 00:00 0 
7f9130f4a000-7f9134000000 ---p 00000000 00:00 0 
7f9134000000-7f9134002000 r--s 00019000 08:07 5508587                    /home/cchampeau/.gradle/caches/artifacts-15/filestore/org.fusesource.jansi/jansi/1.6/jar/100c1cd7b6b97f10af26c1443a7a0cd5ae5e92ad/jansi-1.6.jar
7f9134002000-7f9134006000 r--s 0008a000 08:06 808112                     /opt/jdk1.7.0_40/jre/lib/jsse.jar
7f9134006000-7f9134010000 r--s 00066000 08:06 807992                     /opt/jdk1.7.0_40/jre/lib/javaws.jar
7f9134010000-7f91340dd000 rw-p 00000000 00:00 0 
7f91340dd000-7f91340de000 ---p 00000000 00:00 0 
7f91340de000-7f91341e9000 rw-p 00000000 00:00 0                          [stack:18635]
7f91341e9000-7f9134207000 rw-p 00000000 00:00 0 
7f9134207000-7f9134213000 r-xp 00000000 08:06 1444640                    /lib/x86_64-linux-gnu/libnss_files-2.17.so
7f9134213000-7f9134412000 ---p 0000c000 08:06 1444640                    /lib/x86_64-linux-gnu/libnss_files-2.17.so
7f9134412000-7f9134413000 r--p 0000b000 08:06 1444640                    /lib/x86_64-linux-gnu/libnss_files-2.17.so
7f9134413000-7f9134414000 rw-p 0000c000 08:06 1444640                    /lib/x86_64-linux-gnu/libnss_files-2.17.so
7f9134414000-7f913441f000 r-xp 00000000 08:06 1444624                    /lib/x86_64-linux-gnu/libnss_nis-2.17.so
7f913441f000-7f913461e000 ---p 0000b000 08:06 1444624                    /lib/x86_64-linux-gnu/libnss_nis-2.17.so
7f913461e000-7f913461f000 r--p 0000a000 08:06 1444624                    /lib/x86_64-linux-gnu/libnss_nis-2.17.so
7f913461f000-7f9134620000 rw-p 0000b000 08:06 1444624                    /lib/x86_64-linux-gnu/libnss_nis-2.17.so
7f9134620000-7f9134637000 r-xp 00000000 08:06 1442846                    /lib/x86_64-linux-gnu/libnsl-2.17.so
7f9134637000-7f9134836000 ---p 00017000 08:06 1442846                    /lib/x86_64-linux-gnu/libnsl-2.17.so
7f9134836000-7f9134837000 r--p 00016000 08:06 1442846                    /lib/x86_64-linux-gnu/libnsl-2.17.so
7f9134837000-7f9134838000 rw-p 00017000 08:06 1442846                    /lib/x86_64-linux-gnu/libnsl-2.17.so
7f9134838000-7f913483a000 rw-p 00000000 00:00 0 
7f913483a000-7f9134842000 r-xp 00000000 08:06 1442975                    /lib/x86_64-linux-gnu/libnss_compat-2.17.so
7f9134842000-7f9134a41000 ---p 00008000 08:06 1442975                    /lib/x86_64-linux-gnu/libnss_compat-2.17.so
7f9134a41000-7f9134a42000 r--p 00007000 08:06 1442975                    /lib/x86_64-linux-gnu/libnss_compat-2.17.so
7f9134a42000-7f9134a43000 rw-p 00008000 08:06 1442975                    /lib/x86_64-linux-gnu/libnss_compat-2.17.so
7f9134a43000-7f9134a6c000 r-xp 00000000 08:06 807967                     /opt/jdk1.7.0_40/jre/lib/amd64/libjava.so
7f9134a6c000-7f9134c6c000 ---p 00029000 08:06 807967                     /opt/jdk1.7.0_40/jre/lib/amd64/libjava.so
7f9134c6c000-7f9134c6e000 rw-p 00029000 08:06 807967                     /opt/jdk1.7.0_40/jre/lib/amd64/libjava.so
7f9134c6e000-7f9134c7b000 r-xp 00000000 08:06 807929                     /opt/jdk1.7.0_40/jre/lib/amd64/libverify.so
7f9134c7b000-7f9134e7a000 ---p 0000d000 08:06 807929                     /opt/jdk1.7.0_40/jre/lib/amd64/libverify.so
7f9134e7a000-7f9134e7c000 rw-p 0000c000 08:06 807929                     /opt/jdk1.7.0_40/jre/lib/amd64/libverify.so
7f9134e7c000-7f9134e83000 r-xp 00000000 08:06 1442839                    /lib/x86_64-linux-gnu/librt-2.17.so
7f9134e83000-7f9135082000 ---p 00007000 08:06 1442839                    /lib/x86_64-linux-gnu/librt-2.17.so
7f9135082000-7f9135083000 r--p 00006000 08:06 1442839                    /lib/x86_64-linux-gnu/librt-2.17.so
7f9135083000-7f9135084000 rw-p 00007000 08:06 1442839                    /lib/x86_64-linux-gnu/librt-2.17.so
7f9135084000-7f9135187000 r-xp 00000000 08:06 1444615                    /lib/x86_64-linux-gnu/libm-2.17.so
7f9135187000-7f9135387000 ---p 00103000 08:06 1444615                    /lib/x86_64-linux-gnu/libm-2.17.so
7f9135387000-7f9135388000 r--p 00103000 08:06 1444615                    /lib/x86_64-linux-gnu/libm-2.17.so
7f9135388000-7f9135389000 rw-p 00104000 08:06 1444615                    /lib/x86_64-linux-gnu/libm-2.17.so
7f9135389000-7f9135ee2000 r-xp 00000000 08:06 807943                     /opt/jdk1.7.0_40/jre/lib/amd64/server/libjvm.so
7f9135ee2000-7f91360e1000 ---p 00b59000 08:06 807943                     /opt/jdk1.7.0_40/jre/lib/amd64/server/libjvm.so
7f91360e1000-7f91361a5000 rw-p 00b58000 08:06 807943                     /opt/jdk1.7.0_40/jre/lib/amd64/server/libjvm.so
7f91361a5000-7f91361e5000 rw-p 00000000 00:00 0 
7f91361e5000-7f91363a3000 r-xp 00000000 08:06 1442930                    /lib/x86_64-linux-gnu/libc-2.17.so
7f91363a3000-7f91365a2000 ---p 001be000 08:06 1442930                    /lib/x86_64-linux-gnu/libc-2.17.so
7f91365a2000-7f91365a6000 r--p 001bd000 08:06 1442930                    /lib/x86_64-linux-gnu/libc-2.17.so
7f91365a6000-7f91365a8000 rw-p 001c1000 08:06 1442930                    /lib/x86_64-linux-gnu/libc-2.17.so
7f91365a8000-7f91365ad000 rw-p 00000000 00:00 0 
7f91365ad000-7f91365b0000 r-xp 00000000 08:06 1442957                    /lib/x86_64-linux-gnu/libdl-2.17.so
7f91365b0000-7f91367af000 ---p 00003000 08:06 1442957                    /lib/x86_64-linux-gnu/libdl-2.17.so
7f91367af000-7f91367b0000 r--p 00002000 08:06 1442957                    /lib/x86_64-linux-gnu/libdl-2.17.so
7f91367b0000-7f91367b1000 rw-p 00003000 08:06 1442957                    /lib/x86_64-linux-gnu/libdl-2.17.so
7f91367b1000-7f91367c7000 r-xp 00000000 08:06 807958                     /opt/jdk1.7.0_40/jre/lib/amd64/jli/libjli.so
7f91367c7000-7f91369c7000 ---p 00016000 08:06 807958                     /opt/jdk1.7.0_40/jre/lib/amd64/jli/libjli.so
7f91369c7000-7f91369c8000 rw-p 00016000 08:06 807958                     /opt/jdk1.7.0_40/jre/lib/amd64/jli/libjli.so
7f91369c8000-7f91369e0000 r-xp 00000000 08:06 1444611                    /lib/x86_64-linux-gnu/libpthread-2.17.so
7f91369e0000-7f9136bdf000 ---p 00018000 08:06 1444611                    /lib/x86_64-linux-gnu/libpthread-2.17.so
7f9136bdf000-7f9136be0000 r--p 00017000 08:06 1444611                    /lib/x86_64-linux-gnu/libpthread-2.17.so
7f9136be0000-7f9136be1000 rw-p 00018000 08:06 1444611                    /lib/x86_64-linux-gnu/libpthread-2.17.so
7f9136be1000-7f9136be5000 rw-p 00000000 00:00 0 
7f9136be5000-7f9136c08000 r-xp 00000000 08:06 1442876                    /lib/x86_64-linux-gnu/ld-2.17.so
7f9136c08000-7f9136c0a000 r--s 00019000 08:06 806149                     /opt/jdk1.7.0_40/jre/lib/jce.jar
7f9136c0a000-7f9136c22000 r--s 001c5000 08:06 806132                     /opt/jdk1.7.0_40/jre/lib/deploy.jar
7f9136c22000-7f9136c2c000 rw-p 00000000 00:00 0 
7f9136c2c000-7f9136ce2000 rw-p 00000000 00:00 0 
7f9136ce2000-7f9136ce5000 ---p 00000000 00:00 0 
7f9136ce5000-7f9136de7000 rw-p 00000000 00:00 0                          [stack:18634]
7f9136de7000-7f9136dec000 r--s 0007d000 08:06 808101                     /opt/jdk1.7.0_40/jre/lib/jfr.jar
7f9136dec000-7f9136ded000 r--s 00000000 08:06 806167                     /opt/jdk1.7.0_40/jre/lib/management-agent.jar
7f9136ded000-7f9136df6000 r--s 00250000 08:06 808042                     /opt/jdk1.7.0_40/jre/lib/resources.jar
7f9136df6000-7f9136df9000 r--s 0001b000 08:06 1705416                    /opt/DEV/idea-IU-129.239/plugins/junit/lib/junit-rt.jar
7f9136df9000-7f9136dfb000 r--s 00013000 08:06 1576783                    /opt/DEV/idea-IU-129.239/lib/idea_rt.jar
7f9136dfb000-7f9136e03000 rw-s 00000000 08:06 791368                     /tmp/hsperfdata_cchampeau/18632
7f9136e03000-7f9136e04000 rw-p 00000000 00:00 0 
7f9136e04000-7f9136e05000 r--p 00000000 00:00 0 
7f9136e05000-7f9136e07000 rw-p 00000000 00:00 0 
7f9136e07000-7f9136e08000 r--p 00022000 08:06 1442876                    /lib/x86_64-linux-gnu/ld-2.17.so
7f9136e08000-7f9136e0a000 rw-p 00023000 08:06 1442876                    /lib/x86_64-linux-gnu/ld-2.17.so
7fff0e507000-7fff0e52a000 rw-p 00000000 00:00 0                          [stack]
7fff0e5d9000-7fff0e5db000 r-xp 00000000 00:00 0                          [vdso]
ffffffffff600000-ffffffffff601000 r-xp 00000000 00:00 0                  [vsyscall]

VM Arguments:
jvm_args: -ea -XX:+UnlockDiagnosticVMOptions -XX:+PrintInlining -Didea.launcher.port=7533 -Didea.launcher.bin.path=/opt/DEV/idea-IU-129.239/bin -Dfile.encoding=UTF-8 
java_command: com.intellij.rt.execution.application.AppMain com.intellij.rt.execution.junit.JUnitStarter -ideVersion5 -junit3 groovy.transform.stc.ClosuresSTCTest,testClosureReturnTypeInferrence
Launcher Type: SUN_STANDARD

Environment Variables:
CLASSPATH=/opt/DEV/idea12/bin/../lib/bootstrap.jar:/opt/DEV/idea12/bin/../lib/extensions.jar:/opt/DEV/idea12/bin/../lib/util.jar:/opt/DEV/idea12/bin/../lib/jdom.jar:/opt/DEV/idea12/bin/../lib/log4j.jar:/opt/DEV/idea12/bin/../lib/trove4j.jar:/opt/DEV/idea12/bin/../lib/jna.jar:/usr/lib/jvm/java-7-openjdk-amd64/lib/tools.jar
PATH=/home/cchampeau/bin:/usr/local/sbin:/usr/local/bin:/usr/sbin:/usr/bin:/sbin:/bin:/usr/games:/usr/local/games
USERNAME=cchampeau
LD_LIBRARY_PATH=/opt/DEV/idea12/bin:
SHELL=/bin/bash
DISPLAY=:0.0

Signal Handlers:
SIGSEGV: [libjvm.so+0x98b260], sa_mask[0]=0x7ffbfeff, sa_flags=0x10000004
SIGBUS: [libjvm.so+0x98b260], sa_mask[0]=0x7ffbfeff, sa_flags=0x10000004
SIGFPE: [libjvm.so+0x808990], sa_mask[0]=0x7ffbfeff, sa_flags=0x10000004
SIGPIPE: [libjvm.so+0x808990], sa_mask[0]=0x7ffbfeff, sa_flags=0x10000004
SIGXFSZ: [libjvm.so+0x808990], sa_mask[0]=0x7ffbfeff, sa_flags=0x10000004
SIGILL: [libjvm.so+0x808990], sa_mask[0]=0x7ffbfeff, sa_flags=0x10000004
SIGUSR1: SIG_DFL, sa_mask[0]=0x00000000, sa_flags=0x00000000
SIGUSR2: [libjvm.so+0x809eb0], sa_mask[0]=0x00000004, sa_flags=0x10000004
SIGHUP: [libjvm.so+0x80ae10], sa_mask[0]=0x7ffbfeff, sa_flags=0x10000004
SIGINT: [libjvm.so+0x80ae10], sa_mask[0]=0x7ffbfeff, sa_flags=0x10000004
SIGTERM: [libjvm.so+0x80ae10], sa_mask[0]=0x7ffbfeff, sa_flags=0x10000004
SIGQUIT: [libjvm.so+0x80ae10], sa_mask[0]=0x7ffbfeff, sa_flags=0x10000004


---------------  S Y S T E M  ---------------

OS:wheezy/sid

uname:Linux 3.8.0-22-generic #33-Ubuntu SMP Thu May 16 15:17:14 UTC 2013 x86_64
libc:glibc 2.17 NPTL 2.17 
rlimit: STACK 8192k, CORE 0k, NPROC 63399, NOFILE 4096, AS infinity
load average:0,12 0,30 0,42

/proc/meminfo:
MemTotal:        8134204 kB
MemFree:          618188 kB
Buffers:          139436 kB
Cached:          3304880 kB
SwapCached:        12636 kB
Active:          4484380 kB
Inactive:        2653832 kB
Active(anon):    2774604 kB
Inactive(anon):   958060 kB
Active(file):    1709776 kB
Inactive(file):  1695772 kB
Unevictable:         192 kB
Mlocked:             192 kB
SwapTotal:       3998716 kB
SwapFree:        3929296 kB
Dirty:               656 kB
Writeback:             0 kB
AnonPages:       3684032 kB
Mapped:           252888 kB
Shmem:             38768 kB
Slab:             193568 kB
SReclaimable:     151136 kB
SUnreclaim:        42432 kB
KernelStack:        5680 kB
PageTables:        57488 kB
NFS_Unstable:          0 kB
Bounce:                0 kB
WritebackTmp:          0 kB
CommitLimit:     8065816 kB
Committed_AS:    8052320 kB
VmallocTotal:   34359738367 kB
VmallocUsed:      118688 kB
VmallocChunk:   34359617020 kB
HardwareCorrupted:     0 kB
AnonHugePages:         0 kB
HugePages_Total:       0
HugePages_Free:        0
HugePages_Rsvd:        0
HugePages_Surp:        0
Hugepagesize:       2048 kB
DirectMap4k:      262144 kB
DirectMap2M:     8085504 kB


CPU:total 4 (2 cores per cpu, 2 threads per core) family 6 model 42 stepping 7, cmov, cx8, fxsr, mmx, sse, sse2, sse3, ssse3, sse4.1, sse4.2, popcnt, avx, aes, ht, tsc, tscinvbit

/proc/cpuinfo:
processor	: 0
vendor_id	: GenuineIntel
cpu family	: 6
model		: 42
model name	: Intel(R) Core(TM) i7-2620M CPU @ 2.70GHz
stepping	: 7
microcode	: 0x23
cpu MHz		: 2701.000
cache size	: 4096 KB
physical id	: 0
siblings	: 4
core id		: 0
cpu cores	: 2
apicid		: 0
initial apicid	: 0
fpu		: yes
fpu_exception	: yes
cpuid level	: 13
wp		: yes
flags		: fpu vme de pse tsc msr pae mce cx8 apic sep mtrr pge mca cmov pat pse36 clflush dts acpi mmx fxsr sse sse2 ss ht tm pbe syscall nx rdtscp lm constant_tsc arch_perfmon pebs bts rep_good nopl xtopology nonstop_tsc aperfmperf eagerfpu pni pclmulqdq dtes64 monitor ds_cpl vmx smx est tm2 ssse3 cx16 xtpr pdcm pcid sse4_1 sse4_2 x2apic popcnt tsc_deadline_timer aes xsave avx lahf_lm ida arat epb xsaveopt pln pts dtherm tpr_shadow vnmi flexpriority ept vpid
bogomips	: 5387.93
clflush size	: 64
cache_alignment	: 64
address sizes	: 36 bits physical, 48 bits virtual
power management:

processor	: 1
vendor_id	: GenuineIntel
cpu family	: 6
model		: 42
model name	: Intel(R) Core(TM) i7-2620M CPU @ 2.70GHz
stepping	: 7
microcode	: 0x23
cpu MHz		: 2701.000
cache size	: 4096 KB
physical id	: 0
siblings	: 4
core id		: 1
cpu cores	: 2
apicid		: 2
initial apicid	: 2
fpu		: yes
fpu_exception	: yes
cpuid level	: 13
wp		: yes
flags		: fpu vme de pse tsc msr pae mce cx8 apic sep mtrr pge mca cmov pat pse36 clflush dts acpi mmx fxsr sse sse2 ss ht tm pbe syscall nx rdtscp lm constant_tsc arch_perfmon pebs bts rep_good nopl xtopology nonstop_tsc aperfmperf eagerfpu pni pclmulqdq dtes64 monitor ds_cpl vmx smx est tm2 ssse3 cx16 xtpr pdcm pcid sse4_1 sse4_2 x2apic popcnt tsc_deadline_timer aes xsave avx lahf_lm ida arat epb xsaveopt pln pts dtherm tpr_shadow vnmi flexpriority ept vpid
bogomips	: 5387.93
clflush size	: 64
cache_alignment	: 64
address sizes	: 36 bits physical, 48 bits virtual
power management:

processor	: 2
vendor_id	: GenuineIntel
cpu family	: 6
model		: 42
model name	: Intel(R) Core(TM) i7-2620M CPU @ 2.70GHz
stepping	: 7
microcode	: 0x23
cpu MHz		: 2701.000
cache size	: 4096 KB
physical id	: 0
siblings	: 4
core id		: 0
cpu cores	: 2
apicid		: 1
initial apicid	: 1
fpu		: yes
fpu_exception	: yes
cpuid level	: 13
wp		: yes
flags		: fpu vme de pse tsc msr pae mce cx8 apic sep mtrr pge mca cmov pat pse36 clflush dts acpi mmx fxsr sse sse2 ss ht tm pbe syscall nx rdtscp lm constant_tsc arch_perfmon pebs bts rep_good nopl xtopology nonstop_tsc aperfmperf eagerfpu pni pclmulqdq dtes64 monitor ds_cpl vmx smx est tm2 ssse3 cx16 xtpr pdcm pcid sse4_1 sse4_2 x2apic popcnt tsc_deadline_timer aes xsave avx lahf_lm ida arat epb xsaveopt pln pts dtherm tpr_shadow vnmi flexpriority ept vpid
bogomips	: 5387.93
clflush size	: 64
cache_alignment	: 64
address sizes	: 36 bits physical, 48 bits virtual
power management:

processor	: 3
vendor_id	: GenuineIntel
cpu family	: 6
model		: 42
model name	: Intel(R) Core(TM) i7-2620M CPU @ 2.70GHz
stepping	: 7
microcode	: 0x23
cpu MHz		: 1600.000
cache size	: 4096 KB
physical id	: 0
siblings	: 4
core id		: 1
cpu cores	: 2
apicid		: 3
initial apicid	: 3
fpu		: yes
fpu_exception	: yes
cpuid level	: 13
wp		: yes
flags		: fpu vme de pse tsc msr pae mce cx8 apic sep mtrr pge mca cmov pat pse36 clflush dts acpi mmx fxsr sse sse2 ss ht tm pbe syscall nx rdtscp lm constant_tsc arch_perfmon pebs bts rep_good nopl xtopology nonstop_tsc aperfmperf eagerfpu pni pclmulqdq dtes64 monitor ds_cpl vmx smx est tm2 ssse3 cx16 xtpr pdcm pcid sse4_1 sse4_2 x2apic popcnt tsc_deadline_timer aes xsave avx lahf_lm ida arat epb xsaveopt pln pts dtherm tpr_shadow vnmi flexpriority ept vpid
bogomips	: 5387.93
clflush size	: 64
cache_alignment	: 64
address sizes	: 36 bits physical, 48 bits virtual
power management:



Memory: 4k page, physical 8134204k(618188k free), swap 3998716k(3929296k free)

vm_info: Java HotSpot(TM) 64-Bit Server VM (24.0-b48) for linux-amd64 JRE (1.7.0_40-ea-b29), built on Jun 13 2013 00:13:13 by "java_re" with gcc 4.3.0 20080428 (Red Hat 4.3.0-8)

time: Tue Jun 18 17:45:06 2013
elapsed time: 0 seconds

