#
# A fatal error has been detected by the Java Runtime Environment:
#
#  Internal Error (compile.hpp:420), pid=18610, tid=140620681484032
#  Error: ShouldNotReachHere()
#
# JRE version: Java(TM) SE Runtime Environment (7.0_40-b29) (build 1.7.0_40-ea-b29)
# Java VM: Java HotSpot(TM) 64-Bit Server VM (24.0-b48 mixed mode linux-amd64 compressed oops)
# Failed to write core dump. Core dumps have been disabled. To enable core dumping, try "ulimit -c unlimited" before starting Java again
#
# If you would like to submit a bug report, please visit:
#   http://bugreport.sun.com/bugreport/crash.jsp
#

---------------  T H R E A D  ---------------

Current thread (0x00007fe4d4095000):  JavaThread "C2 CompilerThread1" daemon [_thread_in_native, id=18623, stack(0x00007fe4cdb49000,0x00007fe4cdc4a000)]

Stack: [0x00007fe4cdb49000,0x00007fe4cdc4a000],  sp=0x00007fe4cdc46d00,  free space=1015k
Native frames: (J=compiled Java code, j=interpreted, Vv=VM code, C=native code)
V  [libjvm.so+0x98a93a]  VMError::report_and_die()+0x2ea
V  [libjvm.so+0x494c92]  report_should_not_reach_here(char const*, int)+0x52
V  [libjvm.so+0x3b5975]  Compile::print_inlining_insert(CallGenerator*)+0x145
V  [libjvm.so+0x3b449c]  LateInlineCallGenerator::do_late_inline()+0x42c
V  [libjvm.so+0x444157]  Compile::inline_string_calls(bool)+0x267
V  [libjvm.so+0x44641a]  Compile::Compile(ciEnv*, C2Compiler*, ciMethod*, int, bool, bool)+0x15aa
V  [libjvm.so+0x3b16d6]  C2Compiler::compile_method(ciEnv*, ciMethod*, int)+0x176
V  [libjvm.so+0x44d84e]  CompileBroker::invoke_compiler_on_method(CompileTask*)+0x33e
V  [libjvm.so+0x44e61d]  CompileBroker::compiler_thread_loop()+0x43d
V  [libjvm.so+0x944a1f]  JavaThread::thread_main_inner()+0xdf
V  [libjvm.so+0x944b25]  JavaThread::run()+0xf5
V  [libjvm.so+0x80d6a8]  java_start(Thread*)+0x108


Current CompileTask:
C2:    975  111             sun.reflect.generics.parser.SignatureParser::parseIdentifier (115 bytes)


---------------  P R O C E S S  ---------------

Java Threads: ( => current thread )
  0x00007fe4d40ce800 JavaThread "Monitor Ctrl-Break" daemon [_thread_in_native, id=18626, stack(0x00007fe4cd644000,0x00007fe4cd745000)]
  0x00007fe4d4097800 JavaThread "Service Thread" daemon [_thread_blocked, id=18624, stack(0x00007fe4cda48000,0x00007fe4cdb49000)]
=>0x00007fe4d4095000 JavaThread "C2 CompilerThread1" daemon [_thread_in_native, id=18623, stack(0x00007fe4cdb49000,0x00007fe4cdc4a000)]
  0x00007fe4d4092000 JavaThread "C2 CompilerThread0" daemon [_thread_blocked, id=18622, stack(0x00007fe4cdc4a000,0x00007fe4cdd4b000)]
  0x00007fe4d4088000 JavaThread "Signal Dispatcher" daemon [_thread_blocked, id=18621, stack(0x00007fe4cdd4b000,0x00007fe4cde4c000)]
  0x00007fe4d4071000 JavaThread "Finalizer" daemon [_thread_blocked, id=18619, stack(0x00007fe4ce11a000,0x00007fe4ce21b000)]
  0x00007fe4d406f000 JavaThread "Reference Handler" daemon [_thread_blocked, id=18618, stack(0x00007fe4ce21b000,0x00007fe4ce31c000)]
  0x00007fe4d400d000 JavaThread "main" [_thread_in_vm, id=18612, stack(0x00007fe4da2da000,0x00007fe4da3db000)]

Other Threads:
  0x00007fe4d406c800 VMThread [stack: 0x00007fe4ce31c000,0x00007fe4ce41d000] [id=18617]
  0x00007fe4d40a2000 WatcherThread [stack: 0x00007fe4cd947000,0x00007fe4cda48000] [id=18625]

VM state:not at safepoint (normal execution)

VM Mutex/Monitor currently owned by a thread: None

Heap
 PSYoungGen      total 37376K, used 22274K [0x00000007d6a00000, 0x00000007db300000, 0x0000000800000000)
  eden space 32256K, 58% used [0x00000007d6a00000,0x00000007d7c80a30,0x00000007d8980000)
  from space 5120K, 65% used [0x00000007d8980000,0x00000007d8cc0020,0x00000007d8e80000)
  to   space 5120K, 0% used [0x00000007dae00000,0x00000007dae00000,0x00000007db300000)
 ParOldGen       total 84480K, used 8K [0x0000000783e00000, 0x0000000789080000, 0x00000007d6a00000)
  object space 84480K, 0% used [0x0000000783e00000,0x0000000783e02000,0x0000000789080000)
 PSPermGen       total 21504K, used 10201K [0x000000077ec00000, 0x0000000780100000, 0x0000000783e00000)
  object space 21504K, 47% used [0x000000077ec00000,0x000000077f5f66a0,0x0000000780100000)

Card table byte_map: [0x00007fe4d019e000,0x00007fe4d05a9000] byte_map_base: 0x00007fe4cc5a8000

Polling page: 0x00007fe4da3fc000

Code Cache  [0x00007fe4d05a9000, 0x00007fe4d0819000, 0x00007fe4d35a9000)
 total_blobs=585 nmethods=110 adapters=428 free_code_cache=47528Kb largest_free_block=48644544

Compilation events (10 events):
Event: 0,968 Thread 0x00007fe4d4092000  107             sun.reflect.generics.parser.SignatureParser::advance (37 bytes)
Event: 0,968 Thread 0x00007fe4d4092000 nmethod 107 0x00007fe4d073e850 code [0x00007fe4d073e980, 0x00007fe4d073e9d8]
Event: 0,970 Thread 0x00007fe4d4092000  108             java.lang.Character::isWhitespace (5 bytes)
Event: 0,970 Thread 0x00007fe4d4095000 nmethod 106 0x00007fe4d0739250 code [0x00007fe4d07393c0, 0x00007fe4d0739708]
Event: 0,970 Thread 0x00007fe4d4095000  109             java.lang.Character::isWhitespace (9 bytes)
Event: 0,971 Thread 0x00007fe4d4092000 nmethod 108 0x00007fe4d0736d90 code [0x00007fe4d0736ee0, 0x00007fe4d0736f78]
Event: 0,971 Thread 0x00007fe4d4092000  110             java.lang.CharacterDataLatin1::isWhitespace (23 bytes)
Event: 0,971 Thread 0x00007fe4d4095000 nmethod 109 0x00007fe4d073b290 code [0x00007fe4d073b3e0, 0x00007fe4d073b518]
Event: 0,971 Thread 0x00007fe4d4095000  111             sun.reflect.generics.parser.SignatureParser::parseIdentifier (115 bytes)
Event: 0,971 Thread 0x00007fe4d4092000 nmethod 110 0x00007fe4d0738fd0 code [0x00007fe4d0739100, 0x00007fe4d0739198]

GC Heap History (2 events):
Event: 0,701 GC heap before
{Heap before GC invocations=1 (full 0):
 PSYoungGen      total 37376K, used 32256K [0x00000007d6a00000, 0x00000007d9380000, 0x0000000800000000)
  eden space 32256K, 100% used [0x00000007d6a00000,0x00000007d8980000,0x00000007d8980000)
  from space 5120K, 0% used [0x00000007d8e80000,0x00000007d8e80000,0x00000007d9380000)
  to   space 5120K, 0% used [0x00000007d8980000,0x00000007d8980000,0x00000007d8e80000)
 ParOldGen       total 84480K, used 0K [0x0000000783e00000, 0x0000000789080000, 0x00000007d6a00000)
  object space 84480K, 0% used [0x0000000783e00000,0x0000000783e00000,0x0000000789080000)
 PSPermGen       total 21504K, used 8439K [0x000000077ec00000, 0x0000000780100000, 0x0000000783e00000)
  object space 21504K, 39% used [0x000000077ec00000,0x000000077f43ded0,0x0000000780100000)
Event: 0,712 GC heap after
Heap after GC invocations=1 (full 0):
 PSYoungGen      total 37376K, used 3328K [0x00000007d6a00000, 0x00000007db300000, 0x0000000800000000)
  eden space 32256K, 0% used [0x00000007d6a00000,0x00000007d6a00000,0x00000007d8980000)
  from space 5120K, 65% used [0x00000007d8980000,0x00000007d8cc0020,0x00000007d8e80000)
  to   space 5120K, 0% used [0x00000007dae00000,0x00000007dae00000,0x00000007db300000)
 ParOldGen       total 84480K, used 8K [0x0000000783e00000, 0x0000000789080000, 0x00000007d6a00000)
  object space 84480K, 0% used [0x0000000783e00000,0x0000000783e02000,0x0000000789080000)
 PSPermGen       total 21504K, used 8439K [0x000000077ec00000, 0x0000000780100000, 0x0000000783e00000)
  object space 21504K, 39% used [0x000000077ec00000,0x000000077f43ded0,0x0000000780100000)
}

Deoptimization events (5 events):
Event: 0,593 Thread 0x00007fe4d400d000 Uncommon trap: reason=class_check action=maybe_recompile pc=0x00007fe4d061ab20 method=org.codehaus.groovy.util.ManagedReference.get()Ljava/lang/Object; @ 4
Event: 0,593 Thread 0x00007fe4d400d000 Uncommon trap: reason=class_check action=maybe_recompile pc=0x00007fe4d061ab20 method=org.codehaus.groovy.util.ManagedReference.get()Ljava/lang/Object; @ 4
Event: 0,593 Thread 0x00007fe4d400d000 Uncommon trap: reason=class_check action=maybe_recompile pc=0x00007fe4d061ab20 method=org.codehaus.groovy.util.ManagedReference.get()Ljava/lang/Object; @ 4
Event: 0,593 Thread 0x00007fe4d400d000 Uncommon trap: reason=class_check action=maybe_recompile pc=0x00007fe4d061ab20 method=org.codehaus.groovy.util.ManagedReference.get()Ljava/lang/Object; @ 4
Event: 0,842 Thread 0x00007fe4d400d000 Uncommon trap: reason=null_check action=make_not_entrant pc=0x00007fe4d06156e8 method=java.lang.String.equals(Ljava/lang/Object;)Z @ 8

Internal exceptions (10 events):
Event: 0,955 Thread 0x00007fe4d400d000 Threw 0x00000007d7ad0578 at /HUDSON/workspace/jdk7u40-2-build-linux-amd64-product/jdk7u40/hotspot/src/share/vm/prims/jvm.cpp:1172
Event: 0,956 Thread 0x00007fe4d400d000 Threw 0x00000007d7ae3658 at /HUDSON/workspace/jdk7u40-2-build-linux-amd64-product/jdk7u40/hotspot/src/share/vm/prims/jvm.cpp:1172
Event: 0,956 Thread 0x00007fe4d400d000 Threw 0x00000007d7ae4108 at /HUDSON/workspace/jdk7u40-2-build-linux-amd64-product/jdk7u40/hotspot/src/share/vm/prims/jvm.cpp:1172
Event: 0,956 Thread 0x00007fe4d400d000 Threw 0x00000007d7af71e8 at /HUDSON/workspace/jdk7u40-2-build-linux-amd64-product/jdk7u40/hotspot/src/share/vm/prims/jvm.cpp:1172
Event: 0,956 Thread 0x00007fe4d400d000 Threw 0x00000007d7af75c0 at /HUDSON/workspace/jdk7u40-2-build-linux-amd64-product/jdk7u40/hotspot/src/share/vm/classfile/systemDictionary.cpp:185
Event: 0,956 Thread 0x00007fe4d400d000 Threw 0x00000007d7af9878 at /HUDSON/workspace/jdk7u40-2-build-linux-amd64-product/jdk7u40/hotspot/src/share/vm/prims/jvm.cpp:1172
Event: 0,957 Thread 0x00007fe4d400d000 Threw 0x00000007d7b0aee0 at /HUDSON/workspace/jdk7u40-2-build-linux-amd64-product/jdk7u40/hotspot/src/share/vm/prims/jvm.cpp:1172
Event: 0,957 Thread 0x00007fe4d400d000 Threw 0x00000007d7b0b930 at /HUDSON/workspace/jdk7u40-2-build-linux-amd64-product/jdk7u40/hotspot/src/share/vm/prims/jvm.cpp:1172
Event: 0,957 Thread 0x00007fe4d400d000 Threw 0x00000007d7b1cf98 at /HUDSON/workspace/jdk7u40-2-build-linux-amd64-product/jdk7u40/hotspot/src/share/vm/prims/jvm.cpp:1172
Event: 0,957 Thread 0x00007fe4d400d000 Threw 0x00000007d7b1d360 at /HUDSON/workspace/jdk7u40-2-build-linux-amd64-product/jdk7u40/hotspot/src/share/vm/classfile/systemDictionary.cpp:185

Events (10 events):
Event: 0,956 loading class 0x00007fe4d44875d0
Event: 0,956 loading class 0x00007fe4d44875d0 done
Event: 0,956 loading class 0x00007fe4d44875d0
Event: 0,956 loading class 0x00007fe4d44875d0 done
Event: 0,956 loading class 0x00007fe4d4488910
Event: 0,956 loading class 0x00007fe4d4488910 done
Event: 0,957 loading class 0x00007fe4d4488910
Event: 0,957 loading class 0x00007fe4d4488910 done
Event: 0,957 loading class 0x00007fe4d4488910
Event: 0,957 loading class 0x00007fe4d4488910 done


Dynamic libraries:
00400000-00401000 r-xp 00000000 08:06 804997                             /opt/jdk1.7.0_40/bin/java
00600000-00601000 rw-p 00000000 08:06 804997                             /opt/jdk1.7.0_40/bin/java
012cd000-012ee000 rw-p 00000000 00:00 0                                  [heap]
77ec00000-780100000 rw-p 00000000 00:00 0 
780100000-783e00000 rw-p 00000000 00:00 0 
783e00000-789080000 rw-p 00000000 00:00 0 
789080000-7d6a00000 rw-p 00000000 00:00 0 
7d6a00000-7db300000 rw-p 00000000 00:00 0 
7db300000-800000000 rw-p 00000000 00:00 0 
7fe48c000000-7fe48c021000 rw-p 00000000 00:00 0 
7fe48c021000-7fe490000000 ---p 00000000 00:00 0 
7fe490000000-7fe490021000 rw-p 00000000 00:00 0 
7fe490021000-7fe494000000 ---p 00000000 00:00 0 
7fe494000000-7fe4943aa000 rw-p 00000000 00:00 0 
7fe4943aa000-7fe498000000 ---p 00000000 00:00 0 
7fe498000000-7fe498021000 rw-p 00000000 00:00 0 
7fe498021000-7fe49c000000 ---p 00000000 00:00 0 
7fe49c000000-7fe49c021000 rw-p 00000000 00:00 0 
7fe49c021000-7fe4a0000000 ---p 00000000 00:00 0 
7fe4a0000000-7fe4a047f000 rw-p 00000000 00:00 0 
7fe4a047f000-7fe4a4000000 ---p 00000000 00:00 0 
7fe4a4000000-7fe4a4021000 rw-p 00000000 00:00 0 
7fe4a4021000-7fe4a8000000 ---p 00000000 00:00 0 
7fe4a8000000-7fe4a8021000 rw-p 00000000 00:00 0 
7fe4a8021000-7fe4ac000000 ---p 00000000 00:00 0 
7fe4ac000000-7fe4ac021000 rw-p 00000000 00:00 0 
7fe4ac021000-7fe4b0000000 ---p 00000000 00:00 0 
7fe4b3f60000-7fe4b8000000 rw-p 00000000 00:00 0 
7fe4b8000000-7fe4b8021000 rw-p 00000000 00:00 0 
7fe4b8021000-7fe4bc000000 ---p 00000000 00:00 0 
7fe4bc000000-7fe4bc021000 rw-p 00000000 00:00 0 
7fe4bc021000-7fe4c0000000 ---p 00000000 00:00 0 
7fe4c0000000-7fe4c0021000 rw-p 00000000 00:00 0 
7fe4c0021000-7fe4c4000000 ---p 00000000 00:00 0 
7fe4c8000000-7fe4c8021000 rw-p 00000000 00:00 0 
7fe4c8021000-7fe4cc000000 ---p 00000000 00:00 0 
7fe4cd0d2000-7fe4cd23c000 rw-p 00000000 00:00 0 
7fe4cd23c000-7fe4cd23f000 r--s 00030000 08:07 6161266                    /home/cchampeau/.gradle/caches/artifacts-23/filestore/jline/jline/2.10/jar/c37aa94c22a420c7aba5ec39058c3bcc404dac8e/jline-2.10.jar
7fe4cd23f000-7fe4cd27d000 r--s 00308000 08:07 1454780                    /home/cchampeau/DEV/PROJECTS/GITHUB/groovy-core/target/libs/groovy-2.2.0-SNAPSHOT.jar
7fe4cd27d000-7fe4cd27f000 r--s 00004000 08:07 5898389                    /home/cchampeau/.gradle/caches/artifacts-15/filestore/org.apache.ant/ant-testutil/1.8.4/jar/7616d6120e54459c4b049af188fe1d867a21419f/ant-testutil-1.8.4.jar
7fe4cd27f000-7fe4cd280000 r--s 00000000 08:07 6161962                    /home/cchampeau/.gradle/caches/artifacts-23/filestore/jmock/jmock-cglib/1.2.0/jar/e6c89652fe2ff12f4dc53b42dce019643307782c/jmock-cglib-1.2.0.jar
7fe4cd280000-7fe4cd295000 r--s 00116000 08:07 6422996                    /home/cchampeau/.gradle/caches/artifacts-23/filestore/org.apache.ivy/ivy/2.3.0/jar/c5ebf1c253ad4959a29f4acfe696ee48cdd9f473/ivy-2.3.0.jar
7fe4cd295000-7fe4cd297000 r--s 00008000 08:07 6423005                    /home/cchampeau/.gradle/caches/artifacts-23/filestore/org.ow2.asm/asm-commons/4.0/jar/a839ec6737d2b5ba7d1878e1a596b8f58aa545d9/asm-commons-4.0.jar
7fe4cd297000-7fe4cd299000 r--s 00009000 08:07 6164964                    /home/cchampeau/.gradle/caches/artifacts-23/filestore/commons-cli/commons-cli/1.2/jar/2bf96b7aa8b611c177d329452af1dc933e14501c/commons-cli-1.2.jar
7fe4cd299000-7fe4cd29b000 r--s 00009000 08:07 3282968                    /home/cchampeau/.gradle/caches/artifacts-23/filestore/org.hamcrest/hamcrest-core/1.3/jar/42a25dc3219429f0e5d060061f71acb49bf010a0/hamcrest-core-1.3.jar
7fe4cd29b000-7fe4cd2a4000 r--s 0006d000 08:07 6426602                    /home/cchampeau/.gradle/caches/artifacts-23/filestore/log4j/log4j/1.2.16/bundle/7999a63bfccbc7c247a9aea10d83d4272bd492c6/log4j-1.2.16.jar
7fe4cd2a4000-7fe4cd2ab000 r--s 00041000 08:07 6423104                    /home/cchampeau/.gradle/caches/artifacts-23/filestore/ch.qos.logback/logback-core/0.9.21/jar/7a137df24cce1ee099d1a947d8da8d5ef0b153c5/logback-core-0.9.21.jar
7fe4cd2ab000-7fe4cd2af000 r--s 00028000 08:07 6161965                    /home/cchampeau/.gradle/caches/artifacts-23/filestore/com.thoughtworks.qdox/qdox/1.12.1/jar/f7122f6ab1f64bdf9f5970b0e89bfb355e036897/qdox-1.12.1.jar
7fe4cd2af000-7fe4cd2b1000 r--s 00008000 08:07 6423008                    /home/cchampeau/.gradle/caches/artifacts-23/filestore/org.ow2.asm/asm-util/4.0/jar/d7a65f54cda284f9706a750c23d64830bb740c39/asm-util-4.0.jar
7fe4cd2b1000-7fe4cd2b3000 r--s 00005000 08:07 6423107                    /home/cchampeau/.gradle/caches/artifacts-23/filestore/org.slf4j/slf4j-api/1.6.0/jar/b353147a7d51fcfcd818d8aa6784839783db0915/slf4j-api-1.6.0.jar
7fe4cd2b3000-7fe4cd2b8000 r--s 00068000 08:07 5768789                    /home/cchampeau/.gradle/caches/artifacts-23/filestore/antlr/antlr/2.7.7/jar/83cd2cd674a217ade95a4bb83a8a14f351f48bd0/antlr-2.7.7.jar
7fe4cd2b8000-7fe4cd2ba000 r--s 00003000 08:07 6423101                    /home/cchampeau/.gradle/caches/artifacts-23/filestore/org.slf4j/jcl-over-slf4j/1.6.0/jar/53f8752e867ac9c90ab27ea9afd4e84df9abeade/jcl-over-slf4j-1.6.0.jar
7fe4cd2ba000-7fe4cd2bb000 r--s 00001000 08:07 6161915                    /home/cchampeau/.gradle/caches/artifacts-23/filestore/xmlpull/xmlpull/1.1.3.1/jar/2b8e230d2ab644e4ecaa94db7cdedbc40c805dfa/xmlpull-1.1.3.1.jar
7fe4cd2bb000-7fe4cd2bc000 r--s 0000e000 08:07 5768786                    /home/cchampeau/.gradle/caches/artifacts-23/filestore/org.codehaus.jsr166-mirror/jsr166y/1.7.0/jar/8547fcb1c29b4f8c745c3f49a536aca58fc30f54/jsr166y-1.7.0.jar
7fe4cd2bc000-7fe4cd2be000 r--s 0000a000 08:07 6422631                    /home/cchampeau/.gradle/caches/artifacts-23/filestore/org.ow2.asm/asm/4.0/jar/659add6efc75a4715d738e73f07505246edf4d66/asm-4.0.jar
7fe4cd2be000-7fe4cd2c2000 r--s 0002a000 08:07 6423098                    /home/cchampeau/.gradle/caches/artifacts-23/filestore/ch.qos.logback/logback-classic/0.9.21/jar/da384365779048caadae965d74721ad207ed5723/logback-classic-0.9.21.jar
7fe4cd2c2000-7fe4cd2c3000 r--s 00004000 08:07 6423002                    /home/cchampeau/.gradle/caches/artifacts-23/filestore/org.ow2.asm/asm-analysis/4.0/jar/1c45d52b6f6c638db13cf3ac12adeb56b254cdd7/asm-analysis-4.0.jar
7fe4cd2c3000-7fe4cd2c6000 r--s 00015000 08:07 6294012                    /home/cchampeau/.gradle/caches/artifacts-23/filestore/xmlunit/xmlunit/1.3/jar/4ecf4c68036ae37d889cc1744208abbc42704fb2/xmlunit-1.3.jar
7fe4cd2c6000-7fe4cd2ca000 r--s 00017000 08:07 6161959                    /home/cchampeau/.gradle/caches/artifacts-23/filestore/jmock/jmock/1.2.0/jar/75abbeef5da158e2a9275c0d5203f3c9b28d6bd3/jmock-1.2.0.jar
7fe4cd2ca000-7fe4cd2d1000 r--s 00049000 08:07 6553698                    /home/cchampeau/.gradle/caches/artifacts-23/filestore/cglib/cglib-nodep/2.1_3/jar/58d3be5953547c0019e5704d6ed4ffda3b0c7c66/cglib-nodep-2.1_3.jar
7fe4cd2d1000-7fe4cd2d8000 r--s 00000000 08:06 156933                     /usr/lib/x86_64-linux-gnu/gconv/gconv-modules.cache
7fe4cd2d8000-7fe4cd2fe000 r--p 00000000 08:06 269792                     /usr/share/locale-langpack/fr/LC_MESSAGES/libc.mo
7fe4cd2fe000-7fe4cd304000 r--s 00036000 08:07 3282965                    /home/cchampeau/.gradle/caches/artifacts-23/filestore/junit/junit/4.11/jar/4e031bb61df09069aeb2bffb4019e7a5034a4ee0/junit-4.11.jar
7fe4cd304000-7fe4cd321000 r--s 0013b000 08:07 5768780                    /home/cchampeau/.gradle/caches/artifacts-23/filestore/org.codehaus.gpars/gpars/1.0.0/jar/3c163b890382e0ca8ffe22e96fae2dc896af9b1f/gpars-1.0.0.jar
7fe4cd321000-7fe4cd323000 r--s 00004000 08:07 6422999                    /home/cchampeau/.gradle/caches/artifacts-23/filestore/org.ow2.asm/asm-tree/4.0/jar/67bd266cd17adcee486b76952ece4cc85fe248b8/asm-tree-4.0.jar
7fe4cd323000-7fe4cd326000 r--s 00018000 08:07 5898369                    /home/cchampeau/.gradle/caches/artifacts-15/filestore/org.apache.ant/ant-junit/1.8.4/jar/ad4ccc70fd89c7441d6b87b2140455917dab951d/ant-junit-1.8.4.jar
7fe4cd326000-7fe4cd328000 r--s 00015000 08:07 5508584                    /home/cchampeau/.gradle/caches/artifacts-15/filestore/jline/jline/1.0/jar/e8f2d4690059d42a8f0f29195884a72a82ce4bb7/jline-1.0.jar
7fe4cd328000-7fe4cd346000 r--s 001bd000 08:07 5508575                    /home/cchampeau/.gradle/caches/artifacts-15/filestore/org.apache.ant/ant/1.8.4/jar/8acff3fb57e74bc062d4675d9dcfaffa0d524972/ant-1.8.4.jar
7fe4cd346000-7fe4cd352000 r--s 0006a000 08:07 5508581                    /home/cchampeau/.gradle/caches/artifacts-15/filestore/com.thoughtworks.xstream/xstream/1.4.2/jar/97e5013f391487cce4de6b0eebcde21549e91872/xstream-1.4.2.jar
7fe4cd352000-7fe4cd35c000 r--s 00371000 08:06 806147                     /opt/jdk1.7.0_40/jre/lib/charsets.jar
7fe4cd35c000-7fe4cd3ea000 r--s 00dd8000 08:06 808111                     /opt/jdk1.7.0_40/jre/lib/jfxrt.jar
7fe4cd3ea000-7fe4cd41b000 rw-p 00000000 00:00 0 
7fe4cd41b000-7fe4cd430000 r-xp 00000000 08:06 807930                     /opt/jdk1.7.0_40/jre/lib/amd64/libnet.so
7fe4cd430000-7fe4cd630000 ---p 00015000 08:06 807930                     /opt/jdk1.7.0_40/jre/lib/amd64/libnet.so
7fe4cd630000-7fe4cd631000 rw-p 00015000 08:06 807930                     /opt/jdk1.7.0_40/jre/lib/amd64/libnet.so
7fe4cd631000-7fe4cd644000 r--s 000d3000 08:06 806171                     /opt/jdk1.7.0_40/jre/lib/plugin.jar
7fe4cd644000-7fe4cd647000 ---p 00000000 00:00 0 
7fe4cd647000-7fe4cd745000 rw-p 00000000 00:00 0                          [stack:18626]
7fe4cd745000-7fe4cd746000 r-xp 00000000 08:06 1603096                    /opt/DEV/idea-IU-129.239/bin/libbreakgen64.so
7fe4cd746000-7fe4cd945000 ---p 00001000 08:06 1603096                    /opt/DEV/idea-IU-129.239/bin/libbreakgen64.so
7fe4cd945000-7fe4cd946000 r--p 00000000 08:06 1603096                    /opt/DEV/idea-IU-129.239/bin/libbreakgen64.so
7fe4cd946000-7fe4cd947000 rw-p 00001000 08:06 1603096                    /opt/DEV/idea-IU-129.239/bin/libbreakgen64.so
7fe4cd947000-7fe4cd948000 ---p 00000000 00:00 0 
7fe4cd948000-7fe4cda48000 rw-p 00000000 00:00 0                          [stack:18625]
7fe4cda48000-7fe4cda4b000 ---p 00000000 00:00 0 
7fe4cda4b000-7fe4cdb49000 rw-p 00000000 00:00 0                          [stack:18624]
7fe4cdb49000-7fe4cdb4c000 ---p 00000000 00:00 0 
7fe4cdb4c000-7fe4cdc4a000 rw-p 00000000 00:00 0                          [stack:18623]
7fe4cdc4a000-7fe4cdc4d000 ---p 00000000 00:00 0 
7fe4cdc4d000-7fe4cdd4b000 rw-p 00000000 00:00 0                          [stack:18622]
7fe4cdd4b000-7fe4cdd4e000 ---p 00000000 00:00 0 
7fe4cdd4e000-7fe4cde4c000 rw-p 00000000 00:00 0                          [stack:18621]
7fe4cde4c000-7fe4ce11a000 r--p 00000000 08:06 1571905                    /usr/lib/locale/locale-archive
7fe4ce11a000-7fe4ce11d000 ---p 00000000 00:00 0 
7fe4ce11d000-7fe4ce21b000 rw-p 00000000 00:00 0                          [stack:18619]
7fe4ce21b000-7fe4ce21e000 ---p 00000000 00:00 0 
7fe4ce21e000-7fe4ce31c000 rw-p 00000000 00:00 0                          [stack:18618]
7fe4ce31c000-7fe4ce31d000 ---p 00000000 00:00 0 
7fe4ce31d000-7fe4cf41c000 rw-p 00000000 00:00 0                          [stack:18617]
7fe4cf41c000-7fe4cf5d8000 r--s 039b0000 08:06 808099                     /opt/jdk1.7.0_40/jre/lib/rt.jar
7fe4cf5d8000-7fe4cfb04000 rw-p 00000000 00:00 0 
7fe4cfb04000-7fe4cfb05000 ---p 00000000 00:00 0 
7fe4cfb05000-7fe4cfc05000 rw-p 00000000 00:00 0                          [stack:18616]
7fe4cfc05000-7fe4cfc06000 ---p 00000000 00:00 0 
7fe4cfc06000-7fe4cfd06000 rw-p 00000000 00:00 0                          [stack:18615]
7fe4cfd06000-7fe4cfd07000 ---p 00000000 00:00 0 
7fe4cfd07000-7fe4cfe07000 rw-p 00000000 00:00 0                          [stack:18614]
7fe4cfe07000-7fe4cfe08000 ---p 00000000 00:00 0 
7fe4cfe08000-7fe4cff32000 rw-p 00000000 00:00 0                          [stack:18613]
7fe4cff32000-7fe4d019e000 rw-p 00000000 00:00 0 
7fe4d019e000-7fe4d01a9000 rw-p 00000000 00:00 0 
7fe4d01a9000-7fe4d01c7000 rw-p 00000000 00:00 0 
7fe4d01c7000-7fe4d01f1000 rw-p 00000000 00:00 0 
7fe4d01f1000-7fe4d045d000 rw-p 00000000 00:00 0 
7fe4d045d000-7fe4d0482000 rw-p 00000000 00:00 0 
7fe4d0482000-7fe4d05a8000 rw-p 00000000 00:00 0 
7fe4d05a8000-7fe4d05a9000 rw-p 00000000 00:00 0 
7fe4d05a9000-7fe4d0819000 rwxp 00000000 00:00 0 
7fe4d0819000-7fe4d35a9000 rw-p 00000000 00:00 0 
7fe4d35a9000-7fe4d35c3000 r-xp 00000000 08:06 807984                     /opt/jdk1.7.0_40/jre/lib/amd64/libzip.so
7fe4d35c3000-7fe4d37c3000 ---p 0001a000 08:06 807984                     /opt/jdk1.7.0_40/jre/lib/amd64/libzip.so
7fe4d37c3000-7fe4d37c4000 rw-p 0001a000 08:06 807984                     /opt/jdk1.7.0_40/jre/lib/amd64/libzip.so
7fe4d37c4000-7fe4d37d0000 r-xp 00000000 08:06 1444640                    /lib/x86_64-linux-gnu/libnss_files-2.17.so
7fe4d37d0000-7fe4d39cf000 ---p 0000c000 08:06 1444640                    /lib/x86_64-linux-gnu/libnss_files-2.17.so
7fe4d39cf000-7fe4d39d0000 r--p 0000b000 08:06 1444640                    /lib/x86_64-linux-gnu/libnss_files-2.17.so
7fe4d39d0000-7fe4d39d1000 rw-p 0000c000 08:06 1444640                    /lib/x86_64-linux-gnu/libnss_files-2.17.so
7fe4d39d1000-7fe4d39dc000 r-xp 00000000 08:06 1444624                    /lib/x86_64-linux-gnu/libnss_nis-2.17.so
7fe4d39dc000-7fe4d3bdb000 ---p 0000b000 08:06 1444624                    /lib/x86_64-linux-gnu/libnss_nis-2.17.so
7fe4d3bdb000-7fe4d3bdc000 r--p 0000a000 08:06 1444624                    /lib/x86_64-linux-gnu/libnss_nis-2.17.so
7fe4d3bdc000-7fe4d3bdd000 rw-p 0000b000 08:06 1444624                    /lib/x86_64-linux-gnu/libnss_nis-2.17.so
7fe4d3bdd000-7fe4d3bf4000 r-xp 00000000 08:06 1442846                    /lib/x86_64-linux-gnu/libnsl-2.17.so
7fe4d3bf4000-7fe4d3df3000 ---p 00017000 08:06 1442846                    /lib/x86_64-linux-gnu/libnsl-2.17.so
7fe4d3df3000-7fe4d3df4000 r--p 00016000 08:06 1442846                    /lib/x86_64-linux-gnu/libnsl-2.17.so
7fe4d3df4000-7fe4d3df5000 rw-p 00017000 08:06 1442846                    /lib/x86_64-linux-gnu/libnsl-2.17.so
7fe4d3df5000-7fe4d3df7000 rw-p 00000000 00:00 0 
7fe4d3df7000-7fe4d3dff000 r-xp 00000000 08:06 1442975                    /lib/x86_64-linux-gnu/libnss_compat-2.17.so
7fe4d3dff000-7fe4d3ffe000 ---p 00008000 08:06 1442975                    /lib/x86_64-linux-gnu/libnss_compat-2.17.so
7fe4d3ffe000-7fe4d3fff000 r--p 00007000 08:06 1442975                    /lib/x86_64-linux-gnu/libnss_compat-2.17.so
7fe4d3fff000-7fe4d4000000 rw-p 00008000 08:06 1442975                    /lib/x86_64-linux-gnu/libnss_compat-2.17.so
7fe4d4000000-7fe4d4f30000 rw-p 00000000 00:00 0 
7fe4d4f30000-7fe4d8000000 ---p 00000000 00:00 0 
7fe4d8000000-7fe4d8001000 r--s 00002000 08:07 5898372                    /home/cchampeau/.gradle/caches/artifacts-15/filestore/org.apache.ant/ant-antlr/1.8.4/jar/df3ac8ffc16e800a3efdc42e90620b76d763b5af/ant-antlr-1.8.4.jar
7fe4d8001000-7fe4d8002000 r--s 00004000 08:07 5508602                    /home/cchampeau/.gradle/caches/artifacts-15/filestore/org.apache.ant/ant-launcher/1.8.4/jar/22f1e0c32a2bfc8edd45520db176bac98cebbbfe/ant-launcher-1.8.4.jar
7fe4d8002000-7fe4d8004000 r--s 00019000 08:07 5508587                    /home/cchampeau/.gradle/caches/artifacts-15/filestore/org.fusesource.jansi/jansi/1.6/jar/100c1cd7b6b97f10af26c1443a7a0cd5ae5e92ad/jansi-1.6.jar
7fe4d8004000-7fe4d8008000 r--s 0008a000 08:06 808112                     /opt/jdk1.7.0_40/jre/lib/jsse.jar
7fe4d8008000-7fe4d8012000 r--s 00066000 08:06 807992                     /opt/jdk1.7.0_40/jre/lib/javaws.jar
7fe4d8012000-7fe4d801d000 rw-p 00000000 00:00 0 
7fe4d801d000-7fe4d803b000 rw-p 00000000 00:00 0 
7fe4d803b000-7fe4d8064000 r-xp 00000000 08:06 807967                     /opt/jdk1.7.0_40/jre/lib/amd64/libjava.so
7fe4d8064000-7fe4d8264000 ---p 00029000 08:06 807967                     /opt/jdk1.7.0_40/jre/lib/amd64/libjava.so
7fe4d8264000-7fe4d8266000 rw-p 00029000 08:06 807967                     /opt/jdk1.7.0_40/jre/lib/amd64/libjava.so
7fe4d8266000-7fe4d8273000 r-xp 00000000 08:06 807929                     /opt/jdk1.7.0_40/jre/lib/amd64/libverify.so
7fe4d8273000-7fe4d8472000 ---p 0000d000 08:06 807929                     /opt/jdk1.7.0_40/jre/lib/amd64/libverify.so
7fe4d8472000-7fe4d8474000 rw-p 0000c000 08:06 807929                     /opt/jdk1.7.0_40/jre/lib/amd64/libverify.so
7fe4d8474000-7fe4d847b000 r-xp 00000000 08:06 1442839                    /lib/x86_64-linux-gnu/librt-2.17.so
7fe4d847b000-7fe4d867a000 ---p 00007000 08:06 1442839                    /lib/x86_64-linux-gnu/librt-2.17.so
7fe4d867a000-7fe4d867b000 r--p 00006000 08:06 1442839                    /lib/x86_64-linux-gnu/librt-2.17.so
7fe4d867b000-7fe4d867c000 rw-p 00007000 08:06 1442839                    /lib/x86_64-linux-gnu/librt-2.17.so
7fe4d867c000-7fe4d877f000 r-xp 00000000 08:06 1444615                    /lib/x86_64-linux-gnu/libm-2.17.so
7fe4d877f000-7fe4d897f000 ---p 00103000 08:06 1444615                    /lib/x86_64-linux-gnu/libm-2.17.so
7fe4d897f000-7fe4d8980000 r--p 00103000 08:06 1444615                    /lib/x86_64-linux-gnu/libm-2.17.so
7fe4d8980000-7fe4d8981000 rw-p 00104000 08:06 1444615                    /lib/x86_64-linux-gnu/libm-2.17.so
7fe4d8981000-7fe4d94da000 r-xp 00000000 08:06 807943                     /opt/jdk1.7.0_40/jre/lib/amd64/server/libjvm.so
7fe4d94da000-7fe4d96d9000 ---p 00b59000 08:06 807943                     /opt/jdk1.7.0_40/jre/lib/amd64/server/libjvm.so
7fe4d96d9000-7fe4d979d000 rw-p 00b58000 08:06 807943                     /opt/jdk1.7.0_40/jre/lib/amd64/server/libjvm.so
7fe4d979d000-7fe4d97dd000 rw-p 00000000 00:00 0 
7fe4d97dd000-7fe4d999b000 r-xp 00000000 08:06 1442930                    /lib/x86_64-linux-gnu/libc-2.17.so
7fe4d999b000-7fe4d9b9a000 ---p 001be000 08:06 1442930                    /lib/x86_64-linux-gnu/libc-2.17.so
7fe4d9b9a000-7fe4d9b9e000 r--p 001bd000 08:06 1442930                    /lib/x86_64-linux-gnu/libc-2.17.so
7fe4d9b9e000-7fe4d9ba0000 rw-p 001c1000 08:06 1442930                    /lib/x86_64-linux-gnu/libc-2.17.so
7fe4d9ba0000-7fe4d9ba5000 rw-p 00000000 00:00 0 
7fe4d9ba5000-7fe4d9ba8000 r-xp 00000000 08:06 1442957                    /lib/x86_64-linux-gnu/libdl-2.17.so
7fe4d9ba8000-7fe4d9da7000 ---p 00003000 08:06 1442957                    /lib/x86_64-linux-gnu/libdl-2.17.so
7fe4d9da7000-7fe4d9da8000 r--p 00002000 08:06 1442957                    /lib/x86_64-linux-gnu/libdl-2.17.so
7fe4d9da8000-7fe4d9da9000 rw-p 00003000 08:06 1442957                    /lib/x86_64-linux-gnu/libdl-2.17.so
7fe4d9da9000-7fe4d9dbf000 r-xp 00000000 08:06 807958                     /opt/jdk1.7.0_40/jre/lib/amd64/jli/libjli.so
7fe4d9dbf000-7fe4d9fbf000 ---p 00016000 08:06 807958                     /opt/jdk1.7.0_40/jre/lib/amd64/jli/libjli.so
7fe4d9fbf000-7fe4d9fc0000 rw-p 00016000 08:06 807958                     /opt/jdk1.7.0_40/jre/lib/amd64/jli/libjli.so
7fe4d9fc0000-7fe4d9fd8000 r-xp 00000000 08:06 1444611                    /lib/x86_64-linux-gnu/libpthread-2.17.so
7fe4d9fd8000-7fe4da1d7000 ---p 00018000 08:06 1444611                    /lib/x86_64-linux-gnu/libpthread-2.17.so
7fe4da1d7000-7fe4da1d8000 r--p 00017000 08:06 1444611                    /lib/x86_64-linux-gnu/libpthread-2.17.so
7fe4da1d8000-7fe4da1d9000 rw-p 00018000 08:06 1444611                    /lib/x86_64-linux-gnu/libpthread-2.17.so
7fe4da1d9000-7fe4da1dd000 rw-p 00000000 00:00 0 
7fe4da1dd000-7fe4da200000 r-xp 00000000 08:06 1442876                    /lib/x86_64-linux-gnu/ld-2.17.so
7fe4da200000-7fe4da202000 r--s 00019000 08:06 806149                     /opt/jdk1.7.0_40/jre/lib/jce.jar
7fe4da202000-7fe4da21a000 r--s 001c5000 08:06 806132                     /opt/jdk1.7.0_40/jre/lib/deploy.jar
7fe4da21a000-7fe4da224000 rw-p 00000000 00:00 0 
7fe4da224000-7fe4da2da000 rw-p 00000000 00:00 0 
7fe4da2da000-7fe4da2dd000 ---p 00000000 00:00 0 
7fe4da2dd000-7fe4da3df000 rw-p 00000000 00:00 0                          [stack:18612]
7fe4da3df000-7fe4da3e4000 r--s 0007d000 08:06 808101                     /opt/jdk1.7.0_40/jre/lib/jfr.jar
7fe4da3e4000-7fe4da3e5000 r--s 00000000 08:06 806167                     /opt/jdk1.7.0_40/jre/lib/management-agent.jar
7fe4da3e5000-7fe4da3ee000 r--s 00250000 08:06 808042                     /opt/jdk1.7.0_40/jre/lib/resources.jar
7fe4da3ee000-7fe4da3f1000 r--s 0001b000 08:06 1705416                    /opt/DEV/idea-IU-129.239/plugins/junit/lib/junit-rt.jar
7fe4da3f1000-7fe4da3f3000 r--s 00013000 08:06 1576783                    /opt/DEV/idea-IU-129.239/lib/idea_rt.jar
7fe4da3f3000-7fe4da3fb000 rw-s 00000000 08:06 791345                     /tmp/hsperfdata_cchampeau/18610
7fe4da3fb000-7fe4da3fc000 rw-p 00000000 00:00 0 
7fe4da3fc000-7fe4da3fd000 r--p 00000000 00:00 0 
7fe4da3fd000-7fe4da3ff000 rw-p 00000000 00:00 0 
7fe4da3ff000-7fe4da400000 r--p 00022000 08:06 1442876                    /lib/x86_64-linux-gnu/ld-2.17.so
7fe4da400000-7fe4da402000 rw-p 00023000 08:06 1442876                    /lib/x86_64-linux-gnu/ld-2.17.so
7fffae8a9000-7fffae8cc000 rw-p 00000000 00:00 0                          [stack]
7fffae8ec000-7fffae8ee000 r-xp 00000000 00:00 0                          [vdso]
ffffffffff600000-ffffffffff601000 r-xp 00000000 00:00 0                  [vsyscall]

VM Arguments:
jvm_args: -ea -XX:+UnlockDiagnosticVMOptions -XX:+PrintCompilation -XX:+PrintInlining -Didea.launcher.port=7532 -Didea.launcher.bin.path=/opt/DEV/idea-IU-129.239/bin -Dfile.encoding=UTF-8 
java_command: com.intellij.rt.execution.application.AppMain com.intellij.rt.execution.junit.JUnitStarter -ideVersion5 -junit3 groovy.transform.stc.ClosuresSTCTest,testClosureReturnTypeInferrence
Launcher Type: SUN_STANDARD

Environment Variables:
CLASSPATH=/opt/DEV/idea12/bin/../lib/bootstrap.jar:/opt/DEV/idea12/bin/../lib/extensions.jar:/opt/DEV/idea12/bin/../lib/util.jar:/opt/DEV/idea12/bin/../lib/jdom.jar:/opt/DEV/idea12/bin/../lib/log4j.jar:/opt/DEV/idea12/bin/../lib/trove4j.jar:/opt/DEV/idea12/bin/../lib/jna.jar:/usr/lib/jvm/java-7-openjdk-amd64/lib/tools.jar
PATH=/home/cchampeau/bin:/usr/local/sbin:/usr/local/bin:/usr/sbin:/usr/bin:/sbin:/bin:/usr/games:/usr/local/games
USERNAME=cchampeau
LD_LIBRARY_PATH=/opt/DEV/idea12/bin:
SHELL=/bin/bash
DISPLAY=:0.0

Signal Handlers:
SIGSEGV: [libjvm.so+0x98b260], sa_mask[0]=0x7ffbfeff, sa_flags=0x10000004
SIGBUS: [libjvm.so+0x98b260], sa_mask[0]=0x7ffbfeff, sa_flags=0x10000004
SIGFPE: [libjvm.so+0x808990], sa_mask[0]=0x7ffbfeff, sa_flags=0x10000004
SIGPIPE: [libjvm.so+0x808990], sa_mask[0]=0x7ffbfeff, sa_flags=0x10000004
SIGXFSZ: [libjvm.so+0x808990], sa_mask[0]=0x7ffbfeff, sa_flags=0x10000004
SIGILL: [libjvm.so+0x808990], sa_mask[0]=0x7ffbfeff, sa_flags=0x10000004
SIGUSR1: SIG_DFL, sa_mask[0]=0x00000000, sa_flags=0x00000000
SIGUSR2: [libjvm.so+0x809eb0], sa_mask[0]=0x00000004, sa_flags=0x10000004
SIGHUP: [libjvm.so+0x80ae10], sa_mask[0]=0x7ffbfeff, sa_flags=0x10000004
SIGINT: [libjvm.so+0x80ae10], sa_mask[0]=0x7ffbfeff, sa_flags=0x10000004
SIGTERM: [libjvm.so+0x80ae10], sa_mask[0]=0x7ffbfeff, sa_flags=0x10000004
SIGQUIT: [libjvm.so+0x80ae10], sa_mask[0]=0x7ffbfeff, sa_flags=0x10000004


---------------  S Y S T E M  ---------------

OS:wheezy/sid

uname:Linux 3.8.0-22-generic #33-Ubuntu SMP Thu May 16 15:17:14 UTC 2013 x86_64
libc:glibc 2.17 NPTL 2.17 
rlimit: STACK 8192k, CORE 0k, NPROC 63399, NOFILE 4096, AS infinity
load average:0,17 0,33 0,45

/proc/meminfo:
MemTotal:        8134204 kB
MemFree:          595324 kB
Buffers:          139256 kB
Cached:          3300352 kB
SwapCached:        12644 kB
Active:          4510308 kB
Inactive:        2649192 kB
Active(anon):    2800600 kB
Inactive(anon):   953632 kB
Active(file):    1709708 kB
Inactive(file):  1695560 kB
Unevictable:         192 kB
Mlocked:             192 kB
SwapTotal:       3998716 kB
SwapFree:        3929288 kB
Dirty:               504 kB
Writeback:             0 kB
AnonPages:       3710276 kB
Mapped:           248112 kB
Shmem:             34340 kB
Slab:             193712 kB
SReclaimable:     151216 kB
SUnreclaim:        42496 kB
KernelStack:        5720 kB
PageTables:        58084 kB
NFS_Unstable:          0 kB
Bounce:                0 kB
WritebackTmp:          0 kB
CommitLimit:     8065816 kB
Committed_AS:    8158180 kB
VmallocTotal:   34359738367 kB
VmallocUsed:      118688 kB
VmallocChunk:   34359617020 kB
HardwareCorrupted:     0 kB
AnonHugePages:         0 kB
HugePages_Total:       0
HugePages_Free:        0
HugePages_Rsvd:        0
HugePages_Surp:        0
Hugepagesize:       2048 kB
DirectMap4k:      262144 kB
DirectMap2M:     8085504 kB


CPU:total 4 (2 cores per cpu, 2 threads per core) family 6 model 42 stepping 7, cmov, cx8, fxsr, mmx, sse, sse2, sse3, ssse3, sse4.1, sse4.2, popcnt, avx, aes, ht, tsc, tscinvbit

/proc/cpuinfo:
processor	: 0
vendor_id	: GenuineIntel
cpu family	: 6
model		: 42
model name	: Intel(R) Core(TM) i7-2620M CPU @ 2.70GHz
stepping	: 7
microcode	: 0x23
cpu MHz		: 2701.000
cache size	: 4096 KB
physical id	: 0
siblings	: 4
core id		: 0
cpu cores	: 2
apicid		: 0
initial apicid	: 0
fpu		: yes
fpu_exception	: yes
cpuid level	: 13
wp		: yes
flags		: fpu vme de pse tsc msr pae mce cx8 apic sep mtrr pge mca cmov pat pse36 clflush dts acpi mmx fxsr sse sse2 ss ht tm pbe syscall nx rdtscp lm constant_tsc arch_perfmon pebs bts rep_good nopl xtopology nonstop_tsc aperfmperf eagerfpu pni pclmulqdq dtes64 monitor ds_cpl vmx smx est tm2 ssse3 cx16 xtpr pdcm pcid sse4_1 sse4_2 x2apic popcnt tsc_deadline_timer aes xsave avx lahf_lm ida arat epb xsaveopt pln pts dtherm tpr_shadow vnmi flexpriority ept vpid
bogomips	: 5387.93
clflush size	: 64
cache_alignment	: 64
address sizes	: 36 bits physical, 48 bits virtual
power management:

processor	: 1
vendor_id	: GenuineIntel
cpu family	: 6
model		: 42
model name	: Intel(R) Core(TM) i7-2620M CPU @ 2.70GHz
stepping	: 7
microcode	: 0x23
cpu MHz		: 2700.000
cache size	: 4096 KB
physical id	: 0
siblings	: 4
core id		: 1
cpu cores	: 2
apicid		: 2
initial apicid	: 2
fpu		: yes
fpu_exception	: yes
cpuid level	: 13
wp		: yes
flags		: fpu vme de pse tsc msr pae mce cx8 apic sep mtrr pge mca cmov pat pse36 clflush dts acpi mmx fxsr sse sse2 ss ht tm pbe syscall nx rdtscp lm constant_tsc arch_perfmon pebs bts rep_good nopl xtopology nonstop_tsc aperfmperf eagerfpu pni pclmulqdq dtes64 monitor ds_cpl vmx smx est tm2 ssse3 cx16 xtpr pdcm pcid sse4_1 sse4_2 x2apic popcnt tsc_deadline_timer aes xsave avx lahf_lm ida arat epb xsaveopt pln pts dtherm tpr_shadow vnmi flexpriority ept vpid
bogomips	: 5387.93
clflush size	: 64
cache_alignment	: 64
address sizes	: 36 bits physical, 48 bits virtual
power management:

processor	: 2
vendor_id	: GenuineIntel
cpu family	: 6
model		: 42
model name	: Intel(R) Core(TM) i7-2620M CPU @ 2.70GHz
stepping	: 7
microcode	: 0x23
cpu MHz		: 1600.000
cache size	: 4096 KB
physical id	: 0
siblings	: 4
core id		: 0
cpu cores	: 2
apicid		: 1
initial apicid	: 1
fpu		: yes
fpu_exception	: yes
cpuid level	: 13
wp		: yes
flags		: fpu vme de pse tsc msr pae mce cx8 apic sep mtrr pge mca cmov pat pse36 clflush dts acpi mmx fxsr sse sse2 ss ht tm pbe syscall nx rdtscp lm constant_tsc arch_perfmon pebs bts rep_good nopl xtopology nonstop_tsc aperfmperf eagerfpu pni pclmulqdq dtes64 monitor ds_cpl vmx smx est tm2 ssse3 cx16 xtpr pdcm pcid sse4_1 sse4_2 x2apic popcnt tsc_deadline_timer aes xsave avx lahf_lm ida arat epb xsaveopt pln pts dtherm tpr_shadow vnmi flexpriority ept vpid
bogomips	: 5387.93
clflush size	: 64
cache_alignment	: 64
address sizes	: 36 bits physical, 48 bits virtual
power management:

processor	: 3
vendor_id	: GenuineIntel
cpu family	: 6
model		: 42
model name	: Intel(R) Core(TM) i7-2620M CPU @ 2.70GHz
stepping	: 7
microcode	: 0x23
cpu MHz		: 2701.000
cache size	: 4096 KB
physical id	: 0
siblings	: 4
core id		: 1
cpu cores	: 2
apicid		: 3
initial apicid	: 3
fpu		: yes
fpu_exception	: yes
cpuid level	: 13
wp		: yes
flags		: fpu vme de pse tsc msr pae mce cx8 apic sep mtrr pge mca cmov pat pse36 clflush dts acpi mmx fxsr sse sse2 ss ht tm pbe syscall nx rdtscp lm constant_tsc arch_perfmon pebs bts rep_good nopl xtopology nonstop_tsc aperfmperf eagerfpu pni pclmulqdq dtes64 monitor ds_cpl vmx smx est tm2 ssse3 cx16 xtpr pdcm pcid sse4_1 sse4_2 x2apic popcnt tsc_deadline_timer aes xsave avx lahf_lm ida arat epb xsaveopt pln pts dtherm tpr_shadow vnmi flexpriority ept vpid
bogomips	: 5387.93
clflush size	: 64
cache_alignment	: 64
address sizes	: 36 bits physical, 48 bits virtual
power management:



Memory: 4k page, physical 8134204k(595324k free), swap 3998716k(3929288k free)

vm_info: Java HotSpot(TM) 64-Bit Server VM (24.0-b48) for linux-amd64 JRE (1.7.0_40-ea-b29), built on Jun 13 2013 00:13:13 by "java_re" with gcc 4.3.0 20080428 (Red Hat 4.3.0-8)

time: Tue Jun 18 17:43:58 2013
elapsed time: 0 seconds

