#
# A fatal error has been detected by the Java Runtime Environment:
#
#  Internal Error (compile.hpp:420), pid=14410, tid=140606700697344
#  Error: ShouldNotReachHere()
#
# JRE version: Java(TM) SE Runtime Environment (7.0_40-b29) (build 1.7.0_40-ea-b29)
# Java VM: Java HotSpot(TM) 64-Bit Server VM (24.0-b48 mixed mode linux-amd64 compressed oops)
# Failed to write core dump. Core dumps have been disabled. To enable core dumping, try "ulimit -c unlimited" before starting Java again
#
# If you would like to submit a bug report, please visit:
#   http://bugreport.sun.com/bugreport/crash.jsp
#

---------------  T H R E A D  ---------------

Current thread (0x00007fe190093800):  JavaThread "C2 CompilerThread1" daemon [_thread_in_native, id=14423, stack(0x00007fe18c62b000,0x00007fe18c72c000)]

Stack: [0x00007fe18c62b000,0x00007fe18c72c000],  sp=0x00007fe18c728d00,  free space=1015k
Native frames: (J=compiled Java code, j=interpreted, Vv=VM code, C=native code)
V  [libjvm.so+0x98a93a]  VMError::report_and_die()+0x2ea
V  [libjvm.so+0x494c92]  report_should_not_reach_here(char const*, int)+0x52
V  [libjvm.so+0x3b5975]  Compile::print_inlining_insert(CallGenerator*)+0x145
V  [libjvm.so+0x3b449c]  LateInlineCallGenerator::do_late_inline()+0x42c
V  [libjvm.so+0x444157]  Compile::inline_string_calls(bool)+0x267
V  [libjvm.so+0x44641a]  Compile::Compile(ciEnv*, C2Compiler*, ciMethod*, int, bool, bool)+0x15aa
V  [libjvm.so+0x3b16d6]  C2Compiler::compile_method(ciEnv*, ciMethod*, int)+0x176
V  [libjvm.so+0x44d84e]  CompileBroker::invoke_compiler_on_method(CompileTask*)+0x33e
V  [libjvm.so+0x44e61d]  CompileBroker::compiler_thread_loop()+0x43d
V  [libjvm.so+0x944a1f]  JavaThread::thread_main_inner()+0xdf
V  [libjvm.so+0x944b25]  JavaThread::run()+0xf5
V  [libjvm.so+0x80d6a8]  java_start(Thread*)+0x108


Current CompileTask:
C2:    807   69             java.util.Properties::saveConvert (434 bytes)


---------------  P R O C E S S  ---------------

Java Threads: ( => current thread )
  0x00007fe1903e7000 JavaThread "AWT-XAWT" daemon [_thread_in_native, id=14430, stack(0x00007fe175f7b000,0x00007fe17607c000)]
  0x00007fe1903c5800 JavaThread "Java2D Disposer" daemon [_thread_blocked, id=14429, stack(0x00007fe17648d000,0x00007fe17658e000)]
  0x00007fe1902dd800 JavaThread "Timer-0" daemon [_thread_blocked, id=14428, stack(0x00007fe177c49000,0x00007fe177d4a000)]
  0x00007fe190172800 JavaThread "Monitor Ctrl-Break" daemon [_thread_in_native, id=14426, stack(0x00007fe18c0a4000,0x00007fe18c1a5000)]
  0x00007fe190096000 JavaThread "Service Thread" daemon [_thread_blocked, id=14424, stack(0x00007fe18c52a000,0x00007fe18c62b000)]
=>0x00007fe190093800 JavaThread "C2 CompilerThread1" daemon [_thread_in_native, id=14423, stack(0x00007fe18c62b000,0x00007fe18c72c000)]
  0x00007fe190090800 JavaThread "C2 CompilerThread0" daemon [_thread_in_native, id=14422, stack(0x00007fe18c72c000,0x00007fe18c82d000)]
  0x00007fe190086800 JavaThread "Signal Dispatcher" daemon [_thread_blocked, id=14421, stack(0x00007fe18c82d000,0x00007fe18c92e000)]
  0x00007fe19006f000 JavaThread "Finalizer" daemon [_thread_blocked, id=14419, stack(0x00007fe18cbfc000,0x00007fe18ccfd000)]
  0x00007fe19006d000 JavaThread "Reference Handler" daemon [_thread_blocked, id=14418, stack(0x00007fe18ccfd000,0x00007fe18cdfe000)]
  0x00007fe19000b800 JavaThread "main" [_thread_in_Java, id=14412, stack(0x00007fe198e71000,0x00007fe198f72000)]

Other Threads:
  0x00007fe19006b000 VMThread [stack: 0x00007fe18cdfe000,0x00007fe18ceff000] [id=14417]
  0x00007fe1900a0800 WatcherThread [stack: 0x00007fe18c429000,0x00007fe18c52a000] [id=14425]

VM state:not at safepoint (normal execution)

VM Mutex/Monitor currently owned by a thread: None

Heap
 PSYoungGen      total 37376K, used 27302K [0x00000007d6a00000, 0x00000007d9380000, 0x0000000800000000)
  eden space 32256K, 84% used [0x00000007d6a00000,0x00000007d84a9880,0x00000007d8980000)
  from space 5120K, 0% used [0x00000007d8e80000,0x00000007d8e80000,0x00000007d9380000)
  to   space 5120K, 0% used [0x00000007d8980000,0x00000007d8980000,0x00000007d8e80000)
 ParOldGen       total 84480K, used 0K [0x0000000783e00000, 0x0000000789080000, 0x00000007d6a00000)
  object space 84480K, 0% used [0x0000000783e00000,0x0000000783e00000,0x0000000789080000)
 PSPermGen       total 21504K, used 12688K [0x000000077ec00000, 0x0000000780100000, 0x0000000783e00000)
  object space 21504K, 59% used [0x000000077ec00000,0x000000077f8640c0,0x0000000780100000)

Card table byte_map: [0x00007fe195d70000,0x00007fe19617b000] byte_map_base: 0x00007fe19217a000

Polling page: 0x00007fe198f93000

Code Cache  [0x00007fe18d000000, 0x00007fe18d270000, 0x00007fe190000000)
 total_blobs=690 nmethods=67 adapters=574 free_code_cache=47523Kb largest_free_block=48648256

Compilation events (10 events):
Event: 0,771 Thread 0x00007fe190093800   64             java.lang.StringBuilder::toString (17 bytes)
Event: 0,772 Thread 0x00007fe190090800   65             java.lang.StringBuilder::<init> (7 bytes)
Event: 0,773 Thread 0x00007fe190090800 nmethod 65 0x00007fe18d1905d0 code [0x00007fe18d190720, 0x00007fe18d190818]
Event: 0,775 Thread 0x00007fe190093800 nmethod 64 0x00007fe18d191a90 code [0x00007fe18d191be0, 0x00007fe18d191ed8]
Event: 0,787 Thread 0x00007fe190090800   66             java.util.HashMap::get (29 bytes)
Event: 0,791 Thread 0x00007fe190090800 nmethod 66 0x00007fe18d192dd0 code [0x00007fe18d192f40, 0x00007fe18d193178]
Event: 0,800 Thread 0x00007fe190093800   67             java.lang.AbstractStringBuilder::append (29 bytes)
Event: 0,802 Thread 0x00007fe190090800   68  s          java.lang.StringBuffer::append (8 bytes)
Event: 0,803 Thread 0x00007fe190093800 nmethod 67 0x00007fe18d1954d0 code [0x00007fe18d195620, 0x00007fe18d195958]
Event: 0,803 Thread 0x00007fe190093800   69             java.util.Properties::saveConvert (434 bytes)

GC Heap History (0 events):
No events

Deoptimization events (1 events):
Event: 0,653 Thread 0x00007fe19000b800 Uncommon trap: reason=null_check action=make_not_entrant pc=0x00007fe18d160068 method=java.lang.String.equals(Ljava/lang/Object;)Z @ 8

Internal exceptions (10 events):
Event: 0,613 Thread 0x00007fe19000b800 Threw 0x00000007d814bbf8 at /HUDSON/workspace/jdk7u40-2-build-linux-amd64-product/jdk7u40/hotspot/src/share/vm/prims/jvm.cpp:1172
Event: 0,613 Thread 0x00007fe19000b800 Threw 0x00000007d814be88 at /HUDSON/workspace/jdk7u40-2-build-linux-amd64-product/jdk7u40/hotspot/src/share/vm/classfile/systemDictionary.cpp:185
Event: 0,613 Thread 0x00007fe19000b800 Threw 0x00000007d814c668 at /HUDSON/workspace/jdk7u40-2-build-linux-amd64-product/jdk7u40/hotspot/src/share/vm/prims/jvm.cpp:1172
Event: 0,613 Thread 0x00007fe19000b800 Threw 0x00000007d8153330 at /HUDSON/workspace/jdk7u40-2-build-linux-amd64-product/jdk7u40/hotspot/src/share/vm/prims/jvm.cpp:1172
Event: 0,613 Thread 0x00007fe19000b800 Threw 0x00000007d81534c0 at /HUDSON/workspace/jdk7u40-2-build-linux-amd64-product/jdk7u40/hotspot/src/share/vm/classfile/systemDictionary.cpp:185
Event: 0,619 Thread 0x00007fe19000b800 Threw 0x00000007d816ca38 at /HUDSON/workspace/jdk7u40-2-build-linux-amd64-product/jdk7u40/hotspot/src/share/vm/prims/jni.cpp:717
Event: 0,619 Thread 0x00007fe19000b800 Threw 0x00000007d816d3e0 at /HUDSON/workspace/jdk7u40-2-build-linux-amd64-product/jdk7u40/hotspot/src/share/vm/prims/jni.cpp:717
Event: 0,620 Thread 0x00007fe19000b800 Threw 0x00000007d816f488 at /HUDSON/workspace/jdk7u40-2-build-linux-amd64-product/jdk7u40/hotspot/src/share/vm/prims/jvm.cpp:1172
Event: 0,620 Thread 0x00007fe19000b800 Threw 0x00000007d8177008 at /HUDSON/workspace/jdk7u40-2-build-linux-amd64-product/jdk7u40/hotspot/src/share/vm/prims/jvm.cpp:1172
Event: 0,653 Thread 0x00007fe19000b800 Implicit null exception at 0x00007fe18d15fe58 to 0x00007fe18d160059

Events (10 events):
Event: 0,797 loading class 0x00007fe1951f72b0
Event: 0,797 loading class 0x00007fe1951f72b0 done
Event: 0,797 loading class 0x00007fe19523ec90
Event: 0,797 loading class 0x00007fe16402ab00
Event: 0,797 loading class 0x00007fe16402ab00 done
Event: 0,797 loading class 0x00007fe19523ec90 done
Event: 0,797 loading class 0x00007fe195225210
Event: 0,797 loading class 0x00007fe195225210 done
Event: 0,797 loading class 0x00007fe164029d30
Event: 0,797 loading class 0x00007fe164029d30 done


Dynamic libraries:
00400000-00401000 r-xp 00000000 08:06 804997                             /opt/jdk1.7.0_40/bin/java
00600000-00601000 rw-p 00000000 08:06 804997                             /opt/jdk1.7.0_40/bin/java
024a0000-024c1000 rw-p 00000000 00:00 0                                  [heap]
77ec00000-780100000 rw-p 00000000 00:00 0 
780100000-783e00000 rw-p 00000000 00:00 0 
783e00000-789080000 rw-p 00000000 00:00 0 
789080000-7d6a00000 rw-p 00000000 00:00 0 
7d6a00000-7d9380000 rw-p 00000000 00:00 0 
7d9380000-800000000 rw-p 00000000 00:00 0 
7fe13ec90000-7fe13fdff000 r-xp 00000000 08:06 1574484                    /usr/lib/x86_64-linux-gnu/libicudata.so.48.1.1
7fe13fdff000-7fe13fffe000 ---p 0116f000 08:06 1574484                    /usr/lib/x86_64-linux-gnu/libicudata.so.48.1.1
7fe13fffe000-7fe13ffff000 r--p 0116e000 08:06 1574484                    /usr/lib/x86_64-linux-gnu/libicudata.so.48.1.1
7fe13ffff000-7fe140000000 rw-p 0116f000 08:06 1574484                    /usr/lib/x86_64-linux-gnu/libicudata.so.48.1.1
7fe140000000-7fe140021000 rw-p 00000000 00:00 0 
7fe140021000-7fe144000000 ---p 00000000 00:00 0 
7fe1440ff000-7fe144268000 rw-p 00000000 00:00 0 
7fe144268000-7fe144278000 r-xp 00000000 08:06 807970                     /opt/jdk1.7.0_40/jre/lib/amd64/libnio.so
7fe144278000-7fe144478000 ---p 00010000 08:06 807970                     /opt/jdk1.7.0_40/jre/lib/amd64/libnio.so
7fe144478000-7fe144479000 rw-p 00010000 08:06 807970                     /opt/jdk1.7.0_40/jre/lib/amd64/libnio.so
7fe144479000-7fe1444d8000 r-xp 00000000 08:06 807935                     /opt/jdk1.7.0_40/jre/lib/amd64/libfontmanager.so
7fe1444d8000-7fe1446d8000 ---p 0005f000 08:06 807935                     /opt/jdk1.7.0_40/jre/lib/amd64/libfontmanager.so
7fe1446d8000-7fe1446dc000 rw-p 0005f000 08:06 807935                     /opt/jdk1.7.0_40/jre/lib/amd64/libfontmanager.so
7fe1446dc000-7fe1446ed000 rw-p 00000000 00:00 0 
7fe1446ed000-7fe1446f6000 r-xp 00000000 08:06 132529                     /usr/lib/x86_64-linux-gnu/gtk-2.0/2.10.0/engines/libpixmap.so
7fe1446f6000-7fe1448f6000 ---p 00009000 08:06 132529                     /usr/lib/x86_64-linux-gnu/gtk-2.0/2.10.0/engines/libpixmap.so
7fe1448f6000-7fe1448f7000 r--p 00009000 08:06 132529                     /usr/lib/x86_64-linux-gnu/gtk-2.0/2.10.0/engines/libpixmap.so
7fe1448f7000-7fe1448f8000 rw-p 0000a000 08:06 132529                     /usr/lib/x86_64-linux-gnu/gtk-2.0/2.10.0/engines/libpixmap.so
7fe1448f8000-7fe144927000 r-xp 00000000 08:06 135411                     /usr/lib/x86_64-linux-gnu/gtk-2.0/2.10.0/engines/libmurrine.so
7fe144927000-7fe144b27000 ---p 0002f000 08:06 135411                     /usr/lib/x86_64-linux-gnu/gtk-2.0/2.10.0/engines/libmurrine.so
7fe144b27000-7fe144b28000 r--p 0002f000 08:06 135411                     /usr/lib/x86_64-linux-gnu/gtk-2.0/2.10.0/engines/libmurrine.so
7fe144b28000-7fe144b29000 rw-p 00030000 08:06 135411                     /usr/lib/x86_64-linux-gnu/gtk-2.0/2.10.0/engines/libmurrine.so
7fe144b29000-7fe144b2a000 r-xp 00000000 08:06 1583220                    /usr/lib/x86_64-linux-gnu/libgthread-2.0.so.0.3600.0
7fe144b2a000-7fe144d29000 ---p 00001000 08:06 1583220                    /usr/lib/x86_64-linux-gnu/libgthread-2.0.so.0.3600.0
7fe144d29000-7fe144d2a000 r--p 00000000 08:06 1583220                    /usr/lib/x86_64-linux-gnu/libgthread-2.0.so.0.3600.0
7fe144d2a000-7fe144d2b000 rw-p 00001000 08:06 1583220                    /usr/lib/x86_64-linux-gnu/libgthread-2.0.so.0.3600.0
7fe144d2b000-7fe144d3f000 r-xp 00000000 08:06 1442853                    /lib/x86_64-linux-gnu/libgcc_s.so.1
7fe144d3f000-7fe144f3f000 ---p 00014000 08:06 1442853                    /lib/x86_64-linux-gnu/libgcc_s.so.1
7fe144f3f000-7fe144f40000 r--p 00014000 08:06 1442853                    /lib/x86_64-linux-gnu/libgcc_s.so.1
7fe144f40000-7fe144f41000 rw-p 00015000 08:06 1442853                    /lib/x86_64-linux-gnu/libgcc_s.so.1
7fe144f41000-7fe145026000 r-xp 00000000 08:06 1577861                    /usr/lib/x86_64-linux-gnu/libstdc++.so.6.0.17
7fe145026000-7fe145225000 ---p 000e5000 08:06 1577861                    /usr/lib/x86_64-linux-gnu/libstdc++.so.6.0.17
7fe145225000-7fe14522d000 r--p 000e4000 08:06 1577861                    /usr/lib/x86_64-linux-gnu/libstdc++.so.6.0.17
7fe14522d000-7fe14522f000 rw-p 000ec000 08:06 1577861                    /usr/lib/x86_64-linux-gnu/libstdc++.so.6.0.17
7fe14522f000-7fe145244000 rw-p 00000000 00:00 0 
7fe145244000-7fe14539a000 r-xp 00000000 08:06 1574485                    /usr/lib/x86_64-linux-gnu/libicuuc.so.48.1.1
7fe14539a000-7fe145599000 ---p 00156000 08:06 1574485                    /usr/lib/x86_64-linux-gnu/libicuuc.so.48.1.1
7fe145599000-7fe1455aa000 r--p 00155000 08:06 1574485                    /usr/lib/x86_64-linux-gnu/libicuuc.so.48.1.1
7fe1455aa000-7fe1455ab000 rw-p 00166000 08:06 1574485                    /usr/lib/x86_64-linux-gnu/libicuuc.so.48.1.1
7fe1455ab000-7fe1455af000 rw-p 00000000 00:00 0 
7fe1455af000-7fe1455e1000 r-xp 00000000 08:06 1574483                    /usr/lib/x86_64-linux-gnu/libicule.so.48.1.1
7fe1455e1000-7fe1457e1000 ---p 00032000 08:06 1574483                    /usr/lib/x86_64-linux-gnu/libicule.so.48.1.1
7fe1457e1000-7fe1457e3000 r--p 00032000 08:06 1574483                    /usr/lib/x86_64-linux-gnu/libicule.so.48.1.1
7fe1457e3000-7fe1457e4000 rw-p 00034000 08:06 1574483                    /usr/lib/x86_64-linux-gnu/libicule.so.48.1.1
7fe1457e4000-7fe145821000 r-xp 00000000 08:06 1442900                    /lib/x86_64-linux-gnu/libpcre.so.3.13.1
7fe145821000-7fe145a21000 ---p 0003d000 08:06 1442900                    /lib/x86_64-linux-gnu/libpcre.so.3.13.1
7fe145a21000-7fe145a22000 r--p 0003d000 08:06 1442900                    /lib/x86_64-linux-gnu/libpcre.so.3.13.1
7fe145a22000-7fe145a23000 rw-p 0003e000 08:06 1442900                    /lib/x86_64-linux-gnu/libpcre.so.3.13.1
7fe145a23000-7fe145a2a000 r-xp 00000000 08:06 1577134                    /usr/lib/x86_64-linux-gnu/libffi.so.6.0.1
7fe145a2a000-7fe145c29000 ---p 00007000 08:06 1577134                    /usr/lib/x86_64-linux-gnu/libffi.so.6.0.1
7fe145c29000-7fe145c2a000 r--p 00006000 08:06 1577134                    /usr/lib/x86_64-linux-gnu/libffi.so.6.0.1
7fe145c2a000-7fe145c2b000 rw-p 00007000 08:06 1577134                    /usr/lib/x86_64-linux-gnu/libffi.so.6.0.1
7fe145c2b000-7fe145c51000 r-xp 00000000 08:06 1443068                    /lib/x86_64-linux-gnu/libexpat.so.1.6.0
7fe145c51000-7fe145e51000 ---p 00026000 08:06 1443068                    /lib/x86_64-linux-gnu/libexpat.so.1.6.0
7fe145e51000-7fe145e53000 r--p 00026000 08:06 1443068                    /lib/x86_64-linux-gnu/libexpat.so.1.6.0
7fe145e53000-7fe145e54000 rw-p 00028000 08:06 1443068                    /lib/x86_64-linux-gnu/libexpat.so.1.6.0
7fe145e54000-7fe145ee9000 r-xp 00000000 08:06 1572985                    /usr/lib/x86_64-linux-gnu/libharfbuzz.so.0.913.0
7fe145ee9000-7fe1460e8000 ---p 00095000 08:06 1572985                    /usr/lib/x86_64-linux-gnu/libharfbuzz.so.0.913.0
7fe1460e8000-7fe1460ea000 r--p 00094000 08:06 1572985                    /usr/lib/x86_64-linux-gnu/libharfbuzz.so.0.913.0
7fe1460ea000-7fe1460eb000 rw-p 00096000 08:06 1572985                    /usr/lib/x86_64-linux-gnu/libharfbuzz.so.0.913.0
7fe1460eb000-7fe146101000 r-xp 00000000 08:06 1442920                    /lib/x86_64-linux-gnu/libresolv-2.17.so
7fe146101000-7fe146301000 ---p 00016000 08:06 1442920                    /lib/x86_64-linux-gnu/libresolv-2.17.so
7fe146301000-7fe146302000 r--p 00016000 08:06 1442920                    /lib/x86_64-linux-gnu/libresolv-2.17.so
7fe146302000-7fe146303000 rw-p 00017000 08:06 1442920                    /lib/x86_64-linux-gnu/libresolv-2.17.so
7fe146303000-7fe146305000 rw-p 00000000 00:00 0 
7fe146305000-7fe146322000 r-xp 00000000 08:06 1442966                    /lib/x86_64-linux-gnu/libselinux.so.1
7fe146322000-7fe146521000 ---p 0001d000 08:06 1442966                    /lib/x86_64-linux-gnu/libselinux.so.1
7fe146521000-7fe146522000 r--p 0001c000 08:06 1442966                    /lib/x86_64-linux-gnu/libselinux.so.1
7fe146522000-7fe146523000 rw-p 0001d000 08:06 1442966                    /lib/x86_64-linux-gnu/libselinux.so.1
7fe146523000-7fe146524000 rw-p 00000000 00:00 0 
7fe146524000-7fe14653a000 r-xp 00000000 08:06 1443997                    /lib/x86_64-linux-gnu/libz.so.1.2.7
7fe14653a000-7fe146739000 ---p 00016000 08:06 1443997                    /lib/x86_64-linux-gnu/libz.so.1.2.7
7fe146739000-7fe14673a000 r--p 00015000 08:06 1443997                    /lib/x86_64-linux-gnu/libz.so.1.2.7
7fe14673a000-7fe14673b000 rw-p 00016000 08:06 1443997                    /lib/x86_64-linux-gnu/libz.so.1.2.7
7fe14673b000-7fe146743000 r-xp 00000000 08:06 1576659                    /usr/lib/x86_64-linux-gnu/libxcb-render.so.0.0.0
7fe146743000-7fe146943000 ---p 00008000 08:06 1576659                    /usr/lib/x86_64-linux-gnu/libxcb-render.so.0.0.0
7fe146943000-7fe146944000 r--p 00008000 08:06 1576659                    /usr/lib/x86_64-linux-gnu/libxcb-render.so.0.0.0
7fe146944000-7fe146945000 rw-p 00009000 08:06 1576659                    /usr/lib/x86_64-linux-gnu/libxcb-render.so.0.0.0
7fe146945000-7fe146947000 r-xp 00000000 08:06 1577566                    /usr/lib/x86_64-linux-gnu/libxcb-shm.so.0.0.0
7fe146947000-7fe146b46000 ---p 00002000 08:06 1577566                    /usr/lib/x86_64-linux-gnu/libxcb-shm.so.0.0.0
7fe146b46000-7fe146b47000 r--p 00001000 08:06 1577566                    /usr/lib/x86_64-linux-gnu/libxcb-shm.so.0.0.0
7fe146b47000-7fe146b48000 rw-p 00002000 08:06 1577566                    /usr/lib/x86_64-linux-gnu/libxcb-shm.so.0.0.0
7fe146b48000-7fe146b6d000 r-xp 00000000 08:06 1444013                    /lib/x86_64-linux-gnu/libpng12.so.0.49.0
7fe146b6d000-7fe146d6c000 ---p 00025000 08:06 1444013                    /lib/x86_64-linux-gnu/libpng12.so.0.49.0
7fe146d6c000-7fe146d6d000 r--p 00024000 08:06 1444013                    /lib/x86_64-linux-gnu/libpng12.so.0.49.0
7fe146d6d000-7fe146d6e000 rw-p 00025000 08:06 1444013                    /lib/x86_64-linux-gnu/libpng12.so.0.49.0
7fe146d6e000-7fe146dfe000 r-xp 00000000 08:06 1576836                    /usr/lib/x86_64-linux-gnu/libpixman-1.so.0.28.2
7fe146dfe000-7fe146ffd000 ---p 00090000 08:06 1576836                    /usr/lib/x86_64-linux-gnu/libpixman-1.so.0.28.2
7fe146ffd000-7fe147004000 r--p 0008f000 08:06 1576836                    /usr/lib/x86_64-linux-gnu/libpixman-1.so.0.28.2
7fe147004000-7fe147005000 rw-p 00096000 08:06 1576836                    /usr/lib/x86_64-linux-gnu/libpixman-1.so.0.28.2
7fe147005000-7fe14709c000 r-xp 00000000 08:06 1588666                    /usr/lib/x86_64-linux-gnu/libfreetype.so.6.10.0
7fe14709c000-7fe14729b000 ---p 00097000 08:06 1588666                    /usr/lib/x86_64-linux-gnu/libfreetype.so.6.10.0
7fe14729b000-7fe1472a1000 r--p 00096000 08:06 1588666                    /usr/lib/x86_64-linux-gnu/libfreetype.so.6.10.0
7fe1472a1000-7fe1472a2000 rw-p 0009c000 08:06 1588666                    /usr/lib/x86_64-linux-gnu/libfreetype.so.6.10.0
7fe1472a2000-7fe1472a4000 r-xp 00000000 08:06 1576673                    /usr/lib/x86_64-linux-gnu/libXdamage.so.1.1.0
7fe1472a4000-7fe1474a3000 ---p 00002000 08:06 1576673                    /usr/lib/x86_64-linux-gnu/libXdamage.so.1.1.0
7fe1474a3000-7fe1474a4000 r--p 00001000 08:06 1576673                    /usr/lib/x86_64-linux-gnu/libXdamage.so.1.1.0
7fe1474a4000-7fe1474a5000 rw-p 00002000 08:06 1576673                    /usr/lib/x86_64-linux-gnu/libXdamage.so.1.1.0
7fe1474a5000-7fe1474a7000 r-xp 00000000 08:06 1576669                    /usr/lib/x86_64-linux-gnu/libXcomposite.so.1.0.0
7fe1474a7000-7fe1476a6000 ---p 00002000 08:06 1576669                    /usr/lib/x86_64-linux-gnu/libXcomposite.so.1.0.0
7fe1476a6000-7fe1476a7000 r--p 00001000 08:06 1576669                    /usr/lib/x86_64-linux-gnu/libXcomposite.so.1.0.0
7fe1476a7000-7fe1476a8000 rw-p 00002000 08:06 1576669                    /usr/lib/x86_64-linux-gnu/libXcomposite.so.1.0.0
7fe1476a8000-7fe1476b1000 r-xp 00000000 08:06 1576696                    /usr/lib/x86_64-linux-gnu/libXrandr.so.2.2.0
7fe1476b1000-7fe1478b0000 ---p 00009000 08:06 1576696                    /usr/lib/x86_64-linux-gnu/libXrandr.so.2.2.0
7fe1478b0000-7fe1478b1000 r--p 00008000 08:06 1576696                    /usr/lib/x86_64-linux-gnu/libXrandr.so.2.2.0
7fe1478b1000-7fe1478b2000 rw-p 00009000 08:06 1576696                    /usr/lib/x86_64-linux-gnu/libXrandr.so.2.2.0
7fe1478b2000-7fe1478b4000 r-xp 00000000 08:06 1589193                    /usr/lib/x86_64-linux-gnu/libXinerama.so.1.0.0
7fe1478b4000-7fe147ab3000 ---p 00002000 08:06 1589193                    /usr/lib/x86_64-linux-gnu/libXinerama.so.1.0.0
7fe147ab3000-7fe147ab4000 r--p 00001000 08:06 1589193                    /usr/lib/x86_64-linux-gnu/libXinerama.so.1.0.0
7fe147ab4000-7fe147ab5000 rw-p 00002000 08:06 1589193                    /usr/lib/x86_64-linux-gnu/libXinerama.so.1.0.0
7fe147ab5000-7fe147bae000 r-xp 00000000 08:06 1439005                    /lib/x86_64-linux-gnu/libglib-2.0.so.0.3600.0
7fe147bae000-7fe147dae000 ---p 000f9000 08:06 1439005                    /lib/x86_64-linux-gnu/libglib-2.0.so.0.3600.0
7fe147dae000-7fe147daf000 r--p 000f9000 08:06 1439005                    /lib/x86_64-linux-gnu/libglib-2.0.so.0.3600.0
7fe147daf000-7fe147db0000 rw-p 000fa000 08:06 1439005                    /lib/x86_64-linux-gnu/libglib-2.0.so.0.3600.0
7fe147db0000-7fe147db1000 rw-p 00000000 00:00 0 
7fe147db1000-7fe147dfe000 r-xp 00000000 08:06 1583219                    /usr/lib/x86_64-linux-gnu/libgobject-2.0.so.0.3600.0
7fe147dfe000-7fe147ffe000 ---p 0004d000 08:06 1583219                    /usr/lib/x86_64-linux-gnu/libgobject-2.0.so.0.3600.0
7fe147ffe000-7fe147fff000 r--p 0004d000 08:06 1583219                    /usr/lib/x86_64-linux-gnu/libgobject-2.0.so.0.3600.0
7fe147fff000-7fe148000000 rw-p 0004e000 08:06 1583219                    /usr/lib/x86_64-linux-gnu/libgobject-2.0.so.0.3600.0
7fe148000000-7fe148021000 rw-p 00000000 00:00 0 
7fe148021000-7fe14c000000 ---p 00000000 00:00 0 
7fe14c000000-7fe14c021000 rw-p 00000000 00:00 0 
7fe14c021000-7fe150000000 ---p 00000000 00:00 0 
7fe150000000-7fe150021000 rw-p 00000000 00:00 0 
7fe150021000-7fe154000000 ---p 00000000 00:00 0 
7fe154000000-7fe154021000 rw-p 00000000 00:00 0 
7fe154021000-7fe158000000 ---p 00000000 00:00 0 
7fe158000000-7fe158386000 rw-p 00000000 00:00 0 
7fe158386000-7fe15c000000 ---p 00000000 00:00 0 
7fe15c000000-7fe15c021000 rw-p 00000000 00:00 0 
7fe15c021000-7fe160000000 ---p 00000000 00:00 0 
7fe160000000-7fe160021000 rw-p 00000000 00:00 0 
7fe160021000-7fe164000000 ---p 00000000 00:00 0 
7fe164000000-7fe1643c4000 rw-p 00000000 00:00 0 
7fe1643c4000-7fe168000000 ---p 00000000 00:00 0 
7fe168000000-7fe168021000 rw-p 00000000 00:00 0 
7fe168021000-7fe16c000000 ---p 00000000 00:00 0 
7fe16c000000-7fe16c021000 rw-p 00000000 00:00 0 
7fe16c021000-7fe170000000 ---p 00000000 00:00 0 
7fe170000000-7fe170021000 rw-p 00000000 00:00 0 
7fe170021000-7fe174000000 ---p 00000000 00:00 0 
7fe17407c000-7fe17407d000 rw-p 00000000 00:00 0 
7fe17407d000-7fe174081000 r--s 0008a000 08:06 808112                     /opt/jdk1.7.0_40/jre/lib/jsse.jar
7fe174081000-7fe174082000 r--s 00000000 08:06 1053794                    /var/cache/fontconfig/c05880de57d1f5e948fdfacc138775d9-le64.cache-3
7fe174082000-7fe17408b000 r--s 00000000 08:06 1047940                    /var/cache/fontconfig/945677eb7aeaf62f1d50efc3fb3ec7d8-le64.cache-3
7fe17408b000-7fe17408d000 r--s 00000000 08:06 1067182                    /var/cache/fontconfig/99e8ed0e538f840c565b6ed5dad60d56-le64.cache-3
7fe17408d000-7fe174095000 r--s 00000000 08:06 1061074                    /var/cache/fontconfig/a6d8cf8e4ec09cdbc8633c31745a07dd-le64.cache-3
7fe174095000-7fe17409a000 r--s 00000000 08:06 1053745                    /var/cache/fontconfig/2cd17615ca594fa2959ae173292e504c-le64.cache-3
7fe17409a000-7fe17409b000 r--s 00000000 08:06 1053712                    /var/cache/fontconfig/e7071f4a29fa870f4323321c154eba04-le64.cache-3
7fe17409b000-7fe1740a0000 r--s 00000000 08:06 1067128                    /var/cache/fontconfig/6eb3985aa4124903f6ff08ba781cd364-le64.cache-3
7fe1740a0000-7fe1740a1000 r--s 00000000 08:06 1053678                    /var/cache/fontconfig/0d8c3b2ac0904cb8a57a757ad11a4a08-le64.cache-3
7fe1740a1000-7fe1740a7000 r--s 00000000 08:06 1053674                    /var/cache/fontconfig/a755afe4a08bf5b97852ceb7400b47bc-le64.cache-3
7fe1740a7000-7fe1740b0000 r--s 00000000 08:06 1053673                    /var/cache/fontconfig/6d41288fd70b0be22e8c3a91e032eec0-le64.cache-3
7fe1740b0000-7fe1740c0000 r--s 00000000 08:06 1061032                    /var/cache/fontconfig/04aabc0a78ac019cf9454389977116d2-le64.cache-3
7fe1740c0000-7fe1740c1000 r--s 00000000 08:06 1053597                    /var/cache/fontconfig/1ac9eb803944fde146138c791f5cc56a-le64.cache-3
7fe1740c1000-7fe1740c4000 r--s 00000000 08:06 1075604                    /var/cache/fontconfig/385c0604a188198f04d133e54aba7fe7-le64.cache-3
7fe1740c4000-7fe1740c5000 r--s 00000000 08:06 1053594                    /var/cache/fontconfig/dc05db6664285cc2f12bf69c139ae4c3-le64.cache-3
7fe1740c5000-7fe1740c7000 r--s 00000000 08:06 1053561                    /var/cache/fontconfig/767a8244fc0220cfb567a839d0392e0b-le64.cache-3
7fe1740c7000-7fe1740c8000 r--s 00000000 08:06 1053977                    /var/cache/fontconfig/4794a0821666d79190d59a36cb4f44b5-le64.cache-3
7fe1740c8000-7fe1740cb000 r--s 00000000 08:06 1075602                    /var/cache/fontconfig/8801497958630a81b71ace7c5f9b32a8-le64.cache-3
7fe1740cb000-7fe1740f9000 r--s 00000000 08:06 1053337                    /var/cache/fontconfig/365b55f210c0a22e9a19e35191240f32-le64.cache-3
7fe1740f9000-7fe1740fe000 r--s 00000000 08:06 1053336                    /var/cache/fontconfig/3047814df9a2f067bd2d96a2b9c36e5a-le64.cache-3
7fe1740fe000-7fe174103000 r--s 00000000 08:06 1075592                    /var/cache/fontconfig/b47c4e1ecd0709278f4910c18777a504-le64.cache-3
7fe174103000-7fe17410b000 r--s 00000000 08:06 1075590                    /var/cache/fontconfig/52f7bdb7ce746bfd7eaa1985bd9cfa93-le64.cache-3
7fe17410b000-7fe17411c000 r--s 00000000 08:06 1047914                    /var/cache/fontconfig/d52a8644073d54c13679302ca1180695-le64.cache-3
7fe17411c000-7fe174123000 r--s 00000000 08:06 1075528                    /var/cache/fontconfig/3f7329c5293ffd510edef78f73874cfd-le64.cache-3
7fe174123000-7fe17412e000 r--s 00000000 08:06 1069871                    /var/cache/fontconfig/e13b20fdb08344e0e664864cc2ede53d-le64.cache-3
7fe17412e000-7fe174146000 r--s 00000000 08:06 1050891                    /var/cache/fontconfig/467c019e582ee353435ea5c21d137ef6-le64.cache-3
7fe174146000-7fe17417d000 r-xp 00000000 08:06 1588798                    /usr/lib/x86_64-linux-gnu/libfontconfig.so.1.6.2
7fe17417d000-7fe17437d000 ---p 00037000 08:06 1588798                    /usr/lib/x86_64-linux-gnu/libfontconfig.so.1.6.2
7fe17437d000-7fe17437e000 r--p 00037000 08:06 1588798                    /usr/lib/x86_64-linux-gnu/libfontconfig.so.1.6.2
7fe17437e000-7fe17437f000 rw-p 00038000 08:06 1588798                    /usr/lib/x86_64-linux-gnu/libfontconfig.so.1.6.2
7fe17437f000-7fe174380000 rw-p 00000000 00:00 0 
7fe174380000-7fe1743c8000 r-xp 00000000 08:06 1573616                    /usr/lib/x86_64-linux-gnu/libpango-1.0.so.0.3200.5
7fe1743c8000-7fe1745c8000 ---p 00048000 08:06 1573616                    /usr/lib/x86_64-linux-gnu/libpango-1.0.so.0.3200.5
7fe1745c8000-7fe1745ca000 r--p 00048000 08:06 1573616                    /usr/lib/x86_64-linux-gnu/libpango-1.0.so.0.3200.5
7fe1745ca000-7fe1745cb000 rw-p 0004a000 08:06 1573616                    /usr/lib/x86_64-linux-gnu/libpango-1.0.so.0.3200.5
7fe1745cb000-7fe1745de000 r-xp 00000000 08:06 1574229                    /usr/lib/x86_64-linux-gnu/libpangoft2-1.0.so.0.3200.5
7fe1745de000-7fe1747dd000 ---p 00013000 08:06 1574229                    /usr/lib/x86_64-linux-gnu/libpangoft2-1.0.so.0.3200.5
7fe1747dd000-7fe1747de000 r--p 00012000 08:06 1574229                    /usr/lib/x86_64-linux-gnu/libpangoft2-1.0.so.0.3200.5
7fe1747de000-7fe1747df000 rw-p 00013000 08:06 1574229                    /usr/lib/x86_64-linux-gnu/libpangoft2-1.0.so.0.3200.5
7fe1747df000-7fe174932000 r-xp 00000000 08:06 1583221                    /usr/lib/x86_64-linux-gnu/libgio-2.0.so.0.3600.0
7fe174932000-7fe174b31000 ---p 00153000 08:06 1583221                    /usr/lib/x86_64-linux-gnu/libgio-2.0.so.0.3600.0
7fe174b31000-7fe174b35000 r--p 00152000 08:06 1583221                    /usr/lib/x86_64-linux-gnu/libgio-2.0.so.0.3600.0
7fe174b35000-7fe174b37000 rw-p 00156000 08:06 1583221                    /usr/lib/x86_64-linux-gnu/libgio-2.0.so.0.3600.0
7fe174b37000-7fe174b39000 rw-p 00000000 00:00 0 
7fe174b39000-7fe174b57000 r-xp 00000000 08:06 1577051                    /usr/lib/x86_64-linux-gnu/libgdk_pixbuf-2.0.so.0.2800.0
7fe174b57000-7fe174d57000 ---p 0001e000 08:06 1577051                    /usr/lib/x86_64-linux-gnu/libgdk_pixbuf-2.0.so.0.2800.0
7fe174d57000-7fe174d58000 r--p 0001e000 08:06 1577051                    /usr/lib/x86_64-linux-gnu/libgdk_pixbuf-2.0.so.0.2800.0
7fe174d58000-7fe174d59000 rw-p 0001f000 08:06 1577051                    /usr/lib/x86_64-linux-gnu/libgdk_pixbuf-2.0.so.0.2800.0
7fe174d59000-7fe174e57000 r-xp 00000000 08:06 1577570                    /usr/lib/x86_64-linux-gnu/libcairo.so.2.11200.14
7fe174e57000-7fe175057000 ---p 000fe000 08:06 1577570                    /usr/lib/x86_64-linux-gnu/libcairo.so.2.11200.14
7fe175057000-7fe17505a000 r--p 000fe000 08:06 1577570                    /usr/lib/x86_64-linux-gnu/libcairo.so.2.11200.14
7fe17505a000-7fe17505b000 rw-p 00101000 08:06 1577570                    /usr/lib/x86_64-linux-gnu/libcairo.so.2.11200.14
7fe17505b000-7fe17505d000 rw-p 00000000 00:00 0 
7fe17505d000-7fe17507d000 r-xp 00000000 08:06 1578006                    /usr/lib/x86_64-linux-gnu/libatk-1.0.so.0.20809.1
7fe17507d000-7fe17527c000 ---p 00020000 08:06 1578006                    /usr/lib/x86_64-linux-gnu/libatk-1.0.so.0.20809.1
7fe17527c000-7fe17527e000 r--p 0001f000 08:06 1578006                    /usr/lib/x86_64-linux-gnu/libatk-1.0.so.0.20809.1
7fe17527e000-7fe17527f000 rw-p 00021000 08:06 1578006                    /usr/lib/x86_64-linux-gnu/libatk-1.0.so.0.20809.1
7fe17527f000-7fe17528a000 r-xp 00000000 08:06 1574118                    /usr/lib/x86_64-linux-gnu/libpangocairo-1.0.so.0.3200.5
7fe17528a000-7fe17548a000 ---p 0000b000 08:06 1574118                    /usr/lib/x86_64-linux-gnu/libpangocairo-1.0.so.0.3200.5
7fe17548a000-7fe17548b000 r--p 0000b000 08:06 1574118                    /usr/lib/x86_64-linux-gnu/libpangocairo-1.0.so.0.3200.5
7fe17548b000-7fe17548c000 rw-p 0000c000 08:06 1574118                    /usr/lib/x86_64-linux-gnu/libpangocairo-1.0.so.0.3200.5
7fe17548c000-7fe17548f000 r-xp 00000000 08:06 1574315                    /usr/lib/x86_64-linux-gnu/libgmodule-2.0.so.0.3600.0
7fe17548f000-7fe17568e000 ---p 00003000 08:06 1574315                    /usr/lib/x86_64-linux-gnu/libgmodule-2.0.so.0.3600.0
7fe17568e000-7fe17568f000 r--p 00002000 08:06 1574315                    /usr/lib/x86_64-linux-gnu/libgmodule-2.0.so.0.3600.0
7fe17568f000-7fe175690000 rw-p 00003000 08:06 1574315                    /usr/lib/x86_64-linux-gnu/libgmodule-2.0.so.0.3600.0
7fe175690000-7fe17573d000 r-xp 00000000 08:06 1575650                    /usr/lib/x86_64-linux-gnu/libgdk-x11-2.0.so.0.2400.17
7fe17573d000-7fe17593c000 ---p 000ad000 08:06 1575650                    /usr/lib/x86_64-linux-gnu/libgdk-x11-2.0.so.0.2400.17
7fe17593c000-7fe175940000 r--p 000ac000 08:06 1575650                    /usr/lib/x86_64-linux-gnu/libgdk-x11-2.0.so.0.2400.17
7fe175940000-7fe175942000 rw-p 000b0000 08:06 1575650                    /usr/lib/x86_64-linux-gnu/libgdk-x11-2.0.so.0.2400.17
7fe175942000-7fe175d6f000 r-xp 00000000 08:06 1575651                    /usr/lib/x86_64-linux-gnu/libgtk-x11-2.0.so.0.2400.17
7fe175d6f000-7fe175f6e000 ---p 0042d000 08:06 1575651                    /usr/lib/x86_64-linux-gnu/libgtk-x11-2.0.so.0.2400.17
7fe175f6e000-7fe175f75000 r--p 0042c000 08:06 1575651                    /usr/lib/x86_64-linux-gnu/libgtk-x11-2.0.so.0.2400.17
7fe175f75000-7fe175f79000 rw-p 00433000 08:06 1575651                    /usr/lib/x86_64-linux-gnu/libgtk-x11-2.0.so.0.2400.17
7fe175f79000-7fe175f7b000 rw-p 00000000 00:00 0 
7fe175f7b000-7fe175f7e000 ---p 00000000 00:00 0 
7fe175f7e000-7fe17607c000 rw-p 00000000 00:00 0                          [stack:14430]
7fe17607c000-7fe176081000 r-xp 00000000 08:06 1576676                    /usr/lib/x86_64-linux-gnu/libXfixes.so.3.1.0
7fe176081000-7fe176280000 ---p 00005000 08:06 1576676                    /usr/lib/x86_64-linux-gnu/libXfixes.so.3.1.0
7fe176280000-7fe176281000 r--p 00004000 08:06 1576676                    /usr/lib/x86_64-linux-gnu/libXfixes.so.3.1.0
7fe176281000-7fe176282000 rw-p 00005000 08:06 1576676                    /usr/lib/x86_64-linux-gnu/libXfixes.so.3.1.0
7fe176282000-7fe17628b000 r-xp 00000000 08:06 1589189                    /usr/lib/x86_64-linux-gnu/libXcursor.so.1.0.2
7fe17628b000-7fe17648b000 ---p 00009000 08:06 1589189                    /usr/lib/x86_64-linux-gnu/libXcursor.so.1.0.2
7fe17648b000-7fe17648c000 r--p 00009000 08:06 1589189                    /usr/lib/x86_64-linux-gnu/libXcursor.so.1.0.2
7fe17648c000-7fe17648d000 rw-p 0000a000 08:06 1589189                    /usr/lib/x86_64-linux-gnu/libXcursor.so.1.0.2
7fe17648d000-7fe176490000 ---p 00000000 00:00 0 
7fe176490000-7fe17658e000 rw-p 00000000 00:00 0                          [stack:14429]
7fe17658e000-7fe176593000 r-xp 00000000 08:06 1576675                    /usr/lib/x86_64-linux-gnu/libXdmcp.so.6.0.0
7fe176593000-7fe176792000 ---p 00005000 08:06 1576675                    /usr/lib/x86_64-linux-gnu/libXdmcp.so.6.0.0
7fe176792000-7fe176793000 r--p 00004000 08:06 1576675                    /usr/lib/x86_64-linux-gnu/libXdmcp.so.6.0.0
7fe176793000-7fe176794000 rw-p 00005000 08:06 1576675                    /usr/lib/x86_64-linux-gnu/libXdmcp.so.6.0.0
7fe176794000-7fe176796000 r-xp 00000000 08:06 1576664                    /usr/lib/x86_64-linux-gnu/libXau.so.6.0.0
7fe176796000-7fe176996000 ---p 00002000 08:06 1576664                    /usr/lib/x86_64-linux-gnu/libXau.so.6.0.0
7fe176996000-7fe176997000 r--p 00002000 08:06 1576664                    /usr/lib/x86_64-linux-gnu/libXau.so.6.0.0
7fe176997000-7fe176998000 rw-p 00003000 08:06 1576664                    /usr/lib/x86_64-linux-gnu/libXau.so.6.0.0
7fe176998000-7fe1769b5000 r-xp 00000000 08:06 1592280                    /usr/lib/x86_64-linux-gnu/libxcb.so.1.1.0
7fe1769b5000-7fe176bb4000 ---p 0001d000 08:06 1592280                    /usr/lib/x86_64-linux-gnu/libxcb.so.1.1.0
7fe176bb4000-7fe176bb5000 r--p 0001c000 08:06 1592280                    /usr/lib/x86_64-linux-gnu/libxcb.so.1.1.0
7fe176bb5000-7fe176bb6000 rw-p 0001d000 08:06 1592280                    /usr/lib/x86_64-linux-gnu/libxcb.so.1.1.0
7fe176bb6000-7fe176bc4000 r-xp 00000000 08:06 1588670                    /usr/lib/x86_64-linux-gnu/libXi.so.6.1.0
7fe176bc4000-7fe176dc4000 ---p 0000e000 08:06 1588670                    /usr/lib/x86_64-linux-gnu/libXi.so.6.1.0
7fe176dc4000-7fe176dc5000 r--p 0000e000 08:06 1588670                    /usr/lib/x86_64-linux-gnu/libXi.so.6.1.0
7fe176dc5000-7fe176dc6000 rw-p 0000f000 08:06 1588670                    /usr/lib/x86_64-linux-gnu/libXi.so.6.1.0
7fe176dc6000-7fe176dcb000 r-xp 00000000 08:06 1576700                    /usr/lib/x86_64-linux-gnu/libXtst.so.6.1.0
7fe176dcb000-7fe176fca000 ---p 00005000 08:06 1576700                    /usr/lib/x86_64-linux-gnu/libXtst.so.6.1.0
7fe176fca000-7fe176fcb000 r--p 00004000 08:06 1576700                    /usr/lib/x86_64-linux-gnu/libXtst.so.6.1.0
7fe176fcb000-7fe176fcc000 rw-p 00005000 08:06 1576700                    /usr/lib/x86_64-linux-gnu/libXtst.so.6.1.0
7fe176fcc000-7fe176fd5000 r-xp 00000000 08:06 1588806                    /usr/lib/x86_64-linux-gnu/libXrender.so.1.3.0
7fe176fd5000-7fe1771d4000 ---p 00009000 08:06 1588806                    /usr/lib/x86_64-linux-gnu/libXrender.so.1.3.0
7fe1771d4000-7fe1771d5000 r--p 00008000 08:06 1588806                    /usr/lib/x86_64-linux-gnu/libXrender.so.1.3.0
7fe1771d5000-7fe1771d6000 rw-p 00009000 08:06 1588806                    /usr/lib/x86_64-linux-gnu/libXrender.so.1.3.0
7fe1771d6000-7fe17730a000 r-xp 00000000 08:06 1592302                    /usr/lib/x86_64-linux-gnu/libX11.so.6.3.0
7fe17730a000-7fe17750a000 ---p 00134000 08:06 1592302                    /usr/lib/x86_64-linux-gnu/libX11.so.6.3.0
7fe17750a000-7fe17750b000 r--p 00134000 08:06 1592302                    /usr/lib/x86_64-linux-gnu/libX11.so.6.3.0
7fe17750b000-7fe177510000 rw-p 00135000 08:06 1592302                    /usr/lib/x86_64-linux-gnu/libX11.so.6.3.0
7fe177510000-7fe177521000 r-xp 00000000 08:06 1588768                    /usr/lib/x86_64-linux-gnu/libXext.so.6.4.0
7fe177521000-7fe177720000 ---p 00011000 08:06 1588768                    /usr/lib/x86_64-linux-gnu/libXext.so.6.4.0
7fe177720000-7fe177721000 r--p 00010000 08:06 1588768                    /usr/lib/x86_64-linux-gnu/libXext.so.6.4.0
7fe177721000-7fe177722000 rw-p 00011000 08:06 1588768                    /usr/lib/x86_64-linux-gnu/libXext.so.6.4.0
7fe177722000-7fe177772000 r-xp 00000000 08:06 807954                     /opt/jdk1.7.0_40/jre/lib/amd64/xawt/libmawt.so
7fe177772000-7fe177972000 ---p 00050000 08:06 807954                     /opt/jdk1.7.0_40/jre/lib/amd64/xawt/libmawt.so
7fe177972000-7fe177976000 rw-p 00050000 08:06 807954                     /opt/jdk1.7.0_40/jre/lib/amd64/xawt/libmawt.so
7fe177976000-7fe177977000 rw-p 00000000 00:00 0 
7fe177977000-7fe177a19000 r-xp 00000000 08:06 807934                     /opt/jdk1.7.0_40/jre/lib/amd64/libawt.so
7fe177a19000-7fe177c19000 ---p 000a2000 08:06 807934                     /opt/jdk1.7.0_40/jre/lib/amd64/libawt.so
7fe177c19000-7fe177c25000 rw-p 000a2000 08:06 807934                     /opt/jdk1.7.0_40/jre/lib/amd64/libawt.so
7fe177c25000-7fe177c49000 rw-p 00000000 00:00 0 
7fe177c49000-7fe177c4c000 ---p 00000000 00:00 0 
7fe177c4c000-7fe177d4a000 rw-p 00000000 00:00 0                          [stack:14428]
7fe177d4a000-7fe177d5f000 r-xp 00000000 08:06 807930                     /opt/jdk1.7.0_40/jre/lib/amd64/libnet.so
7fe177d5f000-7fe177f5f000 ---p 00015000 08:06 807930                     /opt/jdk1.7.0_40/jre/lib/amd64/libnet.so
7fe177f5f000-7fe177f60000 rw-p 00015000 08:06 807930                     /opt/jdk1.7.0_40/jre/lib/amd64/libnet.so
7fe177f60000-7fe17c000000 rw-p 00000000 00:00 0 
7fe17c000000-7fe17c021000 rw-p 00000000 00:00 0 
7fe17c021000-7fe180000000 ---p 00000000 00:00 0 
7fe180000000-7fe180021000 rw-p 00000000 00:00 0 
7fe180021000-7fe184000000 ---p 00000000 00:00 0 
7fe184000000-7fe184021000 rw-p 00000000 00:00 0 
7fe184021000-7fe188000000 ---p 00000000 00:00 0 
7fe188000000-7fe188021000 rw-p 00000000 00:00 0 
7fe188021000-7fe18c000000 ---p 00000000 00:00 0 
7fe18c000000-7fe18c004000 r--s 00000000 08:06 1067110                    /var/cache/fontconfig/7ef2298fde41cc6eeb7af42e48b7d293-le64.cache-3
7fe18c004000-7fe18c02f000 r--p 00000000 08:06 269725                     /usr/share/locale-langpack/fr/LC_MESSAGES/gtk20-properties.mo
7fe18c02f000-7fe18c03e000 r--p 00000000 08:06 269596                     /usr/share/locale-langpack/fr/LC_MESSAGES/gtk20.mo
7fe18c03e000-7fe18c06f000 rw-p 00000000 00:00 0 
7fe18c06f000-7fe18c070000 r--s 00000000 08:06 1053315                    /var/cache/fontconfig/56cf4f4769d0f4abc89a4895d7bd3ae1-le64.cache-3
7fe18c070000-7fe18c071000 r--s 00000000 08:06 1053314                    /var/cache/fontconfig/b9d506c9ac06c20b433354fa67a72993-le64.cache-3
7fe18c071000-7fe18c072000 r--s 00000000 08:06 1053065                    /var/cache/fontconfig/0c9eb80ebd1c36541ebe2852d3bb0c49-le64.cache-3
7fe18c072000-7fe18c073000 r--s 00000000 08:06 1051590                    /var/cache/fontconfig/e0aa53bcfa504e64f87823c16bc01eb6-le64.cache-3
7fe18c073000-7fe18c077000 r--s 000f7000 08:06 806136                     /opt/jdk1.7.0_40/jre/lib/ext/localedata.jar
7fe18c077000-7fe18c07e000 r--s 00000000 08:06 156933                     /usr/lib/x86_64-linux-gnu/gconv/gconv-modules.cache
7fe18c07e000-7fe18c0a4000 r--p 00000000 08:06 269792                     /usr/share/locale-langpack/fr/LC_MESSAGES/libc.mo
7fe18c0a4000-7fe18c0a7000 ---p 00000000 00:00 0 
7fe18c0a7000-7fe18c1a5000 rw-p 00000000 00:00 0                          [stack:14426]
7fe18c1a5000-7fe18c1a6000 r-xp 00000000 08:06 1603096                    /opt/DEV/idea-IU-129.239/bin/libbreakgen64.so
7fe18c1a6000-7fe18c3a5000 ---p 00001000 08:06 1603096                    /opt/DEV/idea-IU-129.239/bin/libbreakgen64.so
7fe18c3a5000-7fe18c3a6000 r--p 00000000 08:06 1603096                    /opt/DEV/idea-IU-129.239/bin/libbreakgen64.so
7fe18c3a6000-7fe18c3a7000 rw-p 00001000 08:06 1603096                    /opt/DEV/idea-IU-129.239/bin/libbreakgen64.so
7fe18c3a7000-7fe18c3a9000 r--s 00013000 08:06 1576783                    /opt/DEV/idea-IU-129.239/lib/idea_rt.jar
7fe18c3a9000-7fe18c3be000 r--s 00116000 08:07 6422996                    /home/cchampeau/.gradle/caches/artifacts-23/filestore/org.apache.ivy/ivy/2.3.0/jar/c5ebf1c253ad4959a29f4acfe696ee48cdd9f473/ivy-2.3.0.jar
7fe18c3be000-7fe18c3c0000 r--s 00009000 08:07 6164964                    /home/cchampeau/.gradle/caches/artifacts-23/filestore/commons-cli/commons-cli/1.2/jar/2bf96b7aa8b611c177d329452af1dc933e14501c/commons-cli-1.2.jar
7fe18c3c0000-7fe18c3c2000 r--s 00008000 08:07 6423005                    /home/cchampeau/.gradle/caches/artifacts-23/filestore/org.ow2.asm/asm-commons/4.0/jar/a839ec6737d2b5ba7d1878e1a596b8f58aa545d9/asm-commons-4.0.jar
7fe18c3c2000-7fe18c3c7000 r--s 00068000 08:07 5768789                    /home/cchampeau/.gradle/caches/artifacts-23/filestore/antlr/antlr/2.7.7/jar/83cd2cd674a217ade95a4bb83a8a14f351f48bd0/antlr-2.7.7.jar
7fe18c3c7000-7fe18c3c9000 r--s 00008000 08:07 6423008                    /home/cchampeau/.gradle/caches/artifacts-23/filestore/org.ow2.asm/asm-util/4.0/jar/d7a65f54cda284f9706a750c23d64830bb740c39/asm-util-4.0.jar
7fe18c3c9000-7fe18c3cb000 r--s 0000a000 08:07 6422631                    /home/cchampeau/.gradle/caches/artifacts-23/filestore/org.ow2.asm/asm/4.0/jar/659add6efc75a4715d738e73f07505246edf4d66/asm-4.0.jar
7fe18c3cb000-7fe18c3ce000 r--s 00030000 08:07 6161266                    /home/cchampeau/.gradle/caches/artifacts-23/filestore/jline/jline/2.10/jar/c37aa94c22a420c7aba5ec39058c3bcc404dac8e/jline-2.10.jar
7fe18c3ce000-7fe18c3eb000 r--s 0013b000 08:07 5768780                    /home/cchampeau/.gradle/caches/artifacts-23/filestore/org.codehaus.gpars/gpars/1.0.0/jar/3c163b890382e0ca8ffe22e96fae2dc896af9b1f/gpars-1.0.0.jar
7fe18c3eb000-7fe18c429000 r--s 00308000 08:07 1454780                    /home/cchampeau/DEV/PROJECTS/GITHUB/groovy-core/target/libs/groovy-2.2.0-SNAPSHOT.jar
7fe18c429000-7fe18c42a000 ---p 00000000 00:00 0 
7fe18c42a000-7fe18c52a000 rw-p 00000000 00:00 0                          [stack:14425]
7fe18c52a000-7fe18c52d000 ---p 00000000 00:00 0 
7fe18c52d000-7fe18c62b000 rw-p 00000000 00:00 0                          [stack:14424]
7fe18c62b000-7fe18c62e000 ---p 00000000 00:00 0 
7fe18c62e000-7fe18c72c000 rw-p 00000000 00:00 0                          [stack:14423]
7fe18c72c000-7fe18c72f000 ---p 00000000 00:00 0 
7fe18c72f000-7fe18c82d000 rw-p 00000000 00:00 0                          [stack:14422]
7fe18c82d000-7fe18c830000 ---p 00000000 00:00 0 
7fe18c830000-7fe18c92e000 rw-p 00000000 00:00 0                          [stack:14421]
7fe18c92e000-7fe18cbfc000 r--p 00000000 08:06 1571905                    /usr/lib/locale/locale-archive
7fe18cbfc000-7fe18cbff000 ---p 00000000 00:00 0 
7fe18cbff000-7fe18ccfd000 rw-p 00000000 00:00 0                          [stack:14419]
7fe18ccfd000-7fe18cd00000 ---p 00000000 00:00 0 
7fe18cd00000-7fe18cdfe000 rw-p 00000000 00:00 0                          [stack:14418]
7fe18cdfe000-7fe18cdff000 ---p 00000000 00:00 0 
7fe18cdff000-7fe18d000000 rw-p 00000000 00:00 0                          [stack:14417]
7fe18d000000-7fe18d270000 rwxp 00000000 00:00 0 
7fe18d270000-7fe190da4000 rw-p 00000000 00:00 0 
7fe190da4000-7fe194000000 ---p 00000000 00:00 0 
7fe194000000-7fe194001000 r--s 0000e000 08:07 5768786                    /home/cchampeau/.gradle/caches/artifacts-23/filestore/org.codehaus.jsr166-mirror/jsr166y/1.7.0/jar/8547fcb1c29b4f8c745c3f49a536aca58fc30f54/jsr166y-1.7.0.jar
7fe194001000-7fe194002000 r--s 00004000 08:07 6423002                    /home/cchampeau/.gradle/caches/artifacts-23/filestore/org.ow2.asm/asm-analysis/4.0/jar/1c45d52b6f6c638db13cf3ac12adeb56b254cdd7/asm-analysis-4.0.jar
7fe194002000-7fe194004000 r--s 00004000 08:07 6422999                    /home/cchampeau/.gradle/caches/artifacts-23/filestore/org.ow2.asm/asm-tree/4.0/jar/67bd266cd17adcee486b76952ece4cc85fe248b8/asm-tree-4.0.jar
7fe194004000-7fe194005000 r--s 00001000 08:07 6161915                    /home/cchampeau/.gradle/caches/artifacts-23/filestore/xmlpull/xmlpull/1.1.3.1/jar/2b8e230d2ab644e4ecaa94db7cdedbc40c805dfa/xmlpull-1.1.3.1.jar
7fe194005000-7fe194007000 r--s 00019000 08:07 5508587                    /home/cchampeau/.gradle/caches/artifacts-15/filestore/org.fusesource.jansi/jansi/1.6/jar/100c1cd7b6b97f10af26c1443a7a0cd5ae5e92ad/jansi-1.6.jar
7fe194007000-7fe194013000 r--s 0006a000 08:07 5508581                    /home/cchampeau/.gradle/caches/artifacts-15/filestore/com.thoughtworks.xstream/xstream/1.4.2/jar/97e5013f391487cce4de6b0eebcde21549e91872/xstream-1.4.2.jar
7fe194013000-7fe194017000 r--s 0008a000 08:06 808112                     /opt/jdk1.7.0_40/jre/lib/jsse.jar
7fe194017000-7fe19401c000 r--s 0007d000 08:06 808101                     /opt/jdk1.7.0_40/jre/lib/jfr.jar
7fe19401c000-7fe194026000 r--s 00371000 08:06 806147                     /opt/jdk1.7.0_40/jre/lib/charsets.jar
7fe194026000-7fe1940b4000 r--s 00dd8000 08:06 808111                     /opt/jdk1.7.0_40/jre/lib/jfxrt.jar
7fe1940b4000-7fe1940c7000 r--s 000d3000 08:06 806171                     /opt/jdk1.7.0_40/jre/lib/plugin.jar
7fe1940c7000-7fe194fc5000 rw-p 00000000 00:00 0 
7fe194fc5000-7fe195181000 r--s 039b0000 08:06 808099                     /opt/jdk1.7.0_40/jre/lib/rt.jar
7fe195181000-7fe1956ad000 rw-p 00000000 00:00 0 
7fe1956ad000-7fe1956ae000 ---p 00000000 00:00 0 
7fe1956ae000-7fe1957ae000 rw-p 00000000 00:00 0                          [stack:14416]
7fe1957ae000-7fe1957af000 ---p 00000000 00:00 0 
7fe1957af000-7fe1958af000 rw-p 00000000 00:00 0                          [stack:14415]
7fe1958af000-7fe1958b0000 ---p 00000000 00:00 0 
7fe1958b0000-7fe1959b0000 rw-p 00000000 00:00 0                          [stack:14414]
7fe1959b0000-7fe1959b1000 ---p 00000000 00:00 0 
7fe1959b1000-7fe195abc000 rw-p 00000000 00:00 0                          [stack:14413]
7fe195abc000-7fe195ada000 rw-p 00000000 00:00 0 
7fe195ada000-7fe195b04000 rw-p 00000000 00:00 0 
7fe195b04000-7fe195d70000 rw-p 00000000 00:00 0 
7fe195d70000-7fe195d7b000 rw-p 00000000 00:00 0 
7fe195d7b000-7fe195d99000 rw-p 00000000 00:00 0 
7fe195d99000-7fe195dc3000 rw-p 00000000 00:00 0 
7fe195dc3000-7fe19602f000 rw-p 00000000 00:00 0 
7fe19602f000-7fe196044000 rw-p 00000000 00:00 0 
7fe196044000-7fe19617a000 rw-p 00000000 00:00 0 
7fe19617a000-7fe19617b000 rw-p 00000000 00:00 0 
7fe19617b000-7fe196195000 r-xp 00000000 08:06 807984                     /opt/jdk1.7.0_40/jre/lib/amd64/libzip.so
7fe196195000-7fe196395000 ---p 0001a000 08:06 807984                     /opt/jdk1.7.0_40/jre/lib/amd64/libzip.so
7fe196395000-7fe196396000 rw-p 0001a000 08:06 807984                     /opt/jdk1.7.0_40/jre/lib/amd64/libzip.so
7fe196396000-7fe1963a2000 r-xp 00000000 08:06 1444640                    /lib/x86_64-linux-gnu/libnss_files-2.17.so
7fe1963a2000-7fe1965a1000 ---p 0000c000 08:06 1444640                    /lib/x86_64-linux-gnu/libnss_files-2.17.so
7fe1965a1000-7fe1965a2000 r--p 0000b000 08:06 1444640                    /lib/x86_64-linux-gnu/libnss_files-2.17.so
7fe1965a2000-7fe1965a3000 rw-p 0000c000 08:06 1444640                    /lib/x86_64-linux-gnu/libnss_files-2.17.so
7fe1965a3000-7fe1965ae000 r-xp 00000000 08:06 1444624                    /lib/x86_64-linux-gnu/libnss_nis-2.17.so
7fe1965ae000-7fe1967ad000 ---p 0000b000 08:06 1444624                    /lib/x86_64-linux-gnu/libnss_nis-2.17.so
7fe1967ad000-7fe1967ae000 r--p 0000a000 08:06 1444624                    /lib/x86_64-linux-gnu/libnss_nis-2.17.so
7fe1967ae000-7fe1967af000 rw-p 0000b000 08:06 1444624                    /lib/x86_64-linux-gnu/libnss_nis-2.17.so
7fe1967af000-7fe1967c6000 r-xp 00000000 08:06 1442846                    /lib/x86_64-linux-gnu/libnsl-2.17.so
7fe1967c6000-7fe1969c5000 ---p 00017000 08:06 1442846                    /lib/x86_64-linux-gnu/libnsl-2.17.so
7fe1969c5000-7fe1969c6000 r--p 00016000 08:06 1442846                    /lib/x86_64-linux-gnu/libnsl-2.17.so
7fe1969c6000-7fe1969c7000 rw-p 00017000 08:06 1442846                    /lib/x86_64-linux-gnu/libnsl-2.17.so
7fe1969c7000-7fe1969c9000 rw-p 00000000 00:00 0 
7fe1969c9000-7fe1969d1000 r-xp 00000000 08:06 1442975                    /lib/x86_64-linux-gnu/libnss_compat-2.17.so
7fe1969d1000-7fe196bd0000 ---p 00008000 08:06 1442975                    /lib/x86_64-linux-gnu/libnss_compat-2.17.so
7fe196bd0000-7fe196bd1000 r--p 00007000 08:06 1442975                    /lib/x86_64-linux-gnu/libnss_compat-2.17.so
7fe196bd1000-7fe196bd2000 rw-p 00008000 08:06 1442975                    /lib/x86_64-linux-gnu/libnss_compat-2.17.so
7fe196bd2000-7fe196bfb000 r-xp 00000000 08:06 807967                     /opt/jdk1.7.0_40/jre/lib/amd64/libjava.so
7fe196bfb000-7fe196dfb000 ---p 00029000 08:06 807967                     /opt/jdk1.7.0_40/jre/lib/amd64/libjava.so
7fe196dfb000-7fe196dfd000 rw-p 00029000 08:06 807967                     /opt/jdk1.7.0_40/jre/lib/amd64/libjava.so
7fe196dfd000-7fe196e0a000 r-xp 00000000 08:06 807929                     /opt/jdk1.7.0_40/jre/lib/amd64/libverify.so
7fe196e0a000-7fe197009000 ---p 0000d000 08:06 807929                     /opt/jdk1.7.0_40/jre/lib/amd64/libverify.so
7fe197009000-7fe19700b000 rw-p 0000c000 08:06 807929                     /opt/jdk1.7.0_40/jre/lib/amd64/libverify.so
7fe19700b000-7fe197012000 r-xp 00000000 08:06 1442839                    /lib/x86_64-linux-gnu/librt-2.17.so
7fe197012000-7fe197211000 ---p 00007000 08:06 1442839                    /lib/x86_64-linux-gnu/librt-2.17.so
7fe197211000-7fe197212000 r--p 00006000 08:06 1442839                    /lib/x86_64-linux-gnu/librt-2.17.so
7fe197212000-7fe197213000 rw-p 00007000 08:06 1442839                    /lib/x86_64-linux-gnu/librt-2.17.so
7fe197213000-7fe197316000 r-xp 00000000 08:06 1444615                    /lib/x86_64-linux-gnu/libm-2.17.so
7fe197316000-7fe197516000 ---p 00103000 08:06 1444615                    /lib/x86_64-linux-gnu/libm-2.17.so
7fe197516000-7fe197517000 r--p 00103000 08:06 1444615                    /lib/x86_64-linux-gnu/libm-2.17.so
7fe197517000-7fe197518000 rw-p 00104000 08:06 1444615                    /lib/x86_64-linux-gnu/libm-2.17.so
7fe197518000-7fe198071000 r-xp 00000000 08:06 807943                     /opt/jdk1.7.0_40/jre/lib/amd64/server/libjvm.so
7fe198071000-7fe198270000 ---p 00b59000 08:06 807943                     /opt/jdk1.7.0_40/jre/lib/amd64/server/libjvm.so
7fe198270000-7fe198334000 rw-p 00b58000 08:06 807943                     /opt/jdk1.7.0_40/jre/lib/amd64/server/libjvm.so
7fe198334000-7fe198374000 rw-p 00000000 00:00 0 
7fe198374000-7fe198532000 r-xp 00000000 08:06 1442930                    /lib/x86_64-linux-gnu/libc-2.17.so
7fe198532000-7fe198731000 ---p 001be000 08:06 1442930                    /lib/x86_64-linux-gnu/libc-2.17.so
7fe198731000-7fe198735000 r--p 001bd000 08:06 1442930                    /lib/x86_64-linux-gnu/libc-2.17.so
7fe198735000-7fe198737000 rw-p 001c1000 08:06 1442930                    /lib/x86_64-linux-gnu/libc-2.17.so
7fe198737000-7fe19873c000 rw-p 00000000 00:00 0 
7fe19873c000-7fe19873f000 r-xp 00000000 08:06 1442957                    /lib/x86_64-linux-gnu/libdl-2.17.so
7fe19873f000-7fe19893e000 ---p 00003000 08:06 1442957                    /lib/x86_64-linux-gnu/libdl-2.17.so
7fe19893e000-7fe19893f000 r--p 00002000 08:06 1442957                    /lib/x86_64-linux-gnu/libdl-2.17.so
7fe19893f000-7fe198940000 rw-p 00003000 08:06 1442957                    /lib/x86_64-linux-gnu/libdl-2.17.so
7fe198940000-7fe198956000 r-xp 00000000 08:06 807958                     /opt/jdk1.7.0_40/jre/lib/amd64/jli/libjli.so
7fe198956000-7fe198b56000 ---p 00016000 08:06 807958                     /opt/jdk1.7.0_40/jre/lib/amd64/jli/libjli.so
7fe198b56000-7fe198b57000 rw-p 00016000 08:06 807958                     /opt/jdk1.7.0_40/jre/lib/amd64/jli/libjli.so
7fe198b57000-7fe198b6f000 r-xp 00000000 08:06 1444611                    /lib/x86_64-linux-gnu/libpthread-2.17.so
7fe198b6f000-7fe198d6e000 ---p 00018000 08:06 1444611                    /lib/x86_64-linux-gnu/libpthread-2.17.so
7fe198d6e000-7fe198d6f000 r--p 00017000 08:06 1444611                    /lib/x86_64-linux-gnu/libpthread-2.17.so
7fe198d6f000-7fe198d70000 rw-p 00018000 08:06 1444611                    /lib/x86_64-linux-gnu/libpthread-2.17.so
7fe198d70000-7fe198d74000 rw-p 00000000 00:00 0 
7fe198d74000-7fe198d97000 r-xp 00000000 08:06 1442876                    /lib/x86_64-linux-gnu/ld-2.17.so
7fe198d97000-7fe198d99000 r--s 00019000 08:06 806149                     /opt/jdk1.7.0_40/jre/lib/jce.jar
7fe198d99000-7fe198db1000 r--s 001c5000 08:06 806132                     /opt/jdk1.7.0_40/jre/lib/deploy.jar
7fe198db1000-7fe198dbb000 rw-p 00000000 00:00 0 
7fe198dbb000-7fe198e71000 rw-p 00000000 00:00 0 
7fe198e71000-7fe198e74000 ---p 00000000 00:00 0 
7fe198e74000-7fe198f76000 rw-p 00000000 00:00 0                          [stack:14412]
7fe198f76000-7fe198f77000 r--s 00000000 08:06 806167                     /opt/jdk1.7.0_40/jre/lib/management-agent.jar
7fe198f77000-7fe198f81000 r--s 00066000 08:06 807992                     /opt/jdk1.7.0_40/jre/lib/javaws.jar
7fe198f81000-7fe198f8a000 r--s 00250000 08:06 808042                     /opt/jdk1.7.0_40/jre/lib/resources.jar
7fe198f8a000-7fe198f92000 rw-s 00000000 08:06 808185                     /tmp/hsperfdata_cchampeau/14410
7fe198f92000-7fe198f93000 rw-p 00000000 00:00 0 
7fe198f93000-7fe198f94000 r--p 00000000 00:00 0 
7fe198f94000-7fe198f96000 rw-p 00000000 00:00 0 
7fe198f96000-7fe198f97000 r--p 00022000 08:06 1442876                    /lib/x86_64-linux-gnu/ld-2.17.so
7fe198f97000-7fe198f99000 rw-p 00023000 08:06 1442876                    /lib/x86_64-linux-gnu/ld-2.17.so
7fff68dc1000-7fff68de3000 rw-p 00000000 00:00 0                          [stack]
7fff68dfe000-7fff68e00000 r-xp 00000000 00:00 0                          [vdso]
ffffffffff600000-ffffffffff601000 r-xp 00000000 00:00 0                  [vsyscall]

VM Arguments:
jvm_args: -XX:+UnlockDiagnosticVMOptions -XX:+PrintCompilation -XX:+PrintInlining -Didea.launcher.port=7532 -Didea.launcher.bin.path=/opt/DEV/idea-IU-129.239/bin -Dfile.encoding=UTF-8 
java_command: com.intellij.rt.execution.application.AppMain groovy.ui.Console
Launcher Type: SUN_STANDARD

Environment Variables:
CLASSPATH=/opt/DEV/idea12/bin/../lib/bootstrap.jar:/opt/DEV/idea12/bin/../lib/extensions.jar:/opt/DEV/idea12/bin/../lib/util.jar:/opt/DEV/idea12/bin/../lib/jdom.jar:/opt/DEV/idea12/bin/../lib/log4j.jar:/opt/DEV/idea12/bin/../lib/trove4j.jar:/opt/DEV/idea12/bin/../lib/jna.jar:/usr/lib/jvm/java-7-openjdk-amd64/lib/tools.jar
PATH=/home/cchampeau/bin:/usr/local/sbin:/usr/local/bin:/usr/sbin:/usr/bin:/sbin:/bin:/usr/games:/usr/local/games
USERNAME=cchampeau
LD_LIBRARY_PATH=/opt/DEV/idea12/bin:
SHELL=/bin/bash
DISPLAY=:0.0

Signal Handlers:
SIGSEGV: [libjvm.so+0x98b260], sa_mask[0]=0x7ffbfeff, sa_flags=0x10000004
SIGBUS: [libjvm.so+0x98b260], sa_mask[0]=0x7ffbfeff, sa_flags=0x10000004
SIGFPE: [libjvm.so+0x808990], sa_mask[0]=0x7ffbfeff, sa_flags=0x10000004
SIGPIPE: SIG_IGN, sa_mask[0]=0x00001000, sa_flags=0x10000000
SIGXFSZ: [libjvm.so+0x808990], sa_mask[0]=0x7ffbfeff, sa_flags=0x10000004
SIGILL: [libjvm.so+0x808990], sa_mask[0]=0x7ffbfeff, sa_flags=0x10000004
SIGUSR1: SIG_DFL, sa_mask[0]=0x00000000, sa_flags=0x00000000
SIGUSR2: [libjvm.so+0x809eb0], sa_mask[0]=0x00000004, sa_flags=0x10000004
SIGHUP: [libjvm.so+0x80ae10], sa_mask[0]=0x7ffbfeff, sa_flags=0x10000004
SIGINT: [libjvm.so+0x80ae10], sa_mask[0]=0x7ffbfeff, sa_flags=0x10000004
SIGTERM: [libjvm.so+0x80ae10], sa_mask[0]=0x7ffbfeff, sa_flags=0x10000004
SIGQUIT: [libjvm.so+0x80ae10], sa_mask[0]=0x7ffbfeff, sa_flags=0x10000004


---------------  S Y S T E M  ---------------

OS:wheezy/sid

uname:Linux 3.8.0-22-generic #33-Ubuntu SMP Thu May 16 15:17:14 UTC 2013 x86_64
libc:glibc 2.17 NPTL 2.17 
rlimit: STACK 8192k, CORE 0k, NPROC 63399, NOFILE 4096, AS infinity
load average:0,68 0,61 0,60

/proc/meminfo:
MemTotal:        8134204 kB
MemFree:          500116 kB
Buffers:           98604 kB
Cached:          3536972 kB
SwapCached:        12080 kB
Active:          4339208 kB
Inactive:        2909536 kB
Active(anon):    2707488 kB
Inactive(anon):   944876 kB
Active(file):    1631720 kB
Inactive(file):  1964660 kB
Unevictable:         196 kB
Mlocked:             196 kB
SwapTotal:       3998716 kB
SwapFree:        3929684 kB
Dirty:               700 kB
Writeback:             0 kB
AnonPages:       3603884 kB
Mapped:           242492 kB
Shmem:             39192 kB
Slab:             201720 kB
SReclaimable:     159552 kB
SUnreclaim:        42168 kB
KernelStack:        5616 kB
PageTables:        57124 kB
NFS_Unstable:          0 kB
Bounce:                0 kB
WritebackTmp:          0 kB
CommitLimit:     8065816 kB
Committed_AS:    7930860 kB
VmallocTotal:   34359738367 kB
VmallocUsed:      118688 kB
VmallocChunk:   34359617020 kB
HardwareCorrupted:     0 kB
AnonHugePages:         0 kB
HugePages_Total:       0
HugePages_Free:        0
HugePages_Rsvd:        0
HugePages_Surp:        0
Hugepagesize:       2048 kB
DirectMap4k:      262144 kB
DirectMap2M:     8085504 kB


CPU:total 4 (2 cores per cpu, 2 threads per core) family 6 model 42 stepping 7, cmov, cx8, fxsr, mmx, sse, sse2, sse3, ssse3, sse4.1, sse4.2, popcnt, avx, aes, ht, tsc, tscinvbit

/proc/cpuinfo:
processor	: 0
vendor_id	: GenuineIntel
cpu family	: 6
model		: 42
model name	: Intel(R) Core(TM) i7-2620M CPU @ 2.70GHz
stepping	: 7
microcode	: 0x23
cpu MHz		: 800.000
cache size	: 4096 KB
physical id	: 0
siblings	: 4
core id		: 0
cpu cores	: 2
apicid		: 0
initial apicid	: 0
fpu		: yes
fpu_exception	: yes
cpuid level	: 13
wp		: yes
flags		: fpu vme de pse tsc msr pae mce cx8 apic sep mtrr pge mca cmov pat pse36 clflush dts acpi mmx fxsr sse sse2 ss ht tm pbe syscall nx rdtscp lm constant_tsc arch_perfmon pebs bts rep_good nopl xtopology nonstop_tsc aperfmperf eagerfpu pni pclmulqdq dtes64 monitor ds_cpl vmx smx est tm2 ssse3 cx16 xtpr pdcm pcid sse4_1 sse4_2 x2apic popcnt tsc_deadline_timer aes xsave avx lahf_lm ida arat epb xsaveopt pln pts dtherm tpr_shadow vnmi flexpriority ept vpid
bogomips	: 5387.93
clflush size	: 64
cache_alignment	: 64
address sizes	: 36 bits physical, 48 bits virtual
power management:

processor	: 1
vendor_id	: GenuineIntel
cpu family	: 6
model		: 42
model name	: Intel(R) Core(TM) i7-2620M CPU @ 2.70GHz
stepping	: 7
microcode	: 0x23
cpu MHz		: 2701.000
cache size	: 4096 KB
physical id	: 0
siblings	: 4
core id		: 1
cpu cores	: 2
apicid		: 2
initial apicid	: 2
fpu		: yes
fpu_exception	: yes
cpuid level	: 13
wp		: yes
flags		: fpu vme de pse tsc msr pae mce cx8 apic sep mtrr pge mca cmov pat pse36 clflush dts acpi mmx fxsr sse sse2 ss ht tm pbe syscall nx rdtscp lm constant_tsc arch_perfmon pebs bts rep_good nopl xtopology nonstop_tsc aperfmperf eagerfpu pni pclmulqdq dtes64 monitor ds_cpl vmx smx est tm2 ssse3 cx16 xtpr pdcm pcid sse4_1 sse4_2 x2apic popcnt tsc_deadline_timer aes xsave avx lahf_lm ida arat epb xsaveopt pln pts dtherm tpr_shadow vnmi flexpriority ept vpid
bogomips	: 5387.93
clflush size	: 64
cache_alignment	: 64
address sizes	: 36 bits physical, 48 bits virtual
power management:

processor	: 2
vendor_id	: GenuineIntel
cpu family	: 6
model		: 42
model name	: Intel(R) Core(TM) i7-2620M CPU @ 2.70GHz
stepping	: 7
microcode	: 0x23
cpu MHz		: 2701.000
cache size	: 4096 KB
physical id	: 0
siblings	: 4
core id		: 0
cpu cores	: 2
apicid		: 1
initial apicid	: 1
fpu		: yes
fpu_exception	: yes
cpuid level	: 13
wp		: yes
flags		: fpu vme de pse tsc msr pae mce cx8 apic sep mtrr pge mca cmov pat pse36 clflush dts acpi mmx fxsr sse sse2 ss ht tm pbe syscall nx rdtscp lm constant_tsc arch_perfmon pebs bts rep_good nopl xtopology nonstop_tsc aperfmperf eagerfpu pni pclmulqdq dtes64 monitor ds_cpl vmx smx est tm2 ssse3 cx16 xtpr pdcm pcid sse4_1 sse4_2 x2apic popcnt tsc_deadline_timer aes xsave avx lahf_lm ida arat epb xsaveopt pln pts dtherm tpr_shadow vnmi flexpriority ept vpid
bogomips	: 5387.93
clflush size	: 64
cache_alignment	: 64
address sizes	: 36 bits physical, 48 bits virtual
power management:

processor	: 3
vendor_id	: GenuineIntel
cpu family	: 6
model		: 42
model name	: Intel(R) Core(TM) i7-2620M CPU @ 2.70GHz
stepping	: 7
microcode	: 0x23
cpu MHz		: 800.000
cache size	: 4096 KB
physical id	: 0
siblings	: 4
core id		: 1
cpu cores	: 2
apicid		: 3
initial apicid	: 3
fpu		: yes
fpu_exception	: yes
cpuid level	: 13
wp		: yes
flags		: fpu vme de pse tsc msr pae mce cx8 apic sep mtrr pge mca cmov pat pse36 clflush dts acpi mmx fxsr sse sse2 ss ht tm pbe syscall nx rdtscp lm constant_tsc arch_perfmon pebs bts rep_good nopl xtopology nonstop_tsc aperfmperf eagerfpu pni pclmulqdq dtes64 monitor ds_cpl vmx smx est tm2 ssse3 cx16 xtpr pdcm pcid sse4_1 sse4_2 x2apic popcnt tsc_deadline_timer aes xsave avx lahf_lm ida arat epb xsaveopt pln pts dtherm tpr_shadow vnmi flexpriority ept vpid
bogomips	: 5387.93
clflush size	: 64
cache_alignment	: 64
address sizes	: 36 bits physical, 48 bits virtual
power management:



Memory: 4k page, physical 8134204k(500116k free), swap 3998716k(3929684k free)

vm_info: Java HotSpot(TM) 64-Bit Server VM (24.0-b48) for linux-amd64 JRE (1.7.0_40-ea-b29), built on Jun 13 2013 00:13:13 by "java_re" with gcc 4.3.0 20080428 (Red Hat 4.3.0-8)

time: Tue Jun 18 15:03:59 2013
elapsed time: 0 seconds

